#-----------------------------------------------------------
# Vivado v2020.2 (64-bit)
# SW Build 3064766 on Wed Nov 18 09:12:45 MST 2020
# IP Build 3064653 on Wed Nov 18 14:17:31 MST 2020
# Start of session at: Wed Jan 10 12:07:01 2024
# Process ID: 14712
# Current directory: K:/APP
# Command line: vivado.exe -gui_launcher_event rodinguilauncherevent7228 K:\APP\pb_APP_log_comb.xpr
# Log file: K:/APP/vivado.log
# Journal file: K:/APP\vivado.jou
#-----------------------------------------------------------
start_gui
open_project K:/APP/pb_APP_log_comb.xpr
WARNING: [filemgmt 56-3] Default IP Output Path : Could not find the directory 'K:/APP/pb_APP_log_comb.gen/sources_1'.
Scanning sources...
Finished scanning sources
INFO: [IP_Flow 19-234] Refreshing IP repositories
INFO: [IP_Flow 19-1704] No user IP repositories specified
INFO: [IP_Flow 19-2313] Loaded Vivado IP repository 'C:/Xilinx/Vivado/2020.2/data/ip'.
open_project: Time (s): cpu = 00:00:14 ; elapsed = 00:00:13 . Memory (MB): peak = 1075.688 ; gain = 0.000
close [ open K:/APP/pb_APP_log_comb.srcs/sources_1/new/inst_add.vhd w ]
add_files K:/APP/pb_APP_log_comb.srcs/sources_1/new/inst_add.vhd
WARNING: [filemgmt 56-199] Attempt to get parsing info during refresh. "On-the-fly" syntax checking information may be incorrect. [K:\APP\pb_APP_log_comb.srcs\sources_1\new\inst_add.vhd:]
WARNING: [filemgmt 56-199] Attempt to get parsing info during refresh. "On-the-fly" syntax checking information may be incorrect. [K:\APP\pb_APP_log_comb.srcs\sources_1\imports\src\AppCombi_top.vhd:]
ERROR: [Common 17-180] Spawn failed: No error
close [ open K:/APP/pb_APP_log_comb.srcs/sources_1/new/inst_add_4bits.vhd w ]
add_files K:/APP/pb_APP_log_comb.srcs/sources_1/new/inst_add_4bits.vhd
archive_project K:/pb_APP_log_comb.xpr.zip -temp_dir K:/APP/.Xil/Vivado-14712-gegi-3024-09win -force -include_local_ip_cache
INFO: [Coretcl 2-137] starting archive...
INFO: [Coretcl 2-1499] Saving project copy to temporary location 'K:/APP/.Xil/Vivado-14712-gegi-3024-09win' for archiving project
WARNING: [filemgmt 56-3] Default IP Output Path : Could not find the directory 'K:/APP/pb_APP_log_comb.gen/sources_1'.
Scanning sources...
Finished scanning sources
INFO: [Coretcl 2-1211] Creating project copy for archival...
INFO: [Coretcl 2-1213] Including run results for 'synth_1'
INFO: [Coretcl 2-1213] Including run results for 'impl_1'
INFO: [Coretcl 2-1209] Adding archive summary file to the project...
INFO: [Coretcl 2-1214] Preparing project files for archive...
INFO: [Coretcl 2-1210] Compressing project files and data...
INFO: [Coretcl 2-1215] Project archived (K:/pb_APP_log_comb.xpr.zip)
INFO: [Coretcl 2-1216] To view the archive summary log in GUI, double click on 'Design Sources->Text->archive_project_summary.txt', or open this file from the archived project directory.
launch_simulation
Command: launch_simulation 
INFO: [Vivado 12-5682] Launching behavioral simulation in 'K:/APP/pb_APP_log_comb.sim/sim_1/behav/xsim'
INFO: [SIM-utils-51] Simulation object is 'sim_1'
INFO: [SIM-utils-54] Inspecting design source files for 'AppCombi_top_tb' in fileset 'sim_1'...
INFO: [USF-XSim-97] Finding global include files...
INFO: [USF-XSim-100] Fetching design files from 'sources_1'...(this may take a while)...
INFO: [USF-XSim-101] Fetching design files from 'sim_1'...
INFO: [USF-XSim-2] XSim::Compile design
INFO: [USF-XSim-61] Executing 'COMPILE and ANALYZE' step in 'K:/APP/pb_APP_log_comb.sim/sim_1/behav/xsim'
"xvhdl --incr --relax -prj AppCombi_top_tb_vhdl.prj"
INFO: [VRFC 10-163] Analyzing VHDL file "K:/APP/pb_APP_log_comb.srcs/sources_1/imports/src/septSegments_encodeur.vhd" into library xil_defaultlib
INFO: [VRFC 10-3107] analyzing entity 'septSegments_encodeur'
INFO: [VRFC 10-163] Analyzing VHDL file "K:/APP/pb_APP_log_comb.srcs/sources_1/imports/src/septSegments_refreshPmod.vhd" into library xil_defaultlib
INFO: [VRFC 10-3107] analyzing entity 'septSegments_refreshPmod'
INFO: [VRFC 10-163] Analyzing VHDL file "K:/APP/pb_APP_log_comb.srcs/sources_1/imports/src/septSegments_Top.vhd" into library xil_defaultlib
INFO: [VRFC 10-3107] analyzing entity 'septSegments_Top'
INFO: [VRFC 10-163] Analyzing VHDL file "K:/APP/pb_APP_log_comb.srcs/sources_1/imports/src/synchro_module_v2.vhd" into library xil_defaultlib
INFO: [VRFC 10-3107] analyzing entity 'synchro_module_v2'
INFO: [VRFC 10-163] Analyzing VHDL file "K:/APP/pb_APP_log_comb.srcs/sources_1/imports/src/AppCombi_top.vhd" into library xil_defaultlib
INFO: [VRFC 10-3107] analyzing entity 'AppCombi_top'
ERROR: [VRFC 10-2989] 'additionneur_4bits' is not declared [K:/APP/pb_APP_log_comb.srcs/sources_1/imports/src/AppCombi_top.vhd:126]
ERROR: [VRFC 10-3353] formal port 'a2_3' has no actual or default value [K:/APP/pb_APP_log_comb.srcs/sources_1/imports/src/AppCombi_top.vhd:134]
ERROR: [VRFC 10-3353] formal port 'adcbin' has no actual or default value [K:/APP/pb_APP_log_comb.srcs/sources_1/imports/src/AppCombi_top.vhd:136]
ERROR: [VRFC 10-3353] formal port 's1' has no actual or default value [K:/APP/pb_APP_log_comb.srcs/sources_1/imports/src/AppCombi_top.vhd:138]
ERROR: [VRFC 10-3782] unit 'behavioral' ignored due to previous errors [K:/APP/pb_APP_log_comb.srcs/sources_1/imports/src/AppCombi_top.vhd:40]
INFO: [VRFC 10-3070] VHDL file 'K:/APP/pb_APP_log_comb.srcs/sources_1/imports/src/AppCombi_top.vhd' ignored due to errors
INFO: [USF-XSim-69] 'compile' step finished in '3' seconds
INFO: [USF-XSim-99] Step results log file:'K:/APP/pb_APP_log_comb.sim/sim_1/behav/xsim/xvhdl.log'
ERROR: [USF-XSim-62] 'compile' step failed with error(s). Please check the Tcl console output or 'K:/APP/pb_APP_log_comb.sim/sim_1/behav/xsim/xvhdl.log' file for more information.
ERROR: [Vivado 12-4473] Detected error while running simulation. Please correct the issue and retry this operation.
ERROR: [Common 17-39] 'launch_simulation' failed due to earlier errors.
launch_simulation
Command: launch_simulation 
INFO: [Vivado 12-5682] Launching behavioral simulation in 'K:/APP/pb_APP_log_comb.sim/sim_1/behav/xsim'
INFO: [SIM-utils-51] Simulation object is 'sim_1'
INFO: [SIM-utils-54] Inspecting design source files for 'AppCombi_top_tb' in fileset 'sim_1'...
INFO: [USF-XSim-97] Finding global include files...
INFO: [USF-XSim-100] Fetching design files from 'sources_1'...(this may take a while)...
INFO: [USF-XSim-101] Fetching design files from 'sim_1'...
INFO: [USF-XSim-2] XSim::Compile design
INFO: [USF-XSim-61] Executing 'COMPILE and ANALYZE' step in 'K:/APP/pb_APP_log_comb.sim/sim_1/behav/xsim'
"xvhdl --incr --relax -prj AppCombi_top_tb_vhdl.prj"
INFO: [VRFC 10-163] Analyzing VHDL file "K:/APP/pb_APP_log_comb.srcs/sources_1/imports/src/septSegments_encodeur.vhd" into library xil_defaultlib
INFO: [VRFC 10-3107] analyzing entity 'septSegments_encodeur'
INFO: [VRFC 10-163] Analyzing VHDL file "K:/APP/pb_APP_log_comb.srcs/sources_1/imports/src/septSegments_refreshPmod.vhd" into library xil_defaultlib
INFO: [VRFC 10-3107] analyzing entity 'septSegments_refreshPmod'
INFO: [VRFC 10-163] Analyzing VHDL file "K:/APP/pb_APP_log_comb.srcs/sources_1/imports/src/septSegments_Top.vhd" into library xil_defaultlib
INFO: [VRFC 10-3107] analyzing entity 'septSegments_Top'
INFO: [VRFC 10-163] Analyzing VHDL file "K:/APP/pb_APP_log_comb.srcs/sources_1/imports/src/synchro_module_v2.vhd" into library xil_defaultlib
INFO: [VRFC 10-3107] analyzing entity 'synchro_module_v2'
INFO: [VRFC 10-163] Analyzing VHDL file "K:/APP/pb_APP_log_comb.srcs/sources_1/imports/src/AppCombi_top.vhd" into library xil_defaultlib
INFO: [VRFC 10-3107] analyzing entity 'AppCombi_top'
ERROR: [VRFC 10-2989] 'additionneur_4bits' is not declared [K:/APP/pb_APP_log_comb.srcs/sources_1/imports/src/AppCombi_top.vhd:126]
ERROR: [VRFC 10-3353] formal port 'a2_3' has no actual or default value [K:/APP/pb_APP_log_comb.srcs/sources_1/imports/src/AppCombi_top.vhd:134]
ERROR: [VRFC 10-3353] formal port 'adcbin' has no actual or default value [K:/APP/pb_APP_log_comb.srcs/sources_1/imports/src/AppCombi_top.vhd:136]
ERROR: [VRFC 10-3353] formal port 's1' has no actual or default value [K:/APP/pb_APP_log_comb.srcs/sources_1/imports/src/AppCombi_top.vhd:138]
ERROR: [VRFC 10-3782] unit 'behavioral' ignored due to previous errors [K:/APP/pb_APP_log_comb.srcs/sources_1/imports/src/AppCombi_top.vhd:40]
INFO: [VRFC 10-3070] VHDL file 'K:/APP/pb_APP_log_comb.srcs/sources_1/imports/src/AppCombi_top.vhd' ignored due to errors
INFO: [USF-XSim-69] 'compile' step finished in '2' seconds
INFO: [USF-XSim-99] Step results log file:'K:/APP/pb_APP_log_comb.sim/sim_1/behav/xsim/xvhdl.log'
ERROR: [USF-XSim-62] 'compile' step failed with error(s). Please check the Tcl console output or 'K:/APP/pb_APP_log_comb.sim/sim_1/behav/xsim/xvhdl.log' file for more information.
ERROR: [Vivado 12-4473] Detected error while running simulation. Please correct the issue and retry this operation.
ERROR: [Common 17-39] 'launch_simulation' failed due to earlier errors.
launch_simulation
Command: launch_simulation 
INFO: [Vivado 12-5682] Launching behavioral simulation in 'K:/APP/pb_APP_log_comb.sim/sim_1/behav/xsim'
INFO: [SIM-utils-51] Simulation object is 'sim_1'
INFO: [SIM-utils-54] Inspecting design source files for 'AppCombi_top_tb' in fileset 'sim_1'...
INFO: [USF-XSim-97] Finding global include files...
INFO: [USF-XSim-100] Fetching design files from 'sources_1'...(this may take a while)...
INFO: [USF-XSim-101] Fetching design files from 'sim_1'...
INFO: [USF-XSim-2] XSim::Compile design
INFO: [USF-XSim-61] Executing 'COMPILE and ANALYZE' step in 'K:/APP/pb_APP_log_comb.sim/sim_1/behav/xsim'
"xvhdl --incr --relax -prj AppCombi_top_tb_vhdl.prj"
INFO: [VRFC 10-163] Analyzing VHDL file "K:/APP/pb_APP_log_comb.srcs/sources_1/imports/src/septSegments_encodeur.vhd" into library xil_defaultlib
INFO: [VRFC 10-3107] analyzing entity 'septSegments_encodeur'
INFO: [VRFC 10-163] Analyzing VHDL file "K:/APP/pb_APP_log_comb.srcs/sources_1/imports/src/septSegments_refreshPmod.vhd" into library xil_defaultlib
INFO: [VRFC 10-3107] analyzing entity 'septSegments_refreshPmod'
INFO: [VRFC 10-163] Analyzing VHDL file "K:/APP/pb_APP_log_comb.srcs/sources_1/imports/src/septSegments_Top.vhd" into library xil_defaultlib
INFO: [VRFC 10-3107] analyzing entity 'septSegments_Top'
INFO: [VRFC 10-163] Analyzing VHDL file "K:/APP/pb_APP_log_comb.srcs/sources_1/imports/src/synchro_module_v2.vhd" into library xil_defaultlib
INFO: [VRFC 10-3107] analyzing entity 'synchro_module_v2'
INFO: [VRFC 10-163] Analyzing VHDL file "K:/APP/pb_APP_log_comb.srcs/sources_1/imports/src/AppCombi_top.vhd" into library xil_defaultlib
INFO: [VRFC 10-3107] analyzing entity 'AppCombi_top'
INFO: [VRFC 10-163] Analyzing VHDL file "K:/APP/pb_APP_log_comb.srcs/sources_1/new/inst_deco.vhd" into library xil_defaultlib
INFO: [VRFC 10-3107] analyzing entity 'decodeur3_8'
INFO: [VRFC 10-163] Analyzing VHDL file "K:/APP/pb_APP_log_comb.srcs/sources_1/new/inst_2_3.vhd" into library xil_defaultlib
INFO: [VRFC 10-3107] analyzing entity 'Fct2_3'
INFO: [VRFC 10-163] Analyzing VHDL file "K:/APP/pb_APP_log_comb.srcs/sources_1/new/inst_parite.vhd" into library xil_defaultlib
INFO: [VRFC 10-3107] analyzing entity 'Parite'
INFO: [VRFC 10-163] Analyzing VHDL file "K:/APP/pb_APP_log_comb.srcs/sources_1/new/inst_MUX.vhd" into library xil_defaultlib
INFO: [VRFC 10-3107] analyzing entity 'MUX'
INFO: [VRFC 10-163] Analyzing VHDL file "K:/APP/pb_APP_log_comb.srcs/sources_1/new/inst_bin_ns.vhd" into library xil_defaultlib
INFO: [VRFC 10-3107] analyzing entity 'Bin2DualBCD_NS'
INFO: [VRFC 10-163] Analyzing VHDL file "K:/APP/pb_APP_log_comb.srcs/sources_1/new/inst_bin_s.vhd" into library xil_defaultlib
INFO: [VRFC 10-3107] analyzing entity 'Bin2DualBCD_S'
INFO: [VRFC 10-163] Analyzing VHDL file "K:/APP/pb_APP_log_comb.srcs/sources_1/new/inst_add.vhd" into library xil_defaultlib
INFO: [VRFC 10-3107] analyzing entity 'Add1bit'
INFO: [VRFC 10-163] Analyzing VHDL file "K:/APP/pb_APP_log_comb.srcs/sources_1/new/inst_add_4bits.vhd" into library xil_defaultlib
INFO: [VRFC 10-3107] analyzing entity 'Add4bits'
INFO: [VRFC 10-163] Analyzing VHDL file "K:/APP/pb_APP_log_comb.srcs/sim_1/imports/verif/AppCombi_top_tb.vhd" into library xil_defaultlib
INFO: [VRFC 10-3107] analyzing entity 'AppCombi_top_tb'
INFO: [USF-XSim-69] 'compile' step finished in '3' seconds
INFO: [USF-XSim-3] XSim::Elaborate design
INFO: [USF-XSim-61] Executing 'ELABORATE' step in 'K:/APP/pb_APP_log_comb.sim/sim_1/behav/xsim'
"xelab -wto 6e88f38826214958bd01804f64fad5de --incr --debug typical --relax --mt 2 -L xil_defaultlib -L secureip --snapshot AppCombi_top_tb_behav xil_defaultlib.AppCombi_top_tb -log elaborate.log"
Vivado Simulator 2020.2
Copyright 1986-1999, 2001-2020 Xilinx, Inc. All Rights Reserved.
Running: C:/Xilinx/Vivado/2020.2/bin/unwrapped/win64.o/xelab.exe -wto 6e88f38826214958bd01804f64fad5de --incr --debug typical --relax --mt 2 -L xil_defaultlib -L secureip --snapshot AppCombi_top_tb_behav xil_defaultlib.AppCombi_top_tb -log elaborate.log 
Using 2 slave threads.
Starting static elaboration
ERROR: [VRFC 10-3311] expression has 4 elements ; formal 'a_4' expects 5 [K:/APP/pb_APP_log_comb.srcs/sources_1/imports/src/AppCombi_top.vhd:127]
ERROR: [VRFC 10-3311] expression has 4 elements ; formal 'b_4' expects 5 [K:/APP/pb_APP_log_comb.srcs/sources_1/imports/src/AppCombi_top.vhd:128]
ERROR: [VRFC 10-3311] expression has 4 elements ; formal 'sum_4' expects 5 [K:/APP/pb_APP_log_comb.srcs/sources_1/imports/src/AppCombi_top.vhd:130]
ERROR: [XSIM 43-3321] Static elaboration of top level VHDL design unit appcombi_top_tb in library work failed.
INFO: [USF-XSim-69] 'elaborate' step finished in '3' seconds
INFO: [USF-XSim-99] Step results log file:'K:/APP/pb_APP_log_comb.sim/sim_1/behav/xsim/elaborate.log'
ERROR: [USF-XSim-62] 'elaborate' step failed with error(s). Please check the Tcl console output or 'K:/APP/pb_APP_log_comb.sim/sim_1/behav/xsim/elaborate.log' file for more information.
ERROR: [Vivado 12-4473] Detected error while running simulation. Please correct the issue and retry this operation.
launch_simulation: Time (s): cpu = 00:00:00 ; elapsed = 00:00:06 . Memory (MB): peak = 1122.074 ; gain = 0.000
ERROR: [Common 17-39] 'launch_simulation' failed due to earlier errors.
launch_simulation
Command: launch_simulation 
INFO: [Vivado 12-5682] Launching behavioral simulation in 'K:/APP/pb_APP_log_comb.sim/sim_1/behav/xsim'
INFO: [SIM-utils-51] Simulation object is 'sim_1'
INFO: [SIM-utils-54] Inspecting design source files for 'AppCombi_top_tb' in fileset 'sim_1'...
INFO: [USF-XSim-97] Finding global include files...
INFO: [USF-XSim-100] Fetching design files from 'sources_1'...(this may take a while)...
INFO: [USF-XSim-101] Fetching design files from 'sim_1'...
INFO: [USF-XSim-2] XSim::Compile design
INFO: [USF-XSim-61] Executing 'COMPILE and ANALYZE' step in 'K:/APP/pb_APP_log_comb.sim/sim_1/behav/xsim'
"xvhdl --incr --relax -prj AppCombi_top_tb_vhdl.prj"
INFO: [VRFC 10-163] Analyzing VHDL file "K:/APP/pb_APP_log_comb.srcs/sources_1/new/inst_add_4bits.vhd" into library xil_defaultlib
INFO: [VRFC 10-3107] analyzing entity 'Add4bits'
INFO: [USF-XSim-69] 'compile' step finished in '2' seconds
INFO: [USF-XSim-3] XSim::Elaborate design
INFO: [USF-XSim-61] Executing 'ELABORATE' step in 'K:/APP/pb_APP_log_comb.sim/sim_1/behav/xsim'
"xelab -wto 6e88f38826214958bd01804f64fad5de --incr --debug typical --relax --mt 2 -L xil_defaultlib -L secureip --snapshot AppCombi_top_tb_behav xil_defaultlib.AppCombi_top_tb -log elaborate.log"
Vivado Simulator 2020.2
Copyright 1986-1999, 2001-2020 Xilinx, Inc. All Rights Reserved.
Running: C:/Xilinx/Vivado/2020.2/bin/unwrapped/win64.o/xelab.exe -wto 6e88f38826214958bd01804f64fad5de --incr --debug typical --relax --mt 2 -L xil_defaultlib -L secureip --snapshot AppCombi_top_tb_behav xil_defaultlib.AppCombi_top_tb -log elaborate.log 
Using 2 slave threads.
Starting static elaboration
ERROR: [VRFC 10-3311] expression has 4 elements ; formal 'a_4' expects 5 [K:/APP/pb_APP_log_comb.srcs/sources_1/imports/src/AppCombi_top.vhd:127]
ERROR: [VRFC 10-3311] expression has 4 elements ; formal 'b_4' expects 5 [K:/APP/pb_APP_log_comb.srcs/sources_1/imports/src/AppCombi_top.vhd:128]
ERROR: [VRFC 10-3311] expression has 4 elements ; formal 'sum_4' expects 5 [K:/APP/pb_APP_log_comb.srcs/sources_1/imports/src/AppCombi_top.vhd:130]
ERROR: [XSIM 43-3321] Static elaboration of top level VHDL design unit appcombi_top_tb in library work failed.
INFO: [USF-XSim-69] 'elaborate' step finished in '3' seconds
INFO: [USF-XSim-99] Step results log file:'K:/APP/pb_APP_log_comb.sim/sim_1/behav/xsim/elaborate.log'
ERROR: [USF-XSim-62] 'elaborate' step failed with error(s). Please check the Tcl console output or 'K:/APP/pb_APP_log_comb.sim/sim_1/behav/xsim/elaborate.log' file for more information.
ERROR: [Vivado 12-4473] Detected error while running simulation. Please correct the issue and retry this operation.
launch_simulation: Time (s): cpu = 00:00:01 ; elapsed = 00:00:05 . Memory (MB): peak = 1122.074 ; gain = 0.000
ERROR: [Common 17-39] 'launch_simulation' failed due to earlier errors.
launch_simulation
Command: launch_simulation 
INFO: [Vivado 12-5682] Launching behavioral simulation in 'K:/APP/pb_APP_log_comb.sim/sim_1/behav/xsim'
INFO: [SIM-utils-51] Simulation object is 'sim_1'
INFO: [SIM-utils-54] Inspecting design source files for 'AppCombi_top_tb' in fileset 'sim_1'...
INFO: [USF-XSim-97] Finding global include files...
INFO: [USF-XSim-100] Fetching design files from 'sources_1'...(this may take a while)...
INFO: [USF-XSim-101] Fetching design files from 'sim_1'...
INFO: [USF-XSim-2] XSim::Compile design
INFO: [USF-XSim-61] Executing 'COMPILE and ANALYZE' step in 'K:/APP/pb_APP_log_comb.sim/sim_1/behav/xsim'
"xvhdl --incr --relax -prj AppCombi_top_tb_vhdl.prj"
INFO: [USF-XSim-69] 'compile' step finished in '2' seconds
INFO: [USF-XSim-3] XSim::Elaborate design
INFO: [USF-XSim-61] Executing 'ELABORATE' step in 'K:/APP/pb_APP_log_comb.sim/sim_1/behav/xsim'
"xelab -wto 6e88f38826214958bd01804f64fad5de --incr --debug typical --relax --mt 2 -L xil_defaultlib -L secureip --snapshot AppCombi_top_tb_behav xil_defaultlib.AppCombi_top_tb -log elaborate.log"
Vivado Simulator 2020.2
Copyright 1986-1999, 2001-2020 Xilinx, Inc. All Rights Reserved.
Running: C:/Xilinx/Vivado/2020.2/bin/unwrapped/win64.o/xelab.exe -wto 6e88f38826214958bd01804f64fad5de --incr --debug typical --relax --mt 2 -L xil_defaultlib -L secureip --snapshot AppCombi_top_tb_behav xil_defaultlib.AppCombi_top_tb -log elaborate.log 
Using 2 slave threads.
Starting static elaboration
ERROR: [VRFC 10-3311] expression has 4 elements ; formal 'a_4' expects 5 [K:/APP/pb_APP_log_comb.srcs/sources_1/imports/src/AppCombi_top.vhd:127]
ERROR: [VRFC 10-3311] expression has 4 elements ; formal 'b_4' expects 5 [K:/APP/pb_APP_log_comb.srcs/sources_1/imports/src/AppCombi_top.vhd:128]
ERROR: [VRFC 10-3311] expression has 4 elements ; formal 'sum_4' expects 5 [K:/APP/pb_APP_log_comb.srcs/sources_1/imports/src/AppCombi_top.vhd:130]
ERROR: [XSIM 43-3321] Static elaboration of top level VHDL design unit appcombi_top_tb in library work failed.
INFO: [USF-XSim-69] 'elaborate' step finished in '3' seconds
INFO: [USF-XSim-99] Step results log file:'K:/APP/pb_APP_log_comb.sim/sim_1/behav/xsim/elaborate.log'
ERROR: [USF-XSim-62] 'elaborate' step failed with error(s). Please check the Tcl console output or 'K:/APP/pb_APP_log_comb.sim/sim_1/behav/xsim/elaborate.log' file for more information.
ERROR: [Vivado 12-4473] Detected error while running simulation. Please correct the issue and retry this operation.
ERROR: [Common 17-39] 'launch_simulation' failed due to earlier errors.
launch_simulation
Command: launch_simulation 
INFO: [Vivado 12-5682] Launching behavioral simulation in 'K:/APP/pb_APP_log_comb.sim/sim_1/behav/xsim'
INFO: [SIM-utils-51] Simulation object is 'sim_1'
INFO: [SIM-utils-54] Inspecting design source files for 'AppCombi_top_tb' in fileset 'sim_1'...
INFO: [USF-XSim-97] Finding global include files...
INFO: [USF-XSim-100] Fetching design files from 'sources_1'...(this may take a while)...
INFO: [USF-XSim-101] Fetching design files from 'sim_1'...
INFO: [USF-XSim-2] XSim::Compile design
INFO: [USF-XSim-61] Executing 'COMPILE and ANALYZE' step in 'K:/APP/pb_APP_log_comb.sim/sim_1/behav/xsim'
"xvhdl --incr --relax -prj AppCombi_top_tb_vhdl.prj"
INFO: [VRFC 10-163] Analyzing VHDL file "K:/APP/pb_APP_log_comb.srcs/sources_1/imports/src/AppCombi_top.vhd" into library xil_defaultlib
INFO: [VRFC 10-3107] analyzing entity 'AppCombi_top'
INFO: [USF-XSim-69] 'compile' step finished in '3' seconds
INFO: [USF-XSim-3] XSim::Elaborate design
INFO: [USF-XSim-61] Executing 'ELABORATE' step in 'K:/APP/pb_APP_log_comb.sim/sim_1/behav/xsim'
"xelab -wto 6e88f38826214958bd01804f64fad5de --incr --debug typical --relax --mt 2 -L xil_defaultlib -L secureip --snapshot AppCombi_top_tb_behav xil_defaultlib.AppCombi_top_tb -log elaborate.log"
Vivado Simulator 2020.2
Copyright 1986-1999, 2001-2020 Xilinx, Inc. All Rights Reserved.
Running: C:/Xilinx/Vivado/2020.2/bin/unwrapped/win64.o/xelab.exe -wto 6e88f38826214958bd01804f64fad5de --incr --debug typical --relax --mt 2 -L xil_defaultlib -L secureip --snapshot AppCombi_top_tb_behav xil_defaultlib.AppCombi_top_tb -log elaborate.log 
Using 2 slave threads.
Starting static elaboration
Completed static elaboration
Starting simulation data flow analysis
Completed simulation data flow analysis
Time Resolution for simulation is 1ps
Compiling package std.standard
Compiling package std.textio
Compiling package ieee.std_logic_1164
Compiling package ieee.numeric_std
Compiling package ieee.std_logic_arith
Compiling package ieee.std_logic_unsigned
Compiling package unisim.vcomponents
Compiling architecture bufg_v of entity unisim.BUFG [bufg_default]
Compiling architecture behavioral of entity xil_defaultlib.synchro_module_v2 [\synchro_module_v2(const_clk_sys...]
Compiling architecture behavioral of entity xil_defaultlib.septSegments_encodeur [septsegments_encodeur_default]
Compiling architecture behavioral of entity xil_defaultlib.septSegments_refreshPmod [septsegments_refreshpmod_default]
Compiling architecture behavioral of entity xil_defaultlib.septSegments_Top [septsegments_top_default]
Compiling architecture behavioral of entity xil_defaultlib.Add1bit [add1bit_default]
Compiling architecture behavioral of entity xil_defaultlib.Add4bits [add4bits_default]
Compiling architecture behavioral of entity xil_defaultlib.AppCombi_top [appcombi_top_default]
Compiling architecture behavioral of entity xil_defaultlib.appcombi_top_tb
Built simulation snapshot AppCombi_top_tb_behav
INFO: [Common 17-41] Interrupt caught. Command should exit soon.
run_program: Time (s): cpu = 00:00:00 ; elapsed = 00:00:10 . Memory (MB): peak = 1127.391 ; gain = 0.000
INFO: [Common 17-344] 'run_program' was cancelled
INFO: [Vivado 12-5357] 'elaborate' step aborted
launch_simulation: Time (s): cpu = 00:00:00 ; elapsed = 00:00:13 . Memory (MB): peak = 1127.391 ; gain = 0.000
INFO: [Common 17-344] 'launch_simulation' was cancelled
archive_project K:/pb_APP_log_comb.xpr.zip -temp_dir K:/APP/.Xil/Vivado-14712-gegi-3024-09win -force -include_local_ip_cache
INFO: [Coretcl 2-137] starting archive...
INFO: [Coretcl 2-1499] Saving project copy to temporary location 'K:/APP/.Xil/Vivado-14712-gegi-3024-09win' for archiving project
WARNING: [filemgmt 56-3] Default IP Output Path : Could not find the directory 'K:/APP/pb_APP_log_comb.gen/sources_1'.
Scanning sources...
Finished scanning sources
INFO: [Coretcl 2-1211] Creating project copy for archival...
INFO: [Coretcl 2-1213] Including run results for 'synth_1'
INFO: [Coretcl 2-1213] Including run results for 'impl_1'
INFO: [Coretcl 2-1209] Adding archive summary file to the project...
INFO: [Coretcl 2-1214] Preparing project files for archive...
INFO: [Coretcl 2-1210] Compressing project files and data...
INFO: [Coretcl 2-1215] Project archived (K:/pb_APP_log_comb.xpr.zip)
INFO: [Coretcl 2-1216] To view the archive summary log in GUI, double click on 'Design Sources->Text->archive_project_summary.txt', or open this file from the archived project directory.
synth_design -rtl -rtl_skip_mlo -name rtl_1
Command: synth_design -rtl -rtl_skip_mlo -name rtl_1
Starting synth_design
Using part: xc7z010clg400-1
Top: AppCombi_top
INFO: [Device 21-403] Loading part xc7z010clg400-1
---------------------------------------------------------------------------------
Starting RTL Elaboration : Time (s): cpu = 00:00:05 ; elapsed = 00:00:04 . Memory (MB): peak = 1666.219 ; gain = 249.914
---------------------------------------------------------------------------------
INFO: [Synth 8-638] synthesizing module 'AppCombi_top' [K:/APP/pb_APP_log_comb.srcs/sources_1/imports/src/AppCombi_top.vhd:40]
	Parameter const_CLK_syst_MHz bound to: 125 - type: integer 
INFO: [Synth 8-3491] module 'synchro_module_v2' declared at 'K:/APP/pb_APP_log_comb.srcs/sources_1/imports/src/synchro_module_v2.vhd:40' bound to instance 'inst_synch' of component 'synchro_module_v2' [K:/APP/pb_APP_log_comb.srcs/sources_1/imports/src/AppCombi_top.vhd:106]
INFO: [Synth 8-638] synthesizing module 'synchro_module_v2' [K:/APP/pb_APP_log_comb.srcs/sources_1/imports/src/synchro_module_v2.vhd:49]
	Parameter const_CLK_syst_MHz bound to: 125 - type: integer 
INFO: [Synth 8-113] binding component instance 'ClockBuffer' to cell 'BUFG' [K:/APP/pb_APP_log_comb.srcs/sources_1/imports/src/synchro_module_v2.vhd:85]
INFO: [Synth 8-256] done synthesizing module 'synchro_module_v2' (1#1) [K:/APP/pb_APP_log_comb.srcs/sources_1/imports/src/synchro_module_v2.vhd:49]
INFO: [Synth 8-3491] module 'septSegments_Top' declared at 'K:/APP/pb_APP_log_comb.srcs/sources_1/imports/src/septSegments_Top.vhd:46' bound to instance 'inst_aff' of component 'septSegments_Top' [K:/APP/pb_APP_log_comb.srcs/sources_1/imports/src/AppCombi_top.vhd:114]
INFO: [Synth 8-638] synthesizing module 'septSegments_Top' [K:/APP/pb_APP_log_comb.srcs/sources_1/imports/src/septSegments_Top.vhd:56]
	Parameter const_CLK_MHz bound to: 100 - type: integer 
INFO: [Synth 8-3491] module 'septSegments_encodeur' declared at 'K:/APP/pb_APP_log_comb.srcs/sources_1/imports/src/septSegments_encodeur.vhd:44' bound to instance 'inst_segm_lsb' of component 'septSegments_encodeur' [K:/APP/pb_APP_log_comb.srcs/sources_1/imports/src/septSegments_Top.vhd:83]
INFO: [Synth 8-638] synthesizing module 'septSegments_encodeur' [K:/APP/pb_APP_log_comb.srcs/sources_1/imports/src/septSegments_encodeur.vhd:52]
INFO: [Synth 8-226] default block is never used [K:/APP/pb_APP_log_comb.srcs/sources_1/imports/src/septSegments_encodeur.vhd:93]
INFO: [Synth 8-256] done synthesizing module 'septSegments_encodeur' (2#1) [K:/APP/pb_APP_log_comb.srcs/sources_1/imports/src/septSegments_encodeur.vhd:52]
INFO: [Synth 8-3491] module 'septSegments_encodeur' declared at 'K:/APP/pb_APP_log_comb.srcs/sources_1/imports/src/septSegments_encodeur.vhd:44' bound to instance 'inst_segm_msb' of component 'septSegments_encodeur' [K:/APP/pb_APP_log_comb.srcs/sources_1/imports/src/septSegments_Top.vhd:90]
	Parameter const_CLK_MHz bound to: 100 - type: integer 
INFO: [Synth 8-3491] module 'septSegments_refreshPmod' declared at 'K:/APP/pb_APP_log_comb.srcs/sources_1/imports/src/septSegments_refreshPmod.vhd:19' bound to instance 'inst_refresh' of component 'septSegments_refreshPmod' [K:/APP/pb_APP_log_comb.srcs/sources_1/imports/src/septSegments_Top.vhd:97]
INFO: [Synth 8-638] synthesizing module 'septSegments_refreshPmod' [K:/APP/pb_APP_log_comb.srcs/sources_1/imports/src/septSegments_refreshPmod.vhd:29]
	Parameter const_CLK_MHz bound to: 100 - type: integer 
INFO: [Synth 8-256] done synthesizing module 'septSegments_refreshPmod' (3#1) [K:/APP/pb_APP_log_comb.srcs/sources_1/imports/src/septSegments_refreshPmod.vhd:29]
INFO: [Synth 8-256] done synthesizing module 'septSegments_Top' (4#1) [K:/APP/pb_APP_log_comb.srcs/sources_1/imports/src/septSegments_Top.vhd:56]
INFO: [Synth 8-3491] module 'Add4bits' declared at 'K:/APP/pb_APP_log_comb.srcs/sources_1/new/inst_add_4bits.vhd:34' bound to instance 'inst_add' of component 'Add4bits' [K:/APP/pb_APP_log_comb.srcs/sources_1/imports/src/AppCombi_top.vhd:126]
INFO: [Synth 8-638] synthesizing module 'Add4bits' [K:/APP/pb_APP_log_comb.srcs/sources_1/new/inst_add_4bits.vhd:42]
INFO: [Synth 8-3491] module 'Add1bit' declared at 'K:/APP/pb_APP_log_comb.srcs/sources_1/new/inst_add.vhd:34' bound to instance 'inst_addA' of component 'Add1bit' [K:/APP/pb_APP_log_comb.srcs/sources_1/new/inst_add_4bits.vhd:57]
INFO: [Synth 8-638] synthesizing module 'Add1bit' [K:/APP/pb_APP_log_comb.srcs/sources_1/new/inst_add.vhd:42]
INFO: [Synth 8-256] done synthesizing module 'Add1bit' (5#1) [K:/APP/pb_APP_log_comb.srcs/sources_1/new/inst_add.vhd:42]
INFO: [Synth 8-3491] module 'Add1bit' declared at 'K:/APP/pb_APP_log_comb.srcs/sources_1/new/inst_add.vhd:34' bound to instance 'inst_addB' of component 'Add1bit' [K:/APP/pb_APP_log_comb.srcs/sources_1/new/inst_add_4bits.vhd:66]
INFO: [Synth 8-3491] module 'Add1bit' declared at 'K:/APP/pb_APP_log_comb.srcs/sources_1/new/inst_add.vhd:34' bound to instance 'inst_addC' of component 'Add1bit' [K:/APP/pb_APP_log_comb.srcs/sources_1/new/inst_add_4bits.vhd:75]
INFO: [Synth 8-3491] module 'Add1bit' declared at 'K:/APP/pb_APP_log_comb.srcs/sources_1/new/inst_add.vhd:34' bound to instance 'inst_addD' of component 'Add1bit' [K:/APP/pb_APP_log_comb.srcs/sources_1/new/inst_add_4bits.vhd:84]
INFO: [Synth 8-256] done synthesizing module 'Add4bits' (6#1) [K:/APP/pb_APP_log_comb.srcs/sources_1/new/inst_add_4bits.vhd:42]
INFO: [Synth 8-256] done synthesizing module 'AppCombi_top' (7#1) [K:/APP/pb_APP_log_comb.srcs/sources_1/imports/src/AppCombi_top.vhd:40]
---------------------------------------------------------------------------------
Finished RTL Elaboration : Time (s): cpu = 00:00:06 ; elapsed = 00:00:06 . Memory (MB): peak = 1748.973 ; gain = 332.668
---------------------------------------------------------------------------------
---------------------------------------------------------------------------------
Start Handling Custom Attributes
---------------------------------------------------------------------------------
---------------------------------------------------------------------------------
Finished Handling Custom Attributes : Time (s): cpu = 00:00:06 ; elapsed = 00:00:06 . Memory (MB): peak = 1748.973 ; gain = 332.668
---------------------------------------------------------------------------------
---------------------------------------------------------------------------------
Finished RTL Optimization Phase 1 : Time (s): cpu = 00:00:06 ; elapsed = 00:00:06 . Memory (MB): peak = 1748.973 ; gain = 332.668
---------------------------------------------------------------------------------
Netlist sorting complete. Time (s): cpu = 00:00:00 ; elapsed = 00:00:00.002 . Memory (MB): peak = 1748.973 ; gain = 0.000
INFO: [Project 1-570] Preparing netlist for logic optimization

Processing XDC Constraints
Initializing timing engine
Parsing XDC File [K:/APP/pb_APP_log_comb.srcs/constrs_1/imports/contraintes/AppCombi_top.xdc]
Finished Parsing XDC File [K:/APP/pb_APP_log_comb.srcs/constrs_1/imports/contraintes/AppCombi_top.xdc]
Completed Processing XDC Constraints

Netlist sorting complete. Time (s): cpu = 00:00:00 ; elapsed = 00:00:00 . Memory (MB): peak = 1835.586 ; gain = 0.000
INFO: [Project 1-111] Unisim Transformation Summary:
No Unisim elements were transformed.

RTL Elaboration Complete:  : Time (s): cpu = 00:00:19 ; elapsed = 00:00:12 . Memory (MB): peak = 1935.441 ; gain = 519.137
29 Infos, 0 Warnings, 0 Critical Warnings and 0 Errors encountered.
synth_design completed successfully
synth_design: Time (s): cpu = 00:00:25 ; elapsed = 00:00:31 . Memory (MB): peak = 1935.441 ; gain = 808.051
launch_simulation
Command: launch_simulation 
INFO: [Vivado 12-5682] Launching behavioral simulation in 'K:/APP/pb_APP_log_comb.sim/sim_1/behav/xsim'
INFO: [SIM-utils-51] Simulation object is 'sim_1'
INFO: [SIM-utils-54] Inspecting design source files for 'AppCombi_top_tb' in fileset 'sim_1'...
INFO: [USF-XSim-97] Finding global include files...
INFO: [USF-XSim-100] Fetching design files from 'sources_1'...(this may take a while)...
INFO: [USF-XSim-101] Fetching design files from 'sim_1'...
INFO: [USF-XSim-2] XSim::Compile design
INFO: [USF-XSim-61] Executing 'COMPILE and ANALYZE' step in 'K:/APP/pb_APP_log_comb.sim/sim_1/behav/xsim'
"xvhdl --incr --relax -prj AppCombi_top_tb_vhdl.prj"
INFO: [USF-XSim-69] 'compile' step finished in '3' seconds
INFO: [USF-XSim-3] XSim::Elaborate design
INFO: [USF-XSim-61] Executing 'ELABORATE' step in 'K:/APP/pb_APP_log_comb.sim/sim_1/behav/xsim'
"xelab -wto 6e88f38826214958bd01804f64fad5de --incr --debug typical --relax --mt 2 -L xil_defaultlib -L secureip --snapshot AppCombi_top_tb_behav xil_defaultlib.AppCombi_top_tb -log elaborate.log"
Vivado Simulator 2020.2
Copyright 1986-1999, 2001-2020 Xilinx, Inc. All Rights Reserved.
Running: C:/Xilinx/Vivado/2020.2/bin/unwrapped/win64.o/xelab.exe -wto 6e88f38826214958bd01804f64fad5de --incr --debug typical --relax --mt 2 -L xil_defaultlib -L secureip --snapshot AppCombi_top_tb_behav xil_defaultlib.AppCombi_top_tb -log elaborate.log 
Using 2 slave threads.
Starting static elaboration
Completed static elaboration
INFO: [XSIM 43-4323] No Change in HDL. Linking previously generated obj files to create kernel
INFO: [USF-XSim-69] 'elaborate' step finished in '3' seconds
INFO: [USF-XSim-4] XSim::Simulate design
INFO: [USF-XSim-61] Executing 'SIMULATE' step in 'K:/APP/pb_APP_log_comb.sim/sim_1/behav/xsim'
INFO: [USF-XSim-98] *** Running xsim
   with args "AppCombi_top_tb_behav -key {Behavioral:sim_1:Functional:AppCombi_top_tb} -tclbatch {AppCombi_top_tb.tcl} -log {simulate.log}"
INFO: [USF-XSim-8] Loading simulator feature
Vivado Simulator 2020.2
Time resolution is 1 ps
source AppCombi_top_tb.tcl
# set curr_wave [current_wave_config]
# if { [string length $curr_wave] == 0 } {
#   if { [llength [get_objects]] > 0} {
#     add_wave /
#     set_property needs_save false [current_wave_config]
#   } else {
#      send_msg_id Add_Wave-1 WARNING "No top level signals found. Simulator will start without a wave window. If you want to open a wave window go to 'File->New Waveform Configuration' or type 'create_wave_config' in the TCL console."
#   }
# }
# run 1000ns
INFO: [USF-XSim-96] XSim completed. Design snapshot 'AppCombi_top_tb_behav' loaded.
INFO: [USF-XSim-97] XSim simulation ran for 1000ns
launch_simulation: Time (s): cpu = 00:00:07 ; elapsed = 00:00:09 . Memory (MB): peak = 1987.574 ; gain = 43.391
close_sim
INFO: [Simtcl 6-16] Simulation closed
close_sim: Time (s): cpu = 00:00:02 ; elapsed = 00:00:08 . Memory (MB): peak = 1987.574 ; gain = 0.000
launch_simulation
Command: launch_simulation 
INFO: [Vivado 12-5682] Launching behavioral simulation in 'K:/APP/pb_APP_log_comb.sim/sim_1/behav/xsim'
INFO: [SIM-utils-51] Simulation object is 'sim_1'
INFO: [SIM-utils-54] Inspecting design source files for 'AppCombi_top_tb' in fileset 'sim_1'...
INFO: [USF-XSim-97] Finding global include files...
INFO: [USF-XSim-100] Fetching design files from 'sources_1'...(this may take a while)...
INFO: [USF-XSim-101] Fetching design files from 'sim_1'...
INFO: [USF-XSim-2] XSim::Compile design
INFO: [USF-XSim-61] Executing 'COMPILE and ANALYZE' step in 'K:/APP/pb_APP_log_comb.sim/sim_1/behav/xsim'
"xvhdl --incr --relax -prj AppCombi_top_tb_vhdl.prj"
INFO: [USF-XSim-69] 'compile' step finished in '3' seconds
INFO: [USF-XSim-3] XSim::Elaborate design
INFO: [USF-XSim-61] Executing 'ELABORATE' step in 'K:/APP/pb_APP_log_comb.sim/sim_1/behav/xsim'
"xelab -wto 6e88f38826214958bd01804f64fad5de --incr --debug typical --relax --mt 2 -L xil_defaultlib -L secureip --snapshot AppCombi_top_tb_behav xil_defaultlib.AppCombi_top_tb -log elaborate.log"
Vivado Simulator 2020.2
Copyright 1986-1999, 2001-2020 Xilinx, Inc. All Rights Reserved.
Running: C:/Xilinx/Vivado/2020.2/bin/unwrapped/win64.o/xelab.exe -wto 6e88f38826214958bd01804f64fad5de --incr --debug typical --relax --mt 2 -L xil_defaultlib -L secureip --snapshot AppCombi_top_tb_behav xil_defaultlib.AppCombi_top_tb -log elaborate.log 
Using 2 slave threads.
Starting static elaboration
Completed static elaboration
INFO: [XSIM 43-4323] No Change in HDL. Linking previously generated obj files to create kernel
INFO: [USF-XSim-69] 'elaborate' step finished in '2' seconds
INFO: [USF-XSim-4] XSim::Simulate design
INFO: [USF-XSim-61] Executing 'SIMULATE' step in 'K:/APP/pb_APP_log_comb.sim/sim_1/behav/xsim'
INFO: [USF-XSim-98] *** Running xsim
   with args "AppCombi_top_tb_behav -key {Behavioral:sim_1:Functional:AppCombi_top_tb} -tclbatch {AppCombi_top_tb.tcl} -log {simulate.log}"
INFO: [USF-XSim-8] Loading simulator feature
Vivado Simulator 2020.2
Time resolution is 1 ps
source AppCombi_top_tb.tcl
# set curr_wave [current_wave_config]
# if { [string length $curr_wave] == 0 } {
#   if { [llength [get_objects]] > 0} {
#     add_wave /
#     set_property needs_save false [current_wave_config]
#   } else {
#      send_msg_id Add_Wave-1 WARNING "No top level signals found. Simulator will start without a wave window. If you want to open a wave window go to 'File->New Waveform Configuration' or type 'create_wave_config' in the TCL console."
#   }
# }
# run 1000ns
INFO: [USF-XSim-96] XSim completed. Design snapshot 'AppCombi_top_tb_behav' loaded.
INFO: [USF-XSim-97] XSim simulation ran for 1000ns
launch_simulation: Time (s): cpu = 00:00:06 ; elapsed = 00:00:08 . Memory (MB): peak = 1994.566 ; gain = 6.992
close_sim
INFO: [Simtcl 6-16] Simulation closed
close_sim: Time (s): cpu = 00:00:02 ; elapsed = 00:00:05 . Memory (MB): peak = 1997.824 ; gain = 0.000
launch_simulation
Command: launch_simulation 
INFO: [Vivado 12-5682] Launching behavioral simulation in 'K:/APP/pb_APP_log_comb.sim/sim_1/behav/xsim'
INFO: [SIM-utils-51] Simulation object is 'sim_1'
INFO: [SIM-utils-54] Inspecting design source files for 'AppCombi_top_tb' in fileset 'sim_1'...
INFO: [USF-XSim-97] Finding global include files...
INFO: [USF-XSim-100] Fetching design files from 'sources_1'...(this may take a while)...
INFO: [USF-XSim-101] Fetching design files from 'sim_1'...
INFO: [USF-XSim-2] XSim::Compile design
INFO: [USF-XSim-61] Executing 'COMPILE and ANALYZE' step in 'K:/APP/pb_APP_log_comb.sim/sim_1/behav/xsim'
"xvhdl --incr --relax -prj AppCombi_top_tb_vhdl.prj"
INFO: [VRFC 10-163] Analyzing VHDL file "K:/APP/pb_APP_log_comb.srcs/sources_1/imports/src/AppCombi_top.vhd" into library xil_defaultlib
INFO: [VRFC 10-3107] analyzing entity 'AppCombi_top'
INFO: [USF-XSim-69] 'compile' step finished in '3' seconds
INFO: [USF-XSim-3] XSim::Elaborate design
INFO: [USF-XSim-61] Executing 'ELABORATE' step in 'K:/APP/pb_APP_log_comb.sim/sim_1/behav/xsim'
"xelab -wto 6e88f38826214958bd01804f64fad5de --incr --debug typical --relax --mt 2 -L xil_defaultlib -L secureip --snapshot AppCombi_top_tb_behav xil_defaultlib.AppCombi_top_tb -log elaborate.log"
Vivado Simulator 2020.2
Copyright 1986-1999, 2001-2020 Xilinx, Inc. All Rights Reserved.
Running: C:/Xilinx/Vivado/2020.2/bin/unwrapped/win64.o/xelab.exe -wto 6e88f38826214958bd01804f64fad5de --incr --debug typical --relax --mt 2 -L xil_defaultlib -L secureip --snapshot AppCombi_top_tb_behav xil_defaultlib.AppCombi_top_tb -log elaborate.log 
Using 2 slave threads.
Starting static elaboration
Completed static elaboration
Starting simulation data flow analysis
Completed simulation data flow analysis
Time Resolution for simulation is 1ps
Compiling package std.standard
Compiling package std.textio
Compiling package ieee.std_logic_1164
Compiling package ieee.numeric_std
Compiling package ieee.std_logic_arith
Compiling package ieee.std_logic_unsigned
Compiling package unisim.vcomponents
Compiling architecture bufg_v of entity unisim.BUFG [bufg_default]
Compiling architecture behavioral of entity xil_defaultlib.synchro_module_v2 [\synchro_module_v2(const_clk_sys...]
Compiling architecture behavioral of entity xil_defaultlib.septSegments_encodeur [septsegments_encodeur_default]
Compiling architecture behavioral of entity xil_defaultlib.septSegments_refreshPmod [septsegments_refreshpmod_default]
Compiling architecture behavioral of entity xil_defaultlib.septSegments_Top [septsegments_top_default]
Compiling architecture behavioral of entity xil_defaultlib.Add1bit [add1bit_default]
Compiling architecture behavioral of entity xil_defaultlib.Add4bits [add4bits_default]
Compiling architecture behavioral of entity xil_defaultlib.AppCombi_top [appcombi_top_default]
Compiling architecture behavioral of entity xil_defaultlib.appcombi_top_tb
Built simulation snapshot AppCombi_top_tb_behav

****** Webtalk v2020.2 (64-bit)
  **** SW Build 3064766 on Wed Nov 18 09:12:45 MST 2020
  **** IP Build 3064653 on Wed Nov 18 14:17:31 MST 2020
    ** Copyright 1986-2020 Xilinx, Inc. All Rights Reserved.

source K:/APP/pb_APP_log_comb.sim/sim_1/behav/xsim/xsim.dir/AppCombi_top_tb_behav/webtalk/xsim_webtalk.tcl -notrace
INFO: [Common 17-206] Exiting Webtalk at Wed Jan 10 13:23:19 2024...
run_program: Time (s): cpu = 00:00:00 ; elapsed = 00:00:09 . Memory (MB): peak = 1997.824 ; gain = 0.000
INFO: [USF-XSim-69] 'elaborate' step finished in '9' seconds
INFO: [USF-XSim-4] XSim::Simulate design
INFO: [USF-XSim-61] Executing 'SIMULATE' step in 'K:/APP/pb_APP_log_comb.sim/sim_1/behav/xsim'
INFO: [USF-XSim-98] *** Running xsim
   with args "AppCombi_top_tb_behav -key {Behavioral:sim_1:Functional:AppCombi_top_tb} -tclbatch {AppCombi_top_tb.tcl} -log {simulate.log}"
INFO: [USF-XSim-8] Loading simulator feature
Vivado Simulator 2020.2
Time resolution is 1 ps
source AppCombi_top_tb.tcl
# set curr_wave [current_wave_config]
# if { [string length $curr_wave] == 0 } {
#   if { [llength [get_objects]] > 0} {
#     add_wave /
#     set_property needs_save false [current_wave_config]
#   } else {
#      send_msg_id Add_Wave-1 WARNING "No top level signals found. Simulator will start without a wave window. If you want to open a wave window go to 'File->New Waveform Configuration' or type 'create_wave_config' in the TCL console."
#   }
# }
# run 1000ns
INFO: [USF-XSim-96] XSim completed. Design snapshot 'AppCombi_top_tb_behav' loaded.
INFO: [USF-XSim-97] XSim simulation ran for 1000ns
launch_simulation: Time (s): cpu = 00:00:06 ; elapsed = 00:00:15 . Memory (MB): peak = 2000.359 ; gain = 2.535
add_force {/AppCombi_top_tb/btn_sim[3]} -radix hex {0 10ns} {1 60000ps} -repeat_every 100000ps
add_force {/AppCombi_top_tb/btn_sim[1]} -radix hex {0 20ns} {1 70000ps} -repeat_every 100000ps
add_force {/AppCombi_top_tb/sw_sim[2]} -radix hex {1 50ns} {0 100000ps} -repeat_every 100000ps
run 100 ns
relaunch_sim
Command: launch_simulation -simset sim_1 -mode behavioral
INFO: [Vivado 12-5682] Launching behavioral simulation in 'K:/APP/pb_APP_log_comb.sim/sim_1/behav/xsim'
INFO: [SIM-utils-51] Simulation object is 'sim_1'
INFO: [SIM-utils-54] Inspecting design source files for 'AppCombi_top_tb' in fileset 'sim_1'...
INFO: [USF-XSim-97] Finding global include files...
INFO: [USF-XSim-100] Fetching design files from 'sources_1'...(this may take a while)...
INFO: [USF-XSim-101] Fetching design files from 'sim_1'...
INFO: [USF-XSim-2] XSim::Compile design
INFO: [USF-XSim-61] Executing 'COMPILE and ANALYZE' step in 'K:/APP/pb_APP_log_comb.sim/sim_1/behav/xsim'
"xvhdl --incr --relax -prj AppCombi_top_tb_vhdl.prj"
INFO: [USF-XSim-69] 'compile' step finished in '3' seconds
Command: launch_simulation -simset sim_1 -mode behavioral
INFO: [Vivado 12-5682] Launching behavioral simulation in 'K:/APP/pb_APP_log_comb.sim/sim_1/behav/xsim'
INFO: [USF-XSim-3] XSim::Elaborate design
INFO: [USF-XSim-61] Executing 'ELABORATE' step in 'K:/APP/pb_APP_log_comb.sim/sim_1/behav/xsim'
"xelab -wto 6e88f38826214958bd01804f64fad5de --incr --debug typical --relax --mt 2 -L xil_defaultlib -L secureip --snapshot AppCombi_top_tb_behav xil_defaultlib.AppCombi_top_tb -log elaborate.log"
Vivado Simulator 2020.2
Copyright 1986-1999, 2001-2020 Xilinx, Inc. All Rights Reserved.
Running: C:/Xilinx/Vivado/2020.2/bin/unwrapped/win64.o/xelab.exe -wto 6e88f38826214958bd01804f64fad5de --incr --debug typical --relax --mt 2 -L xil_defaultlib -L secureip --snapshot AppCombi_top_tb_behav xil_defaultlib.AppCombi_top_tb -log elaborate.log 
Using 2 slave threads.
Starting static elaboration
Completed static elaboration
INFO: [XSIM 43-4323] No Change in HDL. Linking previously generated obj files to create kernel
INFO: [USF-XSim-69] 'elaborate' step finished in '3' seconds
Vivado Simulator 2020.2
Time resolution is 1 ps
relaunch_sim: Time (s): cpu = 00:00:03 ; elapsed = 00:00:13 . Memory (MB): peak = 2008.281 ; gain = 1.016
add_force {/AppCombi_top_tb/sw_sim[3]} -radix hex {0 0ns} {1 50000ps} -repeat_every 100000ps
relaunch_sim
Command: launch_simulation -simset sim_1 -mode behavioral
INFO: [Vivado 12-5682] Launching behavioral simulation in 'K:/APP/pb_APP_log_comb.sim/sim_1/behav/xsim'
INFO: [SIM-utils-51] Simulation object is 'sim_1'
INFO: [SIM-utils-54] Inspecting design source files for 'AppCombi_top_tb' in fileset 'sim_1'...
INFO: [USF-XSim-97] Finding global include files...
INFO: [USF-XSim-100] Fetching design files from 'sources_1'...(this may take a while)...
INFO: [USF-XSim-101] Fetching design files from 'sim_1'...
INFO: [USF-XSim-2] XSim::Compile design
INFO: [USF-XSim-61] Executing 'COMPILE and ANALYZE' step in 'K:/APP/pb_APP_log_comb.sim/sim_1/behav/xsim'
"xvhdl --incr --relax -prj AppCombi_top_tb_vhdl.prj"
INFO: [USF-XSim-69] 'compile' step finished in '2' seconds
Command: launch_simulation -simset sim_1 -mode behavioral
INFO: [Vivado 12-5682] Launching behavioral simulation in 'K:/APP/pb_APP_log_comb.sim/sim_1/behav/xsim'
INFO: [USF-XSim-3] XSim::Elaborate design
INFO: [USF-XSim-61] Executing 'ELABORATE' step in 'K:/APP/pb_APP_log_comb.sim/sim_1/behav/xsim'
"xelab -wto 6e88f38826214958bd01804f64fad5de --incr --debug typical --relax --mt 2 -L xil_defaultlib -L secureip --snapshot AppCombi_top_tb_behav xil_defaultlib.AppCombi_top_tb -log elaborate.log"
Vivado Simulator 2020.2
Copyright 1986-1999, 2001-2020 Xilinx, Inc. All Rights Reserved.
Running: C:/Xilinx/Vivado/2020.2/bin/unwrapped/win64.o/xelab.exe -wto 6e88f38826214958bd01804f64fad5de --incr --debug typical --relax --mt 2 -L xil_defaultlib -L secureip --snapshot AppCombi_top_tb_behav xil_defaultlib.AppCombi_top_tb -log elaborate.log 
Using 2 slave threads.
Starting static elaboration
Completed static elaboration
INFO: [XSIM 43-4323] No Change in HDL. Linking previously generated obj files to create kernel
INFO: [USF-XSim-69] 'elaborate' step finished in '3' seconds
Vivado Simulator 2020.2
Time resolution is 1 ps
relaunch_sim: Time (s): cpu = 00:00:03 ; elapsed = 00:00:12 . Memory (MB): peak = 2008.957 ; gain = 0.566
add_force {/AppCombi_top_tb/sw_sim[3]} -radix hex {0 0ns} {1 50000ps} -repeat_every 100000ps
run 200 ns
add_bp {K:/APP/pb_APP_log_comb.srcs/sources_1/new/inst_add.vhd} 45
add_bp {K:/APP/pb_APP_log_comb.srcs/sources_1/new/inst_add.vhd} 46
remove_bps -file {K:/APP/pb_APP_log_comb.srcs/sources_1/new/inst_add.vhd} -line 45
remove_bps -file {K:/APP/pb_APP_log_comb.srcs/sources_1/new/inst_add.vhd} -line 46
close_sim
INFO: [Simtcl 6-16] Simulation closed
close_sim: Time (s): cpu = 00:00:02 ; elapsed = 00:00:05 . Memory (MB): peak = 2009.195 ; gain = 0.000
launch_simulation
Command: launch_simulation 
INFO: [Vivado 12-5682] Launching behavioral simulation in 'K:/APP/pb_APP_log_comb.sim/sim_1/behav/xsim'
INFO: [SIM-utils-51] Simulation object is 'sim_1'
INFO: [SIM-utils-54] Inspecting design source files for 'AppCombi_top_tb' in fileset 'sim_1'...
INFO: [USF-XSim-97] Finding global include files...
INFO: [USF-XSim-100] Fetching design files from 'sources_1'...(this may take a while)...
INFO: [USF-XSim-101] Fetching design files from 'sim_1'...
INFO: [USF-XSim-2] XSim::Compile design
INFO: [USF-XSim-61] Executing 'COMPILE and ANALYZE' step in 'K:/APP/pb_APP_log_comb.sim/sim_1/behav/xsim'
"xvhdl --incr --relax -prj AppCombi_top_tb_vhdl.prj"
INFO: [VRFC 10-163] Analyzing VHDL file "K:/APP/pb_APP_log_comb.srcs/sources_1/new/inst_add.vhd" into library xil_defaultlib
INFO: [VRFC 10-3107] analyzing entity 'Add1bit'
INFO: [USF-XSim-69] 'compile' step finished in '2' seconds
INFO: [USF-XSim-3] XSim::Elaborate design
INFO: [USF-XSim-61] Executing 'ELABORATE' step in 'K:/APP/pb_APP_log_comb.sim/sim_1/behav/xsim'
"xelab -wto 6e88f38826214958bd01804f64fad5de --incr --debug typical --relax --mt 2 -L xil_defaultlib -L secureip --snapshot AppCombi_top_tb_behav xil_defaultlib.AppCombi_top_tb -log elaborate.log"
Vivado Simulator 2020.2
Copyright 1986-1999, 2001-2020 Xilinx, Inc. All Rights Reserved.
Running: C:/Xilinx/Vivado/2020.2/bin/unwrapped/win64.o/xelab.exe -wto 6e88f38826214958bd01804f64fad5de --incr --debug typical --relax --mt 2 -L xil_defaultlib -L secureip --snapshot AppCombi_top_tb_behav xil_defaultlib.AppCombi_top_tb -log elaborate.log 
Using 2 slave threads.
Starting static elaboration
Completed static elaboration
INFO: [XSIM 43-4323] No Change in HDL. Linking previously generated obj files to create kernel
INFO: [USF-XSim-69] 'elaborate' step finished in '3' seconds
INFO: [USF-XSim-4] XSim::Simulate design
INFO: [USF-XSim-61] Executing 'SIMULATE' step in 'K:/APP/pb_APP_log_comb.sim/sim_1/behav/xsim'
INFO: [USF-XSim-98] *** Running xsim
   with args "AppCombi_top_tb_behav -key {Behavioral:sim_1:Functional:AppCombi_top_tb} -tclbatch {AppCombi_top_tb.tcl} -log {simulate.log}"
INFO: [USF-XSim-8] Loading simulator feature
Vivado Simulator 2020.2
Time resolution is 1 ps
source AppCombi_top_tb.tcl
# set curr_wave [current_wave_config]
# if { [string length $curr_wave] == 0 } {
#   if { [llength [get_objects]] > 0} {
#     add_wave /
#     set_property needs_save false [current_wave_config]
#   } else {
#      send_msg_id Add_Wave-1 WARNING "No top level signals found. Simulator will start without a wave window. If you want to open a wave window go to 'File->New Waveform Configuration' or type 'create_wave_config' in the TCL console."
#   }
# }
# run 1000ns
INFO: [USF-XSim-96] XSim completed. Design snapshot 'AppCombi_top_tb_behav' loaded.
INFO: [USF-XSim-97] XSim simulation ran for 1000ns
launch_simulation: Time (s): cpu = 00:00:04 ; elapsed = 00:00:09 . Memory (MB): peak = 2014.707 ; gain = 5.512
add_force {/AppCombi_top_tb/sw_sim[2]} -radix hex {0 0ns} {1 50000ps} -repeat_every 100000ps
run 200 ns
add_force {/AppCombi_top_tb/btn_sim[2]} -radix hex {0 0ns} {1 50000ps} -repeat_every 100000ps
run 200 ns
remove_forces { {/AppCombi_top_tb/sw_sim[2]} }
run 200 ns
relaunch_sim
Command: launch_simulation -simset sim_1 -mode behavioral
INFO: [Vivado 12-5682] Launching behavioral simulation in 'K:/APP/pb_APP_log_comb.sim/sim_1/behav/xsim'
INFO: [SIM-utils-51] Simulation object is 'sim_1'
INFO: [SIM-utils-54] Inspecting design source files for 'AppCombi_top_tb' in fileset 'sim_1'...
INFO: [USF-XSim-97] Finding global include files...
INFO: [USF-XSim-100] Fetching design files from 'sources_1'...(this may take a while)...
INFO: [USF-XSim-101] Fetching design files from 'sim_1'...
INFO: [USF-XSim-2] XSim::Compile design
INFO: [USF-XSim-61] Executing 'COMPILE and ANALYZE' step in 'K:/APP/pb_APP_log_comb.sim/sim_1/behav/xsim'
"xvhdl --incr --relax -prj AppCombi_top_tb_vhdl.prj"
INFO: [USF-XSim-69] 'compile' step finished in '2' seconds
Command: launch_simulation -simset sim_1 -mode behavioral
INFO: [Vivado 12-5682] Launching behavioral simulation in 'K:/APP/pb_APP_log_comb.sim/sim_1/behav/xsim'
INFO: [USF-XSim-3] XSim::Elaborate design
INFO: [USF-XSim-61] Executing 'ELABORATE' step in 'K:/APP/pb_APP_log_comb.sim/sim_1/behav/xsim'
"xelab -wto 6e88f38826214958bd01804f64fad5de --incr --debug typical --relax --mt 2 -L xil_defaultlib -L secureip --snapshot AppCombi_top_tb_behav xil_defaultlib.AppCombi_top_tb -log elaborate.log"
Vivado Simulator 2020.2
Copyright 1986-1999, 2001-2020 Xilinx, Inc. All Rights Reserved.
Running: C:/Xilinx/Vivado/2020.2/bin/unwrapped/win64.o/xelab.exe -wto 6e88f38826214958bd01804f64fad5de --incr --debug typical --relax --mt 2 -L xil_defaultlib -L secureip --snapshot AppCombi_top_tb_behav xil_defaultlib.AppCombi_top_tb -log elaborate.log 
Using 2 slave threads.
Starting static elaboration
Completed static elaboration
INFO: [XSIM 43-4323] No Change in HDL. Linking previously generated obj files to create kernel
INFO: [USF-XSim-69] 'elaborate' step finished in '3' seconds
Vivado Simulator 2020.2
Time resolution is 1 ps
relaunch_sim: Time (s): cpu = 00:00:02 ; elapsed = 00:00:13 . Memory (MB): peak = 2016.773 ; gain = 0.129
add_force {/AppCombi_top_tb/sw_sim[0]} -radix hex {0 0ns} {1 50000ps} -repeat_every 100000ps
run 200 ns
remove_forces { {/AppCombi_top_tb/sw_sim[0]} }
add_force {/AppCombi_top_tb/sw_sim[1]} -radix hex {0 0ns} {1 50000ps} -repeat_every 100000ps
run 200 ns
remove_forces { {/AppCombi_top_tb/sw_sim[0]} }
add_force {/AppCombi_top_tb/btn_sim[0]} -radix hex {0 0ns} {1 50000ps} -repeat_every 100000ps
add_force {/AppCombi_top_tb/sw_sim[0]} -radix hex {0 0ns} {1 50000ps} -repeat_every 100000ps
run 200 ns
relaunch_sim
Command: launch_simulation -simset sim_1 -mode behavioral
INFO: [Vivado 12-5682] Launching behavioral simulation in 'K:/APP/pb_APP_log_comb.sim/sim_1/behav/xsim'
INFO: [SIM-utils-51] Simulation object is 'sim_1'
INFO: [SIM-utils-54] Inspecting design source files for 'AppCombi_top_tb' in fileset 'sim_1'...
INFO: [USF-XSim-97] Finding global include files...
INFO: [USF-XSim-100] Fetching design files from 'sources_1'...(this may take a while)...
INFO: [USF-XSim-101] Fetching design files from 'sim_1'...
INFO: [USF-XSim-2] XSim::Compile design
INFO: [USF-XSim-61] Executing 'COMPILE and ANALYZE' step in 'K:/APP/pb_APP_log_comb.sim/sim_1/behav/xsim'
"xvhdl --incr --relax -prj AppCombi_top_tb_vhdl.prj"
INFO: [USF-XSim-69] 'compile' step finished in '3' seconds
Command: launch_simulation -simset sim_1 -mode behavioral
INFO: [Vivado 12-5682] Launching behavioral simulation in 'K:/APP/pb_APP_log_comb.sim/sim_1/behav/xsim'
INFO: [USF-XSim-3] XSim::Elaborate design
INFO: [USF-XSim-61] Executing 'ELABORATE' step in 'K:/APP/pb_APP_log_comb.sim/sim_1/behav/xsim'
"xelab -wto 6e88f38826214958bd01804f64fad5de --incr --debug typical --relax --mt 2 -L xil_defaultlib -L secureip --snapshot AppCombi_top_tb_behav xil_defaultlib.AppCombi_top_tb -log elaborate.log"
Vivado Simulator 2020.2
Copyright 1986-1999, 2001-2020 Xilinx, Inc. All Rights Reserved.
Running: C:/Xilinx/Vivado/2020.2/bin/unwrapped/win64.o/xelab.exe -wto 6e88f38826214958bd01804f64fad5de --incr --debug typical --relax --mt 2 -L xil_defaultlib -L secureip --snapshot AppCombi_top_tb_behav xil_defaultlib.AppCombi_top_tb -log elaborate.log 
Using 2 slave threads.
Starting static elaboration
Completed static elaboration
INFO: [XSIM 43-4323] No Change in HDL. Linking previously generated obj files to create kernel
INFO: [USF-XSim-69] 'elaborate' step finished in '3' seconds
Vivado Simulator 2020.2
Time resolution is 1 ps
relaunch_sim: Time (s): cpu = 00:00:02 ; elapsed = 00:00:13 . Memory (MB): peak = 2017.008 ; gain = 0.000
add_force {/AppCombi_top_tb/sw_sim[0]} -radix hex {0 0ns} {1 50000ps} -repeat_every 100000ps
add_force {/AppCombi_top_tb/btn_sim[0]} -radix hex {0 0ns} {1 50000ps} -repeat_every 100000ps
run 200 ns
archive_project K:/pb_APP_log_comb.xpr.zip -temp_dir K:/APP/.Xil/Vivado-14712-gegi-3024-09win -force -include_local_ip_cache
INFO: [Coretcl 2-137] starting archive...
INFO: [Coretcl 2-1499] Saving project copy to temporary location 'K:/APP/.Xil/Vivado-14712-gegi-3024-09win' for archiving project
WARNING: [filemgmt 56-3] Default IP Output Path : Could not find the directory 'K:/APP/pb_APP_log_comb.gen/sources_1'.
Scanning sources...
Finished scanning sources
INFO: [Coretcl 2-1211] Creating project copy for archival...
INFO: [Coretcl 2-1213] Including run results for 'synth_1'
INFO: [Coretcl 2-1213] Including run results for 'impl_1'
INFO: [Coretcl 2-1209] Adding archive summary file to the project...
INFO: [Coretcl 2-1214] Preparing project files for archive...
INFO: [Coretcl 2-1210] Compressing project files and data...
INFO: [Coretcl 2-1215] Project archived (K:/pb_APP_log_comb.xpr.zip)
INFO: [Coretcl 2-1216] To view the archive summary log in GUI, double click on 'Design Sources->Text->archive_project_summary.txt', or open this file from the archived project directory.
close_sim
INFO: [Simtcl 6-16] Simulation closed
close_sim: Time (s): cpu = 00:00:01 ; elapsed = 00:00:05 . Memory (MB): peak = 2017.008 ; gain = 0.000
launch_simulation
Command: launch_simulation 
INFO: [Vivado 12-5682] Launching behavioral simulation in 'K:/APP/pb_APP_log_comb.sim/sim_1/behav/xsim'
INFO: [SIM-utils-51] Simulation object is 'sim_1'
INFO: [SIM-utils-54] Inspecting design source files for 'AppCombi_top_tb' in fileset 'sim_1'...
INFO: [USF-XSim-97] Finding global include files...
INFO: [USF-XSim-100] Fetching design files from 'sources_1'...(this may take a while)...
INFO: [USF-XSim-101] Fetching design files from 'sim_1'...
INFO: [USF-XSim-2] XSim::Compile design
INFO: [USF-XSim-61] Executing 'COMPILE and ANALYZE' step in 'K:/APP/pb_APP_log_comb.sim/sim_1/behav/xsim'
"xvhdl --incr --relax -prj AppCombi_top_tb_vhdl.prj"
INFO: [VRFC 10-163] Analyzing VHDL file "K:/APP/pb_APP_log_comb.srcs/sources_1/new/inst_add.vhd" into library xil_defaultlib
INFO: [VRFC 10-3107] analyzing entity 'Add1bit'
INFO: [USF-XSim-69] 'compile' step finished in '3' seconds
INFO: [USF-XSim-3] XSim::Elaborate design
INFO: [USF-XSim-61] Executing 'ELABORATE' step in 'K:/APP/pb_APP_log_comb.sim/sim_1/behav/xsim'
"xelab -wto 6e88f38826214958bd01804f64fad5de --incr --debug typical --relax --mt 2 -L xil_defaultlib -L secureip --snapshot AppCombi_top_tb_behav xil_defaultlib.AppCombi_top_tb -log elaborate.log"
Vivado Simulator 2020.2
Copyright 1986-1999, 2001-2020 Xilinx, Inc. All Rights Reserved.
Running: C:/Xilinx/Vivado/2020.2/bin/unwrapped/win64.o/xelab.exe -wto 6e88f38826214958bd01804f64fad5de --incr --debug typical --relax --mt 2 -L xil_defaultlib -L secureip --snapshot AppCombi_top_tb_behav xil_defaultlib.AppCombi_top_tb -log elaborate.log 
Using 2 slave threads.
Starting static elaboration
Completed static elaboration
Starting simulation data flow analysis
Completed simulation data flow analysis
Time Resolution for simulation is 1ps
Compiling package std.standard
Compiling package std.textio
Compiling package ieee.std_logic_1164
Compiling package ieee.numeric_std
Compiling package ieee.std_logic_arith
Compiling package ieee.std_logic_unsigned
Compiling package unisim.vcomponents
Compiling architecture bufg_v of entity unisim.BUFG [bufg_default]
Compiling architecture behavioral of entity xil_defaultlib.synchro_module_v2 [\synchro_module_v2(const_clk_sys...]
Compiling architecture behavioral of entity xil_defaultlib.septSegments_encodeur [septsegments_encodeur_default]
Compiling architecture behavioral of entity xil_defaultlib.septSegments_refreshPmod [septsegments_refreshpmod_default]
Compiling architecture behavioral of entity xil_defaultlib.septSegments_Top [septsegments_top_default]
Compiling architecture behavioral of entity xil_defaultlib.Add1bit [add1bit_default]
Compiling architecture behavioral of entity xil_defaultlib.Add4bits [add4bits_default]
Compiling architecture behavioral of entity xil_defaultlib.AppCombi_top [appcombi_top_default]
Compiling architecture behavioral of entity xil_defaultlib.appcombi_top_tb
Built simulation snapshot AppCombi_top_tb_behav
run_program: Time (s): cpu = 00:00:00 ; elapsed = 00:00:07 . Memory (MB): peak = 2017.008 ; gain = 0.000
INFO: [USF-XSim-69] 'elaborate' step finished in '7' seconds
INFO: [USF-XSim-4] XSim::Simulate design
INFO: [USF-XSim-61] Executing 'SIMULATE' step in 'K:/APP/pb_APP_log_comb.sim/sim_1/behav/xsim'
INFO: [USF-XSim-98] *** Running xsim
   with args "AppCombi_top_tb_behav -key {Behavioral:sim_1:Functional:AppCombi_top_tb} -tclbatch {AppCombi_top_tb.tcl} -log {simulate.log}"
INFO: [USF-XSim-8] Loading simulator feature
Vivado Simulator 2020.2
Time resolution is 1 ps
source AppCombi_top_tb.tcl
# set curr_wave [current_wave_config]
# if { [string length $curr_wave] == 0 } {
#   if { [llength [get_objects]] > 0} {
#     add_wave /
#     set_property needs_save false [current_wave_config]
#   } else {
#      send_msg_id Add_Wave-1 WARNING "No top level signals found. Simulator will start without a wave window. If you want to open a wave window go to 'File->New Waveform Configuration' or type 'create_wave_config' in the TCL console."
#   }
# }
# run 1000ns
INFO: [USF-XSim-96] XSim completed. Design snapshot 'AppCombi_top_tb_behav' loaded.
INFO: [USF-XSim-97] XSim simulation ran for 1000ns
launch_simulation: Time (s): cpu = 00:00:04 ; elapsed = 00:00:13 . Memory (MB): peak = 2019.605 ; gain = 2.598
add_force {/AppCombi_top_tb/btn_sim[0]} -radix hex {0 0ns} {1 50000ps} -repeat_every 100000ps
run 200 ns
add_force {/AppCombi_top_tb/sw_sim[0]} -radix hex {0 0ns} {1 50000ps} -repeat_every 100000ps
run 200 ns
add_force {/AppCombi_top_tb/sw_sim[1]} -radix hex {0 0ns} {1 50000ps} -repeat_every 100000ps
run 200 ns
close_sim
INFO: [Simtcl 6-16] Simulation closed
close_sim: Time (s): cpu = 00:00:01 ; elapsed = 00:00:05 . Memory (MB): peak = 2020.770 ; gain = 0.000
launch_simulation
Command: launch_simulation 
INFO: [Vivado 12-5682] Launching behavioral simulation in 'K:/APP/pb_APP_log_comb.sim/sim_1/behav/xsim'
INFO: [SIM-utils-51] Simulation object is 'sim_1'
INFO: [SIM-utils-54] Inspecting design source files for 'AppCombi_top_tb' in fileset 'sim_1'...
INFO: [USF-XSim-97] Finding global include files...
INFO: [USF-XSim-100] Fetching design files from 'sources_1'...(this may take a while)...
INFO: [USF-XSim-101] Fetching design files from 'sim_1'...
INFO: [USF-XSim-2] XSim::Compile design
INFO: [USF-XSim-61] Executing 'COMPILE and ANALYZE' step in 'K:/APP/pb_APP_log_comb.sim/sim_1/behav/xsim'
"xvhdl --incr --relax -prj AppCombi_top_tb_vhdl.prj"
INFO: [USF-XSim-69] 'compile' step finished in '2' seconds
INFO: [USF-XSim-3] XSim::Elaborate design
INFO: [USF-XSim-61] Executing 'ELABORATE' step in 'K:/APP/pb_APP_log_comb.sim/sim_1/behav/xsim'
"xelab -wto 6e88f38826214958bd01804f64fad5de --incr --debug typical --relax --mt 2 -L xil_defaultlib -L secureip --snapshot AppCombi_top_tb_behav xil_defaultlib.AppCombi_top_tb -log elaborate.log"
Vivado Simulator 2020.2
Copyright 1986-1999, 2001-2020 Xilinx, Inc. All Rights Reserved.
Running: C:/Xilinx/Vivado/2020.2/bin/unwrapped/win64.o/xelab.exe -wto 6e88f38826214958bd01804f64fad5de --incr --debug typical --relax --mt 2 -L xil_defaultlib -L secureip --snapshot AppCombi_top_tb_behav xil_defaultlib.AppCombi_top_tb -log elaborate.log 
Using 2 slave threads.
Starting static elaboration
Completed static elaboration
INFO: [XSIM 43-4323] No Change in HDL. Linking previously generated obj files to create kernel
INFO: [USF-XSim-69] 'elaborate' step finished in '3' seconds
INFO: [USF-XSim-4] XSim::Simulate design
INFO: [USF-XSim-61] Executing 'SIMULATE' step in 'K:/APP/pb_APP_log_comb.sim/sim_1/behav/xsim'
INFO: [USF-XSim-98] *** Running xsim
   with args "AppCombi_top_tb_behav -key {Behavioral:sim_1:Functional:AppCombi_top_tb} -tclbatch {AppCombi_top_tb.tcl} -log {simulate.log}"
INFO: [USF-XSim-8] Loading simulator feature
Vivado Simulator 2020.2
Time resolution is 1 ps
source AppCombi_top_tb.tcl
# set curr_wave [current_wave_config]
# if { [string length $curr_wave] == 0 } {
#   if { [llength [get_objects]] > 0} {
#     add_wave /
#     set_property needs_save false [current_wave_config]
#   } else {
#      send_msg_id Add_Wave-1 WARNING "No top level signals found. Simulator will start without a wave window. If you want to open a wave window go to 'File->New Waveform Configuration' or type 'create_wave_config' in the TCL console."
#   }
# }
# run 1000ns
INFO: [USF-XSim-96] XSim completed. Design snapshot 'AppCombi_top_tb_behav' loaded.
INFO: [USF-XSim-97] XSim simulation ran for 1000ns
launch_simulation: Time (s): cpu = 00:00:05 ; elapsed = 00:00:09 . Memory (MB): peak = 2025.309 ; gain = 4.539
add_force {/AppCombi_top_tb/sw_sim[3]} -radix hex {0 0ns} {1 50000ps} -repeat_every 100000ps
add_force {/AppCombi_top_tb/sw_sim[1]} -radix hex {0 0ns} {1 50000ps} -repeat_every 100000ps
add_force {/AppCombi_top_tb/btn_sim[3]} -radix hex {0 0ns} {1 50000ps} -repeat_every 100000ps
add_force {/AppCombi_top_tb/btn_sim[0]} -radix hex {0 0ns} {1 50000ps} -repeat_every 100000ps
run 200 ns
archive_project K:/pb_APP_log_comb.xpr.zip -temp_dir K:/APP/.Xil/Vivado-14712-gegi-3024-09win -force -include_local_ip_cache
INFO: [Coretcl 2-137] starting archive...
INFO: [Coretcl 2-1499] Saving project copy to temporary location 'K:/APP/.Xil/Vivado-14712-gegi-3024-09win' for archiving project
WARNING: [filemgmt 56-3] Default IP Output Path : Could not find the directory 'K:/APP/pb_APP_log_comb.gen/sources_1'.
Scanning sources...
Finished scanning sources
INFO: [Coretcl 2-1211] Creating project copy for archival...
INFO: [Coretcl 2-1213] Including run results for 'synth_1'
INFO: [Coretcl 2-1213] Including run results for 'impl_1'
INFO: [Coretcl 2-1209] Adding archive summary file to the project...
INFO: [Coretcl 2-1214] Preparing project files for archive...
INFO: [Coretcl 2-1210] Compressing project files and data...
INFO: [Coretcl 2-1215] Project archived (K:/pb_APP_log_comb.xpr.zip)
INFO: [Coretcl 2-1216] To view the archive summary log in GUI, double click on 'Design Sources->Text->archive_project_summary.txt', or open this file from the archived project directory.
