#-----------------------------------------------------------
# Vivado v2020.2 (64-bit)
# SW Build 3064766 on Wed Nov 18 09:12:45 MST 2020
# IP Build 3064653 on Wed Nov 18 14:17:31 MST 2020
# Start of session at: Fri Jan 12 18:55:06 2024
# Process ID: 11100
# Current directory: D:/GitHub/S4_APP1
# Command line: vivado.exe -gui_launcher_event rodinguilauncherevent16788 D:\GitHub\S4_APP1\pb_APP_log_comb.xpr
# Log file: D:/GitHub/S4_APP1/vivado.log
# Journal file: D:/GitHub/S4_APP1\vivado.jou
#-----------------------------------------------------------
start_gui
open_project D:/GitHub/S4_APP1/pb_APP_log_comb.xpr
WARNING: [filemgmt 56-3] Default IP Output Path : Could not find the directory 'D:/GitHub/S4_APP1/pb_APP_log_comb.gen/sources_1'.
Scanning sources...
Finished scanning sources
INFO: [IP_Flow 19-234] Refreshing IP repositories
INFO: [IP_Flow 19-1704] No user IP repositories specified
INFO: [IP_Flow 19-2313] Loaded Vivado IP repository 'D:/xilinx/Vivado/2020.2/data/ip'.
launch_simulation
Command: launch_simulation 
INFO: [Vivado 12-5682] Launching behavioral simulation in 'D:/GitHub/S4_APP1/pb_APP_log_comb.sim/sim_1/behav/xsim'
INFO: [SIM-utils-51] Simulation object is 'sim_1'
INFO: [SIM-utils-54] Inspecting design source files for 'AppCombi_top_tb' in fileset 'sim_1'...
INFO: [USF-XSim-97] Finding global include files...
INFO: [USF-XSim-100] Fetching design files from 'sources_1'...(this may take a while)...
INFO: [USF-XSim-101] Fetching design files from 'sim_1'...
INFO: [USF-XSim-2] XSim::Compile design
INFO: [USF-XSim-61] Executing 'COMPILE and ANALYZE' step in 'D:/GitHub/S4_APP1/pb_APP_log_comb.sim/sim_1/behav/xsim'
"xvhdl --incr --relax -prj AppCombi_top_tb_vhdl.prj"
INFO: [USF-XSim-69] 'compile' step finished in '1' seconds
INFO: [USF-XSim-3] XSim::Elaborate design
INFO: [USF-XSim-61] Executing 'ELABORATE' step in 'D:/GitHub/S4_APP1/pb_APP_log_comb.sim/sim_1/behav/xsim'
"xelab -wto 6e88f38826214958bd01804f64fad5de --incr --debug typical --relax --mt 2 -L xil_defaultlib -L secureip --snapshot AppCombi_top_tb_behav xil_defaultlib.AppCombi_top_tb -log elaborate.log"
Vivado Simulator 2020.2
Copyright 1986-1999, 2001-2020 Xilinx, Inc. All Rights Reserved.
Running: D:/xilinx/Vivado/2020.2/bin/unwrapped/win64.o/xelab.exe -wto 6e88f38826214958bd01804f64fad5de --incr --debug typical --relax --mt 2 -L xil_defaultlib -L secureip --snapshot AppCombi_top_tb_behav xil_defaultlib.AppCombi_top_tb -log elaborate.log 
Using 2 slave threads.
Starting static elaboration
ERROR: [VRFC 10-3311] expression has 4 elements ; formal 'sortie' expects 5 [D:/GitHub/S4_APP1/pb_APP_log_comb.srcs/sources_1/new/inst_thermo2bin.vhd:65]
ERROR: [VRFC 10-3353] formal port 'i_adc_th' has no actual or default value [D:/GitHub/S4_APP1/pb_APP_log_comb.srcs/sources_1/imports/src/AppCombi_top.vhd:30]
ERROR: [VRFC 10-3353] formal port 'i_s1' has no actual or default value [D:/GitHub/S4_APP1/pb_APP_log_comb.srcs/sources_1/imports/src/AppCombi_top.vhd:31]
ERROR: [VRFC 10-3353] formal port 'i_s2' has no actual or default value [D:/GitHub/S4_APP1/pb_APP_log_comb.srcs/sources_1/imports/src/AppCombi_top.vhd:32]
ERROR: [XSIM 43-3321] Static elaboration of top level VHDL design unit appcombi_top_tb in library work failed.
INFO: [USF-XSim-69] 'elaborate' step finished in '1' seconds
INFO: [USF-XSim-99] Step results log file:'D:/GitHub/S4_APP1/pb_APP_log_comb.sim/sim_1/behav/xsim/elaborate.log'
ERROR: [USF-XSim-62] 'elaborate' step failed with error(s). Please check the Tcl console output or 'D:/GitHub/S4_APP1/pb_APP_log_comb.sim/sim_1/behav/xsim/elaborate.log' file for more information.
ERROR: [Vivado 12-4473] Detected error while running simulation. Please correct the issue and retry this operation.
ERROR: [Common 17-39] 'launch_simulation' failed due to earlier errors.
exit
INFO: [Common 17-206] Exiting Vivado at Fri Jan 12 18:57:06 2024...
