#-----------------------------------------------------------
# Vivado v2020.2 (64-bit)
# SW Build 3064766 on Wed Nov 18 09:12:45 MST 2020
# IP Build 3064653 on Wed Nov 18 14:17:31 MST 2020
# Start of session at: Tue Jan  9 12:48:52 2024
# Process ID: 13628
# Current directory: K:/APP
# Command line: vivado.exe -gui_launcher_event rodinguilauncherevent15040 K:\APP\pb_APP_log_comb.xpr
# Log file: K:/APP/vivado.log
# Journal file: K:/APP\vivado.jou
#-----------------------------------------------------------
start_gui
open_project K:/APP/pb_APP_log_comb.xpr
INFO: [Project 1-313] Project file moved from 'C:/Users/tetm2701/Documents/Repos/git_Departement/Enseignement/APP_LogiqueCombi/Vivado/pb_APP_log_comb' since last save.
WARNING: [filemgmt 56-2] Default IP Output Path : Could not find the directory 'K:/APP/pb_APP_log_comb.gen/sources_1', nor could it be found using path 'C:/Users/tetm2701/Documents/Repos/git_Departement/Enseignement/APP_LogiqueCombi/Vivado/pb_APP_log_comb/pb_APP_log_comb.gen/sources_1'.
WARNING: [filemgmt 56-2] IPUserFilesDir: Could not find the directory 'K:/APP/pb_APP_log_comb.ip_user_files', nor could it be found using path 'C:/Users/tetm2701/Documents/Repos/git_Departement/Enseignement/APP_LogiqueCombi/Vivado/pb_APP_log_comb/pb_APP_log_comb.ip_user_files'.
Scanning sources...
Finished scanning sources
INFO: [IP_Flow 19-234] Refreshing IP repositories
INFO: [IP_Flow 19-1704] No user IP repositories specified
INFO: [IP_Flow 19-2313] Loaded Vivado IP repository 'C:/Xilinx/Vivado/2020.2/data/ip'.
open_project: Time (s): cpu = 00:00:19 ; elapsed = 00:00:18 . Memory (MB): peak = 1095.492 ; gain = 0.000
synth_design -rtl -rtl_skip_mlo -name rtl_1
Command: synth_design -rtl -rtl_skip_mlo -name rtl_1
Starting synth_design
Using part: xc7z010clg400-1
Top: AppCombi_top
INFO: [Device 21-403] Loading part xc7z010clg400-1
---------------------------------------------------------------------------------
Starting RTL Elaboration : Time (s): cpu = 00:00:07 ; elapsed = 00:00:07 . Memory (MB): peak = 1464.301 ; gain = 250.996
---------------------------------------------------------------------------------
INFO: [Synth 8-638] synthesizing module 'AppCombi_top' [K:/APP/pb_APP_log_comb.srcs/sources_1/imports/src/AppCombi_top.vhd:40]
	Parameter const_CLK_syst_MHz bound to: 125 - type: integer 
INFO: [Synth 8-3491] module 'synchro_module_v2' declared at 'K:/APP/pb_APP_log_comb.srcs/sources_1/imports/src/synchro_module_v2.vhd:40' bound to instance 'inst_synch' of component 'synchro_module_v2' [K:/APP/pb_APP_log_comb.srcs/sources_1/imports/src/AppCombi_top.vhd:79]
INFO: [Synth 8-638] synthesizing module 'synchro_module_v2' [K:/APP/pb_APP_log_comb.srcs/sources_1/imports/src/synchro_module_v2.vhd:49]
	Parameter const_CLK_syst_MHz bound to: 125 - type: integer 
INFO: [Synth 8-113] binding component instance 'ClockBuffer' to cell 'BUFG' [K:/APP/pb_APP_log_comb.srcs/sources_1/imports/src/synchro_module_v2.vhd:85]
INFO: [Synth 8-256] done synthesizing module 'synchro_module_v2' (1#1) [K:/APP/pb_APP_log_comb.srcs/sources_1/imports/src/synchro_module_v2.vhd:49]
INFO: [Synth 8-3491] module 'septSegments_Top' declared at 'K:/APP/pb_APP_log_comb.srcs/sources_1/imports/src/septSegments_Top.vhd:46' bound to instance 'inst_aff' of component 'septSegments_Top' [K:/APP/pb_APP_log_comb.srcs/sources_1/imports/src/AppCombi_top.vhd:87]
INFO: [Synth 8-638] synthesizing module 'septSegments_Top' [K:/APP/pb_APP_log_comb.srcs/sources_1/imports/src/septSegments_Top.vhd:56]
	Parameter const_CLK_MHz bound to: 100 - type: integer 
INFO: [Synth 8-3491] module 'septSegments_encodeur' declared at 'K:/APP/pb_APP_log_comb.srcs/sources_1/imports/src/septSegments_encodeur.vhd:44' bound to instance 'inst_segm_lsb' of component 'septSegments_encodeur' [K:/APP/pb_APP_log_comb.srcs/sources_1/imports/src/septSegments_Top.vhd:83]
INFO: [Synth 8-638] synthesizing module 'septSegments_encodeur' [K:/APP/pb_APP_log_comb.srcs/sources_1/imports/src/septSegments_encodeur.vhd:52]
INFO: [Synth 8-226] default block is never used [K:/APP/pb_APP_log_comb.srcs/sources_1/imports/src/septSegments_encodeur.vhd:93]
INFO: [Synth 8-256] done synthesizing module 'septSegments_encodeur' (2#1) [K:/APP/pb_APP_log_comb.srcs/sources_1/imports/src/septSegments_encodeur.vhd:52]
INFO: [Synth 8-3491] module 'septSegments_encodeur' declared at 'K:/APP/pb_APP_log_comb.srcs/sources_1/imports/src/septSegments_encodeur.vhd:44' bound to instance 'inst_segm_msb' of component 'septSegments_encodeur' [K:/APP/pb_APP_log_comb.srcs/sources_1/imports/src/septSegments_Top.vhd:90]
	Parameter const_CLK_MHz bound to: 100 - type: integer 
INFO: [Synth 8-3491] module 'septSegments_refreshPmod' declared at 'K:/APP/pb_APP_log_comb.srcs/sources_1/imports/src/septSegments_refreshPmod.vhd:19' bound to instance 'inst_refresh' of component 'septSegments_refreshPmod' [K:/APP/pb_APP_log_comb.srcs/sources_1/imports/src/septSegments_Top.vhd:97]
INFO: [Synth 8-638] synthesizing module 'septSegments_refreshPmod' [K:/APP/pb_APP_log_comb.srcs/sources_1/imports/src/septSegments_refreshPmod.vhd:29]
	Parameter const_CLK_MHz bound to: 100 - type: integer 
INFO: [Synth 8-256] done synthesizing module 'septSegments_refreshPmod' (3#1) [K:/APP/pb_APP_log_comb.srcs/sources_1/imports/src/septSegments_refreshPmod.vhd:29]
INFO: [Synth 8-256] done synthesizing module 'septSegments_Top' (4#1) [K:/APP/pb_APP_log_comb.srcs/sources_1/imports/src/septSegments_Top.vhd:56]
INFO: [Synth 8-256] done synthesizing module 'AppCombi_top' (5#1) [K:/APP/pb_APP_log_comb.srcs/sources_1/imports/src/AppCombi_top.vhd:40]
---------------------------------------------------------------------------------
Finished RTL Elaboration : Time (s): cpu = 00:00:09 ; elapsed = 00:00:10 . Memory (MB): peak = 1546.688 ; gain = 333.383
---------------------------------------------------------------------------------
---------------------------------------------------------------------------------
Start Handling Custom Attributes
---------------------------------------------------------------------------------
---------------------------------------------------------------------------------
Finished Handling Custom Attributes : Time (s): cpu = 00:00:09 ; elapsed = 00:00:10 . Memory (MB): peak = 1546.688 ; gain = 333.383
---------------------------------------------------------------------------------
---------------------------------------------------------------------------------
Finished RTL Optimization Phase 1 : Time (s): cpu = 00:00:09 ; elapsed = 00:00:10 . Memory (MB): peak = 1546.688 ; gain = 333.383
---------------------------------------------------------------------------------
Netlist sorting complete. Time (s): cpu = 00:00:00 ; elapsed = 00:00:00.002 . Memory (MB): peak = 1546.688 ; gain = 0.000
INFO: [Project 1-570] Preparing netlist for logic optimization

Processing XDC Constraints
Initializing timing engine
Parsing XDC File [K:/APP/pb_APP_log_comb.srcs/constrs_1/imports/contraintes/AppCombi_top.xdc]
Finished Parsing XDC File [K:/APP/pb_APP_log_comb.srcs/constrs_1/imports/contraintes/AppCombi_top.xdc]
Completed Processing XDC Constraints

Netlist sorting complete. Time (s): cpu = 00:00:00 ; elapsed = 00:00:00 . Memory (MB): peak = 1628.785 ; gain = 0.000
INFO: [Project 1-111] Unisim Transformation Summary:
No Unisim elements were transformed.

RTL Elaboration Complete:  : Time (s): cpu = 00:00:30 ; elapsed = 00:00:18 . Memory (MB): peak = 1781.359 ; gain = 568.055
20 Infos, 0 Warnings, 0 Critical Warnings and 0 Errors encountered.
synth_design completed successfully
synth_design: Time (s): cpu = 00:00:38 ; elapsed = 00:00:38 . Memory (MB): peak = 1781.359 ; gain = 685.867
file mkdir K:/APP/pb_APP_log_comb.srcs/sources_1/new
close [ open K:/APP/pb_APP_log_comb.srcs/sources_1/new/inst_Thermo2Bin.vhd w ]
add_files K:/APP/pb_APP_log_comb.srcs/sources_1/new/inst_Thermo2Bin.vhd
close [ open K:/APP/pb_APP_log_comb.srcs/sources_1/new/inst_Encodeur.vhd w ]
add_files K:/APP/pb_APP_log_comb.srcs/sources_1/new/inst_Encodeur.vhd
export_ip_user_files -of_objects  [get_files K:/APP/pb_APP_log_comb.srcs/sources_1/new/inst_Encodeur.vhd] -no_script -reset -force -quiet
remove_files  K:/APP/pb_APP_log_comb.srcs/sources_1/new/inst_Encodeur.vhd
file delete -force K:/APP/pb_APP_log_comb.srcs/sources_1/new/inst_Encodeur.vhd
close [ open K:/APP/pb_APP_log_comb.srcs/sources_1/new/e.vhd w ]
add_files K:/APP/pb_APP_log_comb.srcs/sources_1/new/e.vhd
export_ip_user_files -of_objects  [get_files K:/APP/pb_APP_log_comb.srcs/sources_1/new/e.vhd] -no_script -reset -force -quiet
remove_files  K:/APP/pb_APP_log_comb.srcs/sources_1/new/e.vhd
file delete -force K:/APP/pb_APP_log_comb.srcs/sources_1/new/e.vhd
close [ open K:/APP/pb_APP_log_comb.srcs/sources_1/new/e.vhd w ]
add_files K:/APP/pb_APP_log_comb.srcs/sources_1/new/e.vhd
move_files -fileset sim_1 [get_files  K:/APP/pb_APP_log_comb.srcs/sources_1/new/e.vhd]
export_ip_user_files -of_objects  [get_files K:/APP/pb_APP_log_comb.srcs/sources_1/new/e.vhd] -no_script -reset -force -quiet
remove_files  -fileset sim_1 K:/APP/pb_APP_log_comb.srcs/sources_1/new/e.vhd
file delete -force K:/APP/pb_APP_log_comb.srcs/sources_1/new/e.vhd
close [ open K:/APP/pb_APP_log_comb.srcs/sources_1/new/e.vhd w ]
add_files K:/APP/pb_APP_log_comb.srcs/sources_1/new/e.vhd
set_property is_enabled false [get_files  K:/APP/pb_APP_log_comb.srcs/sources_1/new/e.vhd]
set_property is_enabled true [get_files  K:/APP/pb_APP_log_comb.srcs/sources_1/new/e.vhd]
export_ip_user_files -of_objects  [get_files K:/APP/pb_APP_log_comb.srcs/sources_1/new/e.vhd] -no_script -reset -force -quiet
remove_files  K:/APP/pb_APP_log_comb.srcs/sources_1/new/e.vhd
file delete -force K:/APP/pb_APP_log_comb.srcs/sources_1/new/e.vhd
export_ip_user_files -of_objects  [get_files K:/APP/pb_APP_log_comb.srcs/sources_1/new/inst_Thermo2Bin.vhd] -no_script -reset -force -quiet
remove_files  K:/APP/pb_APP_log_comb.srcs/sources_1/new/inst_Thermo2Bin.vhd
file delete -force K:/APP/pb_APP_log_comb.srcs/sources_1/new/inst_Thermo2Bin.vhd
close [ open K:/APP/pb_APP_log_comb.srcs/sources_1/new/inst_decodeur.vhd w ]
add_files K:/APP/pb_APP_log_comb.srcs/sources_1/new/inst_decodeur.vhd
set_property library work [get_files  K:/APP/pb_APP_log_comb.srcs/sources_1/new/inst_decodeur.vhd]
set_property library xil_defaultlib [get_files  K:/APP/pb_APP_log_comb.srcs/sources_1/new/inst_decodeur.vhd]
export_ip_user_files -of_objects  [get_files K:/APP/pb_APP_log_comb.srcs/sources_1/new/inst_decodeur.vhd] -no_script -reset -force -quiet
remove_files  K:/APP/pb_APP_log_comb.srcs/sources_1/new/inst_decodeur.vhd
file delete -force K:/APP/pb_APP_log_comb.srcs/sources_1/new/inst_decodeur.vhd
close [ open K:/APP/pb_APP_log_comb.srcs/sources_1/new/decodeur3_8.vhd w ]
add_files K:/APP/pb_APP_log_comb.srcs/sources_1/new/decodeur3_8.vhd
close [ open K:/APP/pb_APP_log_comb.srcs/sources_1/new/e.vhd w ]
add_files K:/APP/pb_APP_log_comb.srcs/sources_1/new/e.vhd
export_ip_user_files -of_objects  [get_files K:/APP/pb_APP_log_comb.srcs/sources_1/new/decodeur3_8.vhd] -no_script -reset -force -quiet
remove_files  K:/APP/pb_APP_log_comb.srcs/sources_1/new/decodeur3_8.vhd
file delete -force K:/APP/pb_APP_log_comb.srcs/sources_1/new/decodeur3_8.vhd
export_ip_user_files -of_objects  [get_files K:/APP/pb_APP_log_comb.srcs/sources_1/new/e.vhd] -no_script -reset -force -quiet
remove_files  K:/APP/pb_APP_log_comb.srcs/sources_1/new/e.vhd
file delete -force K:/APP/pb_APP_log_comb.srcs/sources_1/new/e.vhd
close [ open K:/APP/pb_APP_log_comb.srcs/sources_1/new/inst_decodeur.vhd w ]
add_files K:/APP/pb_APP_log_comb.srcs/sources_1/new/inst_decodeur.vhd
close [ open K:/APP/pb_APP_log_comb.srcs/sources_1/new/inst_multiplex.vhd w ]
add_files K:/APP/pb_APP_log_comb.srcs/sources_1/new/inst_multiplex.vhd
export_ip_user_files -of_objects  [get_files K:/APP/pb_APP_log_comb.srcs/sources_1/new/inst_multiplex.vhd] -no_script -reset -force -quiet
export_ip_user_files -of_objects  [get_files K:/APP/pb_APP_log_comb.srcs/sources_1/new/inst_decodeur.vhd] -no_script -reset -force -quiet
remove_files  {K:/APP/pb_APP_log_comb.srcs/sources_1/new/inst_multiplex.vhd K:/APP/pb_APP_log_comb.srcs/sources_1/new/inst_decodeur.vhd}
file delete -force K:/APP/pb_APP_log_comb.srcs/sources_1/new/inst_multiplex.vhd K:/APP/pb_APP_log_comb.srcs/sources_1/new/inst_decodeur.vhd
close [ open K:/APP/pb_APP_log_comb.srcs/sources_1/new/inst_deco.vhd w ]
add_files K:/APP/pb_APP_log_comb.srcs/sources_1/new/inst_deco.vhd
close [ open K:/APP/pb_APP_log_comb.srcs/sources_1/new/inst_2_3.vhd w ]
add_files K:/APP/pb_APP_log_comb.srcs/sources_1/new/inst_2_3.vhd
close [ open K:/APP/pb_APP_log_comb.srcs/sources_1/new/inst_parite.vhd w ]
add_files K:/APP/pb_APP_log_comb.srcs/sources_1/new/inst_parite.vhd
archive_project K:/pb_APP_log_comb.xpr.zip -temp_dir K:/APP/.Xil/Vivado-13628-gegi-3016-24win -force -include_local_ip_cache
INFO: [Coretcl 2-137] starting archive...
INFO: [Coretcl 2-1499] Saving project copy to temporary location 'K:/APP/.Xil/Vivado-13628-gegi-3016-24win' for archiving project
WARNING: [filemgmt 56-3] Default IP Output Path : Could not find the directory 'K:/APP/pb_APP_log_comb.gen/sources_1'.
Scanning sources...
Finished scanning sources
INFO: [Coretcl 2-1211] Creating project copy for archival...
INFO: [Coretcl 2-1213] Including run results for 'synth_1'
INFO: [Coretcl 2-1213] Including run results for 'impl_1'
INFO: [Coretcl 2-1209] Adding archive summary file to the project...
INFO: [Coretcl 2-1214] Preparing project files for archive...
INFO: [Coretcl 2-1210] Compressing project files and data...
INFO: [Coretcl 2-1215] Project archived (K:/pb_APP_log_comb.xpr.zip)
INFO: [Coretcl 2-1216] To view the archive summary log in GUI, double click on 'Design Sources->Text->archive_project_summary.txt', or open this file from the archived project directory.
close [ open K:/APP/pb_APP_log_comb.srcs/sources_1/new/inst_MUX.vhd w ]
add_files K:/APP/pb_APP_log_comb.srcs/sources_1/new/inst_MUX.vhd
archive_project K:/pb_APP_log_comb.xpr.zip -temp_dir K:/APP/.Xil/Vivado-13628-gegi-3016-24win -force -include_local_ip_cache
INFO: [Coretcl 2-137] starting archive...
INFO: [Coretcl 2-1499] Saving project copy to temporary location 'K:/APP/.Xil/Vivado-13628-gegi-3016-24win' for archiving project
WARNING: [filemgmt 56-3] Default IP Output Path : Could not find the directory 'K:/APP/pb_APP_log_comb.gen/sources_1'.
Scanning sources...
Finished scanning sources
INFO: [Coretcl 2-1211] Creating project copy for archival...
INFO: [Coretcl 2-1213] Including run results for 'synth_1'
INFO: [Coretcl 2-1213] Including run results for 'impl_1'
INFO: [Coretcl 2-1209] Adding archive summary file to the project...
INFO: [Coretcl 2-1214] Preparing project files for archive...
INFO: [Coretcl 2-1210] Compressing project files and data...
INFO: [Coretcl 2-1215] Project archived (K:/pb_APP_log_comb.xpr.zip)
INFO: [Coretcl 2-1216] To view the archive summary log in GUI, double click on 'Design Sources->Text->archive_project_summary.txt', or open this file from the archived project directory.
close [ open K:/APP/pb_APP_log_comb.srcs/sources_1/new/inst_bin.vhd w ]
add_files K:/APP/pb_APP_log_comb.srcs/sources_1/new/inst_bin.vhd
close [ open K:/APP/pb_APP_log_comb.srcs/sources_1/new/inst_bin_ns.vhd w ]
add_files K:/APP/pb_APP_log_comb.srcs/sources_1/new/inst_bin_ns.vhd
export_ip_user_files -of_objects  [get_files K:/APP/pb_APP_log_comb.srcs/sources_1/new/inst_bin.vhd] -no_script -reset -force -quiet
remove_files  K:/APP/pb_APP_log_comb.srcs/sources_1/new/inst_bin.vhd
file delete -force K:/APP/pb_APP_log_comb.srcs/sources_1/new/inst_bin.vhd
close [ open K:/APP/pb_APP_log_comb.srcs/sources_1/new/inst_bin_s.vhd w ]
add_files K:/APP/pb_APP_log_comb.srcs/sources_1/new/inst_bin_s.vhd
archive_project K:/pb_APP_log_comb.xpr.zip -temp_dir K:/APP/.Xil/Vivado-13628-gegi-3016-24win -force -include_local_ip_cache
INFO: [Coretcl 2-137] starting archive...
INFO: [Coretcl 2-1499] Saving project copy to temporary location 'K:/APP/.Xil/Vivado-13628-gegi-3016-24win' for archiving project
WARNING: [filemgmt 56-3] Default IP Output Path : Could not find the directory 'K:/APP/pb_APP_log_comb.gen/sources_1'.
Scanning sources...
Finished scanning sources
INFO: [Coretcl 2-1211] Creating project copy for archival...
INFO: [Coretcl 2-1213] Including run results for 'synth_1'
INFO: [Coretcl 2-1213] Including run results for 'impl_1'
INFO: [Coretcl 2-1209] Adding archive summary file to the project...
INFO: [Coretcl 2-1214] Preparing project files for archive...
INFO: [Coretcl 2-1210] Compressing project files and data...
INFO: [Coretcl 2-1215] Project archived (K:/pb_APP_log_comb.xpr.zip)
INFO: [Coretcl 2-1216] To view the archive summary log in GUI, double click on 'Design Sources->Text->archive_project_summary.txt', or open this file from the archived project directory.
