#-----------------------------------------------------------
# Vivado v2020.2 (64-bit)
# SW Build 3064766 on Wed Nov 18 09:12:45 MST 2020
# IP Build 3064653 on Wed Nov 18 14:17:31 MST 2020
# Start of session at: Mon Jan 15 12:07:57 2024
# Process ID: 12744
# Current directory: D:/GitHub/S4_APP1
# Command line: vivado.exe -gui_launcher_event rodinguilauncherevent16320 D:\GitHub\S4_APP1\pb_APP_log_comb.xpr
# Log file: D:/GitHub/S4_APP1/vivado.log
# Journal file: D:/GitHub/S4_APP1\vivado.jou
#-----------------------------------------------------------
start_gui
open_project D:/GitHub/S4_APP1/pb_APP_log_comb.xpr
WARNING: [filemgmt 56-3] Default IP Output Path : Could not find the directory 'D:/GitHub/S4_APP1/pb_APP_log_comb.gen/sources_1'.
Scanning sources...
Finished scanning sources
INFO: [IP_Flow 19-234] Refreshing IP repositories
INFO: [IP_Flow 19-1704] No user IP repositories specified
INFO: [IP_Flow 19-2313] Loaded Vivado IP repository 'D:/xilinx/Vivado/2020.2/data/ip'.
open_project: Time (s): cpu = 00:00:13 ; elapsed = 00:00:16 . Memory (MB): peak = 1126.336 ; gain = 0.000
set_property top Thermo2Bin_TB [get_filesets sim_1]
set_property top_lib xil_defaultlib [get_filesets sim_1]
set_property top Thermo2bin [current_fileset]
set_property top AppCombi_top [current_fileset]
launch_simulation
Command: launch_simulation 
INFO: [Vivado 12-5682] Launching behavioral simulation in 'D:/GitHub/S4_APP1/pb_APP_log_comb.sim/sim_1/behav/xsim'
INFO: [SIM-utils-51] Simulation object is 'sim_1'
INFO: [SIM-utils-54] Inspecting design source files for 'Thermo2Bin_TB' in fileset 'sim_1'...
INFO: [USF-XSim-97] Finding global include files...
INFO: [USF-XSim-100] Fetching design files from 'sources_1'...(this may take a while)...
INFO: [USF-XSim-101] Fetching design files from 'sim_1'...
INFO: [USF-XSim-2] XSim::Compile design
INFO: [USF-XSim-61] Executing 'COMPILE and ANALYZE' step in 'D:/GitHub/S4_APP1/pb_APP_log_comb.sim/sim_1/behav/xsim'
"xvhdl --incr --relax -prj Thermo2Bin_TB_vhdl.prj"
INFO: [VRFC 10-163] Analyzing VHDL file "D:/GitHub/S4_APP1/pb_APP_log_comb.srcs/sources_1/imports/src/AppCombi_top.vhd" into library xil_defaultlib
INFO: [VRFC 10-3107] analyzing entity 'AppCombi_top'
INFO: [VRFC 10-163] Analyzing VHDL file "D:/GitHub/S4_APP1/pb_APP_log_comb.srcs/sim_1/new/Thermo2Bin_TB.vhd" into library xil_defaultlib
INFO: [VRFC 10-3107] analyzing entity 'Thermo2Bin_TB'
INFO: [USF-XSim-69] 'compile' step finished in '4' seconds
INFO: [USF-XSim-3] XSim::Elaborate design
INFO: [USF-XSim-61] Executing 'ELABORATE' step in 'D:/GitHub/S4_APP1/pb_APP_log_comb.sim/sim_1/behav/xsim'
"xelab -wto 6e88f38826214958bd01804f64fad5de --incr --debug typical --relax --mt 2 -L xil_defaultlib -L secureip --snapshot Thermo2Bin_TB_behav xil_defaultlib.Thermo2Bin_TB -log elaborate.log"
Vivado Simulator 2020.2
Copyright 1986-1999, 2001-2020 Xilinx, Inc. All Rights Reserved.
Running: D:/xilinx/Vivado/2020.2/bin/unwrapped/win64.o/xelab.exe -wto 6e88f38826214958bd01804f64fad5de --incr --debug typical --relax --mt 2 -L xil_defaultlib -L secureip --snapshot Thermo2Bin_TB_behav xil_defaultlib.Thermo2Bin_TB -log elaborate.log 
Using 2 slave threads.
Starting static elaboration
Completed static elaboration
Starting simulation data flow analysis
Completed simulation data flow analysis
Time Resolution for simulation is 1ps
Compiling package std.standard
Compiling package std.textio
Compiling package ieee.std_logic_1164
Compiling package ieee.numeric_std
Compiling package ieee.std_logic_arith
Compiling package ieee.std_logic_unsigned
Compiling architecture behavioral of entity xil_defaultlib.check_erreur [check_erreur_default]
Compiling architecture behavioral of entity xil_defaultlib.Thermo2 [thermo2_default]
Compiling architecture behavioral of entity xil_defaultlib.Add1bit [add1bit_default]
Compiling architecture behavioral of entity xil_defaultlib.Add4bits [add4bits_default]
Compiling architecture behavioral of entity xil_defaultlib.Thermo2bin [thermo2bin_default]
Compiling architecture behavioral of entity xil_defaultlib.thermo2bin_tb
Built simulation snapshot Thermo2Bin_TB_behav

****** Webtalk v2020.2 (64-bit)
  **** SW Build 3064766 on Wed Nov 18 09:12:45 MST 2020
  **** IP Build 3064653 on Wed Nov 18 14:17:31 MST 2020
    ** Copyright 1986-2020 Xilinx, Inc. All Rights Reserved.

source D:/GitHub/S4_APP1/pb_APP_log_comb.sim/sim_1/behav/xsim/xsim.dir/Thermo2Bin_TB_behav/webtalk/xsim_webtalk.tcl -notrace
INFO: [Common 17-206] Exiting Webtalk at Mon Jan 15 13:32:53 2024...
run_program: Time (s): cpu = 00:00:00 ; elapsed = 00:00:07 . Memory (MB): peak = 1126.336 ; gain = 0.000
INFO: [USF-XSim-69] 'elaborate' step finished in '7' seconds
INFO: [USF-XSim-4] XSim::Simulate design
INFO: [USF-XSim-61] Executing 'SIMULATE' step in 'D:/GitHub/S4_APP1/pb_APP_log_comb.sim/sim_1/behav/xsim'
INFO: [USF-XSim-98] *** Running xsim
   with args "Thermo2Bin_TB_behav -key {Behavioral:sim_1:Functional:Thermo2Bin_TB} -tclbatch {Thermo2Bin_TB.tcl} -view {D:/GitHub/S4_APP1/pb_APP_log_comb.srcs/sim_1/imports/S4_APP1/AppCombi_top_tb_behav.wcfg} -log {simulate.log}"
INFO: [USF-XSim-8] Loading simulator feature
Vivado Simulator 2020.2
Time resolution is 1 ps
open_wave_config D:/GitHub/S4_APP1/pb_APP_log_comb.srcs/sim_1/imports/S4_APP1/AppCombi_top_tb_behav.wcfg
source Thermo2Bin_TB.tcl
# set curr_wave [current_wave_config]
# if { [string length $curr_wave] == 0 } {
#   if { [llength [get_objects]] > 0} {
#     add_wave /
#     set_property needs_save false [current_wave_config]
#   } else {
#      send_msg_id Add_Wave-1 WARNING "No top level signals found. Simulator will start without a wave window. If you want to open a wave window go to 'File->New Waveform Configuration' or type 'create_wave_config' in the TCL console."
#   }
# }
# run 1000ns
INFO: [USF-XSim-96] XSim completed. Design snapshot 'Thermo2Bin_TB_behav' loaded.
INFO: [USF-XSim-97] XSim simulation ran for 1000ns
launch_simulation: Time (s): cpu = 00:00:08 ; elapsed = 00:00:16 . Memory (MB): peak = 1126.336 ; gain = 0.000
run 1200 ns
close_sim
INFO: [Simtcl 6-16] Simulation closed
set_property top AppCombi_top_tb [get_filesets sim_1]
set_property top_lib xil_defaultlib [get_filesets sim_1]
set_property top Thermo2bin [current_fileset]
synth_design -rtl -rtl_skip_mlo -name rtl_1
Command: synth_design -rtl -rtl_skip_mlo -name rtl_1
Starting synth_design
Using part: xc7z010clg400-1
Top: Thermo2bin
INFO: [Device 21-403] Loading part xc7z010clg400-1
---------------------------------------------------------------------------------
Starting RTL Elaboration : Time (s): cpu = 00:00:04 ; elapsed = 00:00:05 . Memory (MB): peak = 1628.227 ; gain = 252.070
---------------------------------------------------------------------------------
INFO: [Synth 8-638] synthesizing module 'Thermo2bin' [D:/GitHub/S4_APP1/pb_APP_log_comb.srcs/sources_1/new/inst_thermo2bin.vhd:41]
INFO: [Synth 8-3491] module 'Thermo2' declared at 'D:/GitHub/S4_APP1/pb_APP_log_comb.srcs/sources_1/new/inst_lecture2bin.vhd:34' bound to instance 'inst_Thermo2_1' of component 'Thermo2' [D:/GitHub/S4_APP1/pb_APP_log_comb.srcs/sources_1/new/inst_thermo2bin.vhd:71]
INFO: [Synth 8-638] synthesizing module 'Thermo2' [D:/GitHub/S4_APP1/pb_APP_log_comb.srcs/sources_1/new/inst_lecture2bin.vhd:42]
INFO: [Synth 8-3491] module 'check_erreur' declared at 'D:/GitHub/S4_APP1/pb_APP_log_comb.srcs/sources_1/new/inst_check_erreur.vhd:34' bound to instance 'inst_check_erreur' of component 'check_erreur' [D:/GitHub/S4_APP1/pb_APP_log_comb.srcs/sources_1/new/inst_lecture2bin.vhd:54]
INFO: [Synth 8-638] synthesizing module 'check_erreur' [D:/GitHub/S4_APP1/pb_APP_log_comb.srcs/sources_1/new/inst_check_erreur.vhd:41]
INFO: [Synth 8-256] done synthesizing module 'check_erreur' (1#1) [D:/GitHub/S4_APP1/pb_APP_log_comb.srcs/sources_1/new/inst_check_erreur.vhd:41]
INFO: [Synth 8-256] done synthesizing module 'Thermo2' (2#1) [D:/GitHub/S4_APP1/pb_APP_log_comb.srcs/sources_1/new/inst_lecture2bin.vhd:42]
INFO: [Synth 8-3491] module 'Thermo2' declared at 'D:/GitHub/S4_APP1/pb_APP_log_comb.srcs/sources_1/new/inst_lecture2bin.vhd:34' bound to instance 'inst_Thermo2_2' of component 'Thermo2' [D:/GitHub/S4_APP1/pb_APP_log_comb.srcs/sources_1/new/inst_thermo2bin.vhd:78]
INFO: [Synth 8-3491] module 'Thermo2' declared at 'D:/GitHub/S4_APP1/pb_APP_log_comb.srcs/sources_1/new/inst_lecture2bin.vhd:34' bound to instance 'inst_Thermo2_3' of component 'Thermo2' [D:/GitHub/S4_APP1/pb_APP_log_comb.srcs/sources_1/new/inst_thermo2bin.vhd:85]
INFO: [Synth 8-3491] module 'Thermo2' declared at 'D:/GitHub/S4_APP1/pb_APP_log_comb.srcs/sources_1/new/inst_lecture2bin.vhd:34' bound to instance 'inst_Thermo2_4' of component 'Thermo2' [D:/GitHub/S4_APP1/pb_APP_log_comb.srcs/sources_1/new/inst_thermo2bin.vhd:92]
INFO: [Synth 8-3491] module 'Add4bits' declared at 'D:/GitHub/S4_APP1/pb_APP_log_comb.srcs/sources_1/new/inst_add_4bits.vhd:34' bound to instance 'inst_Add4_1' of component 'Add4bits' [D:/GitHub/S4_APP1/pb_APP_log_comb.srcs/sources_1/new/inst_thermo2bin.vhd:99]
INFO: [Synth 8-638] synthesizing module 'Add4bits' [D:/GitHub/S4_APP1/pb_APP_log_comb.srcs/sources_1/new/inst_add_4bits.vhd:42]
INFO: [Synth 8-3491] module 'Add1bit' declared at 'D:/GitHub/S4_APP1/pb_APP_log_comb.srcs/sources_1/new/inst_add.vhd:34' bound to instance 'inst_addA' of component 'Add1bit' [D:/GitHub/S4_APP1/pb_APP_log_comb.srcs/sources_1/new/inst_add_4bits.vhd:57]
INFO: [Synth 8-638] synthesizing module 'Add1bit' [D:/GitHub/S4_APP1/pb_APP_log_comb.srcs/sources_1/new/inst_add.vhd:42]
INFO: [Synth 8-256] done synthesizing module 'Add1bit' (3#1) [D:/GitHub/S4_APP1/pb_APP_log_comb.srcs/sources_1/new/inst_add.vhd:42]
INFO: [Synth 8-3491] module 'Add1bit' declared at 'D:/GitHub/S4_APP1/pb_APP_log_comb.srcs/sources_1/new/inst_add.vhd:34' bound to instance 'inst_addB' of component 'Add1bit' [D:/GitHub/S4_APP1/pb_APP_log_comb.srcs/sources_1/new/inst_add_4bits.vhd:66]
INFO: [Synth 8-3491] module 'Add1bit' declared at 'D:/GitHub/S4_APP1/pb_APP_log_comb.srcs/sources_1/new/inst_add.vhd:34' bound to instance 'inst_addC' of component 'Add1bit' [D:/GitHub/S4_APP1/pb_APP_log_comb.srcs/sources_1/new/inst_add_4bits.vhd:75]
INFO: [Synth 8-3491] module 'Add1bit' declared at 'D:/GitHub/S4_APP1/pb_APP_log_comb.srcs/sources_1/new/inst_add.vhd:34' bound to instance 'inst_addD' of component 'Add1bit' [D:/GitHub/S4_APP1/pb_APP_log_comb.srcs/sources_1/new/inst_add_4bits.vhd:84]
INFO: [Synth 8-256] done synthesizing module 'Add4bits' (4#1) [D:/GitHub/S4_APP1/pb_APP_log_comb.srcs/sources_1/new/inst_add_4bits.vhd:42]
INFO: [Synth 8-3491] module 'Add4bits' declared at 'D:/GitHub/S4_APP1/pb_APP_log_comb.srcs/sources_1/new/inst_add_4bits.vhd:34' bound to instance 'inst_Add4_2' of component 'Add4bits' [D:/GitHub/S4_APP1/pb_APP_log_comb.srcs/sources_1/new/inst_thermo2bin.vhd:109]
INFO: [Synth 8-3491] module 'Add4bits' declared at 'D:/GitHub/S4_APP1/pb_APP_log_comb.srcs/sources_1/new/inst_add_4bits.vhd:34' bound to instance 'inst_Add4_3' of component 'Add4bits' [D:/GitHub/S4_APP1/pb_APP_log_comb.srcs/sources_1/new/inst_thermo2bin.vhd:119]
INFO: [Synth 8-3491] module 'check_erreur' declared at 'D:/GitHub/S4_APP1/pb_APP_log_comb.srcs/sources_1/new/inst_check_erreur.vhd:34' bound to instance 'inst_check1' of component 'check_erreur' [D:/GitHub/S4_APP1/pb_APP_log_comb.srcs/sources_1/new/inst_thermo2bin.vhd:130]
INFO: [Synth 8-3491] module 'check_erreur' declared at 'D:/GitHub/S4_APP1/pb_APP_log_comb.srcs/sources_1/new/inst_check_erreur.vhd:34' bound to instance 'inst_check2' of component 'check_erreur' [D:/GitHub/S4_APP1/pb_APP_log_comb.srcs/sources_1/new/inst_thermo2bin.vhd:136]
INFO: [Synth 8-3491] module 'check_erreur' declared at 'D:/GitHub/S4_APP1/pb_APP_log_comb.srcs/sources_1/new/inst_check_erreur.vhd:34' bound to instance 'inst_check3' of component 'check_erreur' [D:/GitHub/S4_APP1/pb_APP_log_comb.srcs/sources_1/new/inst_thermo2bin.vhd:142]
INFO: [Synth 8-256] done synthesizing module 'Thermo2bin' (5#1) [D:/GitHub/S4_APP1/pb_APP_log_comb.srcs/sources_1/new/inst_thermo2bin.vhd:41]
---------------------------------------------------------------------------------
Finished RTL Elaboration : Time (s): cpu = 00:00:05 ; elapsed = 00:00:06 . Memory (MB): peak = 1680.828 ; gain = 304.672
---------------------------------------------------------------------------------
---------------------------------------------------------------------------------
Start Handling Custom Attributes
---------------------------------------------------------------------------------
---------------------------------------------------------------------------------
Finished Handling Custom Attributes : Time (s): cpu = 00:00:05 ; elapsed = 00:00:07 . Memory (MB): peak = 1680.828 ; gain = 304.672
---------------------------------------------------------------------------------
---------------------------------------------------------------------------------
Finished RTL Optimization Phase 1 : Time (s): cpu = 00:00:05 ; elapsed = 00:00:07 . Memory (MB): peak = 1680.828 ; gain = 304.672
---------------------------------------------------------------------------------
Netlist sorting complete. Time (s): cpu = 00:00:00 ; elapsed = 00:00:00.001 . Memory (MB): peak = 1680.828 ; gain = 0.000
INFO: [Project 1-570] Preparing netlist for logic optimization

Processing XDC Constraints
Initializing timing engine
Parsing XDC File [D:/GitHub/S4_APP1/pb_APP_log_comb.srcs/constrs_1/imports/contraintes/AppCombi_top.xdc]
WARNING: [Vivado 12-584] No ports matched 'sysclk'. [D:/GitHub/S4_APP1/pb_APP_log_comb.srcs/constrs_1/imports/contraintes/AppCombi_top.xdc:17]
CRITICAL WARNING: [Common 17-55] 'set_property' expects at least one object. [D:/GitHub/S4_APP1/pb_APP_log_comb.srcs/constrs_1/imports/contraintes/AppCombi_top.xdc:17]
Resolution: If [get_<value>] was used to populate the object, check to make sure this command returns at least one valid object.
WARNING: [Vivado 12-584] No ports matched 'sysclk'. [D:/GitHub/S4_APP1/pb_APP_log_comb.srcs/constrs_1/imports/contraintes/AppCombi_top.xdc:18]
CRITICAL WARNING: [Vivado 12-4739] create_clock:No valid object(s) found for '-objects [get_ports sysclk]'. [D:/GitHub/S4_APP1/pb_APP_log_comb.srcs/constrs_1/imports/contraintes/AppCombi_top.xdc:18]
Resolution: Check if the specified object(s) exists in the current design. If it does, ensure that the correct design hierarchy was specified for the object. If you are working with clocks, make sure create_clock was used to create the clock object before it is referenced.
WARNING: [Vivado 12-584] No ports matched 'i_sw[0]'. [D:/GitHub/S4_APP1/pb_APP_log_comb.srcs/constrs_1/imports/contraintes/AppCombi_top.xdc:21]
CRITICAL WARNING: [Common 17-55] 'set_property' expects at least one object. [D:/GitHub/S4_APP1/pb_APP_log_comb.srcs/constrs_1/imports/contraintes/AppCombi_top.xdc:21]
Resolution: If [get_<value>] was used to populate the object, check to make sure this command returns at least one valid object.
WARNING: [Vivado 12-584] No ports matched 'i_sw[1]'. [D:/GitHub/S4_APP1/pb_APP_log_comb.srcs/constrs_1/imports/contraintes/AppCombi_top.xdc:22]
CRITICAL WARNING: [Common 17-55] 'set_property' expects at least one object. [D:/GitHub/S4_APP1/pb_APP_log_comb.srcs/constrs_1/imports/contraintes/AppCombi_top.xdc:22]
Resolution: If [get_<value>] was used to populate the object, check to make sure this command returns at least one valid object.
WARNING: [Vivado 12-584] No ports matched 'i_sw[2]'. [D:/GitHub/S4_APP1/pb_APP_log_comb.srcs/constrs_1/imports/contraintes/AppCombi_top.xdc:23]
CRITICAL WARNING: [Common 17-55] 'set_property' expects at least one object. [D:/GitHub/S4_APP1/pb_APP_log_comb.srcs/constrs_1/imports/contraintes/AppCombi_top.xdc:23]
Resolution: If [get_<value>] was used to populate the object, check to make sure this command returns at least one valid object.
WARNING: [Vivado 12-584] No ports matched 'i_sw[3]'. [D:/GitHub/S4_APP1/pb_APP_log_comb.srcs/constrs_1/imports/contraintes/AppCombi_top.xdc:24]
CRITICAL WARNING: [Common 17-55] 'set_property' expects at least one object. [D:/GitHub/S4_APP1/pb_APP_log_comb.srcs/constrs_1/imports/contraintes/AppCombi_top.xdc:24]
Resolution: If [get_<value>] was used to populate the object, check to make sure this command returns at least one valid object.
WARNING: [Vivado 12-584] No ports matched 'i_btn[0]'. [D:/GitHub/S4_APP1/pb_APP_log_comb.srcs/constrs_1/imports/contraintes/AppCombi_top.xdc:27]
CRITICAL WARNING: [Common 17-55] 'set_property' expects at least one object. [D:/GitHub/S4_APP1/pb_APP_log_comb.srcs/constrs_1/imports/contraintes/AppCombi_top.xdc:27]
Resolution: If [get_<value>] was used to populate the object, check to make sure this command returns at least one valid object.
WARNING: [Vivado 12-584] No ports matched 'i_btn[1]'. [D:/GitHub/S4_APP1/pb_APP_log_comb.srcs/constrs_1/imports/contraintes/AppCombi_top.xdc:28]
CRITICAL WARNING: [Common 17-55] 'set_property' expects at least one object. [D:/GitHub/S4_APP1/pb_APP_log_comb.srcs/constrs_1/imports/contraintes/AppCombi_top.xdc:28]
Resolution: If [get_<value>] was used to populate the object, check to make sure this command returns at least one valid object.
WARNING: [Vivado 12-584] No ports matched 'i_btn[2]'. [D:/GitHub/S4_APP1/pb_APP_log_comb.srcs/constrs_1/imports/contraintes/AppCombi_top.xdc:29]
CRITICAL WARNING: [Common 17-55] 'set_property' expects at least one object. [D:/GitHub/S4_APP1/pb_APP_log_comb.srcs/constrs_1/imports/contraintes/AppCombi_top.xdc:29]
Resolution: If [get_<value>] was used to populate the object, check to make sure this command returns at least one valid object.
WARNING: [Vivado 12-584] No ports matched 'i_btn[3]'. [D:/GitHub/S4_APP1/pb_APP_log_comb.srcs/constrs_1/imports/contraintes/AppCombi_top.xdc:30]
CRITICAL WARNING: [Common 17-55] 'set_property' expects at least one object. [D:/GitHub/S4_APP1/pb_APP_log_comb.srcs/constrs_1/imports/contraintes/AppCombi_top.xdc:30]
Resolution: If [get_<value>] was used to populate the object, check to make sure this command returns at least one valid object.
WARNING: [Vivado 12-584] No ports matched 'o_led[0]'. [D:/GitHub/S4_APP1/pb_APP_log_comb.srcs/constrs_1/imports/contraintes/AppCombi_top.xdc:34]
CRITICAL WARNING: [Common 17-55] 'set_property' expects at least one object. [D:/GitHub/S4_APP1/pb_APP_log_comb.srcs/constrs_1/imports/contraintes/AppCombi_top.xdc:34]
Resolution: If [get_<value>] was used to populate the object, check to make sure this command returns at least one valid object.
WARNING: [Vivado 12-584] No ports matched 'o_led[1]'. [D:/GitHub/S4_APP1/pb_APP_log_comb.srcs/constrs_1/imports/contraintes/AppCombi_top.xdc:35]
CRITICAL WARNING: [Common 17-55] 'set_property' expects at least one object. [D:/GitHub/S4_APP1/pb_APP_log_comb.srcs/constrs_1/imports/contraintes/AppCombi_top.xdc:35]
Resolution: If [get_<value>] was used to populate the object, check to make sure this command returns at least one valid object.
WARNING: [Vivado 12-584] No ports matched 'o_led[2]'. [D:/GitHub/S4_APP1/pb_APP_log_comb.srcs/constrs_1/imports/contraintes/AppCombi_top.xdc:36]
CRITICAL WARNING: [Common 17-55] 'set_property' expects at least one object. [D:/GitHub/S4_APP1/pb_APP_log_comb.srcs/constrs_1/imports/contraintes/AppCombi_top.xdc:36]
Resolution: If [get_<value>] was used to populate the object, check to make sure this command returns at least one valid object.
WARNING: [Vivado 12-584] No ports matched 'o_led[3]'. [D:/GitHub/S4_APP1/pb_APP_log_comb.srcs/constrs_1/imports/contraintes/AppCombi_top.xdc:37]
CRITICAL WARNING: [Common 17-55] 'set_property' expects at least one object. [D:/GitHub/S4_APP1/pb_APP_log_comb.srcs/constrs_1/imports/contraintes/AppCombi_top.xdc:37]
Resolution: If [get_<value>] was used to populate the object, check to make sure this command returns at least one valid object.
WARNING: [Vivado 12-584] No ports matched 'o_led6_r'. [D:/GitHub/S4_APP1/pb_APP_log_comb.srcs/constrs_1/imports/contraintes/AppCombi_top.xdc:40]
CRITICAL WARNING: [Common 17-55] 'set_property' expects at least one object. [D:/GitHub/S4_APP1/pb_APP_log_comb.srcs/constrs_1/imports/contraintes/AppCombi_top.xdc:40]
Resolution: If [get_<value>] was used to populate the object, check to make sure this command returns at least one valid object.
WARNING: [Vivado 12-584] No ports matched 'o_SSD[0]'. [D:/GitHub/S4_APP1/pb_APP_log_comb.srcs/constrs_1/imports/contraintes/AppCombi_top.xdc:52]
CRITICAL WARNING: [Common 17-55] 'set_property' expects at least one object. [D:/GitHub/S4_APP1/pb_APP_log_comb.srcs/constrs_1/imports/contraintes/AppCombi_top.xdc:52]
Resolution: If [get_<value>] was used to populate the object, check to make sure this command returns at least one valid object.
WARNING: [Vivado 12-584] No ports matched 'o_SSD[1]'. [D:/GitHub/S4_APP1/pb_APP_log_comb.srcs/constrs_1/imports/contraintes/AppCombi_top.xdc:53]
CRITICAL WARNING: [Common 17-55] 'set_property' expects at least one object. [D:/GitHub/S4_APP1/pb_APP_log_comb.srcs/constrs_1/imports/contraintes/AppCombi_top.xdc:53]
Resolution: If [get_<value>] was used to populate the object, check to make sure this command returns at least one valid object.
WARNING: [Vivado 12-584] No ports matched 'o_SSD[2]'. [D:/GitHub/S4_APP1/pb_APP_log_comb.srcs/constrs_1/imports/contraintes/AppCombi_top.xdc:54]
CRITICAL WARNING: [Common 17-55] 'set_property' expects at least one object. [D:/GitHub/S4_APP1/pb_APP_log_comb.srcs/constrs_1/imports/contraintes/AppCombi_top.xdc:54]
Resolution: If [get_<value>] was used to populate the object, check to make sure this command returns at least one valid object.
WARNING: [Vivado 12-584] No ports matched 'o_SSD[3]'. [D:/GitHub/S4_APP1/pb_APP_log_comb.srcs/constrs_1/imports/contraintes/AppCombi_top.xdc:55]
CRITICAL WARNING: [Common 17-55] 'set_property' expects at least one object. [D:/GitHub/S4_APP1/pb_APP_log_comb.srcs/constrs_1/imports/contraintes/AppCombi_top.xdc:55]
Resolution: If [get_<value>] was used to populate the object, check to make sure this command returns at least one valid object.
WARNING: [Vivado 12-584] No ports matched 'o_SSD[4]'. [D:/GitHub/S4_APP1/pb_APP_log_comb.srcs/constrs_1/imports/contraintes/AppCombi_top.xdc:56]
CRITICAL WARNING: [Common 17-55] 'set_property' expects at least one object. [D:/GitHub/S4_APP1/pb_APP_log_comb.srcs/constrs_1/imports/contraintes/AppCombi_top.xdc:56]
Resolution: If [get_<value>] was used to populate the object, check to make sure this command returns at least one valid object.
WARNING: [Vivado 12-584] No ports matched 'o_SSD[5]'. [D:/GitHub/S4_APP1/pb_APP_log_comb.srcs/constrs_1/imports/contraintes/AppCombi_top.xdc:57]
CRITICAL WARNING: [Common 17-55] 'set_property' expects at least one object. [D:/GitHub/S4_APP1/pb_APP_log_comb.srcs/constrs_1/imports/contraintes/AppCombi_top.xdc:57]
Resolution: If [get_<value>] was used to populate the object, check to make sure this command returns at least one valid object.
WARNING: [Vivado 12-584] No ports matched 'o_SSD[6]'. [D:/GitHub/S4_APP1/pb_APP_log_comb.srcs/constrs_1/imports/contraintes/AppCombi_top.xdc:58]
CRITICAL WARNING: [Common 17-55] 'set_property' expects at least one object. [D:/GitHub/S4_APP1/pb_APP_log_comb.srcs/constrs_1/imports/contraintes/AppCombi_top.xdc:58]
Resolution: If [get_<value>] was used to populate the object, check to make sure this command returns at least one valid object.
WARNING: [Vivado 12-584] No ports matched 'o_SSD[7]'. [D:/GitHub/S4_APP1/pb_APP_log_comb.srcs/constrs_1/imports/contraintes/AppCombi_top.xdc:59]
CRITICAL WARNING: [Common 17-55] 'set_property' expects at least one object. [D:/GitHub/S4_APP1/pb_APP_log_comb.srcs/constrs_1/imports/contraintes/AppCombi_top.xdc:59]
Resolution: If [get_<value>] was used to populate the object, check to make sure this command returns at least one valid object.
WARNING: [Vivado 12-584] No ports matched 'o_pmodled[0]'. [D:/GitHub/S4_APP1/pb_APP_log_comb.srcs/constrs_1/imports/contraintes/AppCombi_top.xdc:62]
CRITICAL WARNING: [Common 17-55] 'set_property' expects at least one object. [D:/GitHub/S4_APP1/pb_APP_log_comb.srcs/constrs_1/imports/contraintes/AppCombi_top.xdc:62]
Resolution: If [get_<value>] was used to populate the object, check to make sure this command returns at least one valid object.
WARNING: [Vivado 12-584] No ports matched 'o_pmodled[1]'. [D:/GitHub/S4_APP1/pb_APP_log_comb.srcs/constrs_1/imports/contraintes/AppCombi_top.xdc:63]
CRITICAL WARNING: [Common 17-55] 'set_property' expects at least one object. [D:/GitHub/S4_APP1/pb_APP_log_comb.srcs/constrs_1/imports/contraintes/AppCombi_top.xdc:63]
Resolution: If [get_<value>] was used to populate the object, check to make sure this command returns at least one valid object.
WARNING: [Vivado 12-584] No ports matched 'o_pmodled[2]'. [D:/GitHub/S4_APP1/pb_APP_log_comb.srcs/constrs_1/imports/contraintes/AppCombi_top.xdc:64]
CRITICAL WARNING: [Common 17-55] 'set_property' expects at least one object. [D:/GitHub/S4_APP1/pb_APP_log_comb.srcs/constrs_1/imports/contraintes/AppCombi_top.xdc:64]
Resolution: If [get_<value>] was used to populate the object, check to make sure this command returns at least one valid object.
WARNING: [Vivado 12-584] No ports matched 'o_pmodled[3]'. [D:/GitHub/S4_APP1/pb_APP_log_comb.srcs/constrs_1/imports/contraintes/AppCombi_top.xdc:65]
CRITICAL WARNING: [Common 17-55] 'set_property' expects at least one object. [D:/GitHub/S4_APP1/pb_APP_log_comb.srcs/constrs_1/imports/contraintes/AppCombi_top.xdc:65]
Resolution: If [get_<value>] was used to populate the object, check to make sure this command returns at least one valid object.
WARNING: [Vivado 12-584] No ports matched 'o_pmodled[4]'. [D:/GitHub/S4_APP1/pb_APP_log_comb.srcs/constrs_1/imports/contraintes/AppCombi_top.xdc:66]
CRITICAL WARNING: [Common 17-55] 'set_property' expects at least one object. [D:/GitHub/S4_APP1/pb_APP_log_comb.srcs/constrs_1/imports/contraintes/AppCombi_top.xdc:66]
Resolution: If [get_<value>] was used to populate the object, check to make sure this command returns at least one valid object.
WARNING: [Vivado 12-584] No ports matched 'o_pmodled[5]'. [D:/GitHub/S4_APP1/pb_APP_log_comb.srcs/constrs_1/imports/contraintes/AppCombi_top.xdc:67]
CRITICAL WARNING: [Common 17-55] 'set_property' expects at least one object. [D:/GitHub/S4_APP1/pb_APP_log_comb.srcs/constrs_1/imports/contraintes/AppCombi_top.xdc:67]
Resolution: If [get_<value>] was used to populate the object, check to make sure this command returns at least one valid object.
WARNING: [Vivado 12-584] No ports matched 'o_pmodled[6]'. [D:/GitHub/S4_APP1/pb_APP_log_comb.srcs/constrs_1/imports/contraintes/AppCombi_top.xdc:68]
CRITICAL WARNING: [Common 17-55] 'set_property' expects at least one object. [D:/GitHub/S4_APP1/pb_APP_log_comb.srcs/constrs_1/imports/contraintes/AppCombi_top.xdc:68]
Resolution: If [get_<value>] was used to populate the object, check to make sure this command returns at least one valid object.
WARNING: [Vivado 12-584] No ports matched 'o_pmodled[7]'. [D:/GitHub/S4_APP1/pb_APP_log_comb.srcs/constrs_1/imports/contraintes/AppCombi_top.xdc:69]
CRITICAL WARNING: [Common 17-55] 'set_property' expects at least one object. [D:/GitHub/S4_APP1/pb_APP_log_comb.srcs/constrs_1/imports/contraintes/AppCombi_top.xdc:69]
Resolution: If [get_<value>] was used to populate the object, check to make sure this command returns at least one valid object.
WARNING: [Vivado 12-584] No ports matched 'i_ADC_th[0]'. [D:/GitHub/S4_APP1/pb_APP_log_comb.srcs/constrs_1/imports/contraintes/AppCombi_top.xdc:79]
CRITICAL WARNING: [Common 17-55] 'set_property' expects at least one object. [D:/GitHub/S4_APP1/pb_APP_log_comb.srcs/constrs_1/imports/contraintes/AppCombi_top.xdc:79]
Resolution: If [get_<value>] was used to populate the object, check to make sure this command returns at least one valid object.
WARNING: [Vivado 12-584] No ports matched 'i_ADC_th[1]'. [D:/GitHub/S4_APP1/pb_APP_log_comb.srcs/constrs_1/imports/contraintes/AppCombi_top.xdc:80]
CRITICAL WARNING: [Common 17-55] 'set_property' expects at least one object. [D:/GitHub/S4_APP1/pb_APP_log_comb.srcs/constrs_1/imports/contraintes/AppCombi_top.xdc:80]
Resolution: If [get_<value>] was used to populate the object, check to make sure this command returns at least one valid object.
WARNING: [Vivado 12-584] No ports matched 'i_ADC_th[2]'. [D:/GitHub/S4_APP1/pb_APP_log_comb.srcs/constrs_1/imports/contraintes/AppCombi_top.xdc:81]
CRITICAL WARNING: [Common 17-55] 'set_property' expects at least one object. [D:/GitHub/S4_APP1/pb_APP_log_comb.srcs/constrs_1/imports/contraintes/AppCombi_top.xdc:81]
Resolution: If [get_<value>] was used to populate the object, check to make sure this command returns at least one valid object.
WARNING: [Vivado 12-584] No ports matched 'i_ADC_th[3]'. [D:/GitHub/S4_APP1/pb_APP_log_comb.srcs/constrs_1/imports/contraintes/AppCombi_top.xdc:82]
CRITICAL WARNING: [Common 17-55] 'set_property' expects at least one object. [D:/GitHub/S4_APP1/pb_APP_log_comb.srcs/constrs_1/imports/contraintes/AppCombi_top.xdc:82]
Resolution: If [get_<value>] was used to populate the object, check to make sure this command returns at least one valid object.
WARNING: [Vivado 12-584] No ports matched 'i_ADC_th[4]'. [D:/GitHub/S4_APP1/pb_APP_log_comb.srcs/constrs_1/imports/contraintes/AppCombi_top.xdc:83]
CRITICAL WARNING: [Common 17-55] 'set_property' expects at least one object. [D:/GitHub/S4_APP1/pb_APP_log_comb.srcs/constrs_1/imports/contraintes/AppCombi_top.xdc:83]
Resolution: If [get_<value>] was used to populate the object, check to make sure this command returns at least one valid object.
WARNING: [Vivado 12-584] No ports matched 'i_ADC_th[5]'. [D:/GitHub/S4_APP1/pb_APP_log_comb.srcs/constrs_1/imports/contraintes/AppCombi_top.xdc:84]
CRITICAL WARNING: [Common 17-55] 'set_property' expects at least one object. [D:/GitHub/S4_APP1/pb_APP_log_comb.srcs/constrs_1/imports/contraintes/AppCombi_top.xdc:84]
Resolution: If [get_<value>] was used to populate the object, check to make sure this command returns at least one valid object.
WARNING: [Vivado 12-584] No ports matched 'i_ADC_th[6]'. [D:/GitHub/S4_APP1/pb_APP_log_comb.srcs/constrs_1/imports/contraintes/AppCombi_top.xdc:85]
CRITICAL WARNING: [Common 17-55] 'set_property' expects at least one object. [D:/GitHub/S4_APP1/pb_APP_log_comb.srcs/constrs_1/imports/contraintes/AppCombi_top.xdc:85]
Resolution: If [get_<value>] was used to populate the object, check to make sure this command returns at least one valid object.
WARNING: [Vivado 12-584] No ports matched 'i_ADC_th[7]'. [D:/GitHub/S4_APP1/pb_APP_log_comb.srcs/constrs_1/imports/contraintes/AppCombi_top.xdc:86]
CRITICAL WARNING: [Common 17-55] 'set_property' expects at least one object. [D:/GitHub/S4_APP1/pb_APP_log_comb.srcs/constrs_1/imports/contraintes/AppCombi_top.xdc:86]
Resolution: If [get_<value>] was used to populate the object, check to make sure this command returns at least one valid object.
WARNING: [Vivado 12-584] No ports matched 'i_ADC_th[8]'. [D:/GitHub/S4_APP1/pb_APP_log_comb.srcs/constrs_1/imports/contraintes/AppCombi_top.xdc:89]
CRITICAL WARNING: [Common 17-55] 'set_property' expects at least one object. [D:/GitHub/S4_APP1/pb_APP_log_comb.srcs/constrs_1/imports/contraintes/AppCombi_top.xdc:89]
Resolution: If [get_<value>] was used to populate the object, check to make sure this command returns at least one valid object.
WARNING: [Vivado 12-584] No ports matched 'i_ADC_th[9]'. [D:/GitHub/S4_APP1/pb_APP_log_comb.srcs/constrs_1/imports/contraintes/AppCombi_top.xdc:90]
CRITICAL WARNING: [Common 17-55] 'set_property' expects at least one object. [D:/GitHub/S4_APP1/pb_APP_log_comb.srcs/constrs_1/imports/contraintes/AppCombi_top.xdc:90]
Resolution: If [get_<value>] was used to populate the object, check to make sure this command returns at least one valid object.
WARNING: [Vivado 12-584] No ports matched 'i_ADC_th[10]'. [D:/GitHub/S4_APP1/pb_APP_log_comb.srcs/constrs_1/imports/contraintes/AppCombi_top.xdc:91]
CRITICAL WARNING: [Common 17-55] 'set_property' expects at least one object. [D:/GitHub/S4_APP1/pb_APP_log_comb.srcs/constrs_1/imports/contraintes/AppCombi_top.xdc:91]
Resolution: If [get_<value>] was used to populate the object, check to make sure this command returns at least one valid object.
WARNING: [Vivado 12-584] No ports matched 'i_ADC_th[11]'. [D:/GitHub/S4_APP1/pb_APP_log_comb.srcs/constrs_1/imports/contraintes/AppCombi_top.xdc:92]
CRITICAL WARNING: [Common 17-55] 'set_property' expects at least one object. [D:/GitHub/S4_APP1/pb_APP_log_comb.srcs/constrs_1/imports/contraintes/AppCombi_top.xdc:92]
Resolution: If [get_<value>] was used to populate the object, check to make sure this command returns at least one valid object.
WARNING: [Vivado 12-584] No ports matched 'o_DEL2'. [D:/GitHub/S4_APP1/pb_APP_log_comb.srcs/constrs_1/imports/contraintes/AppCombi_top.xdc:93]
CRITICAL WARNING: [Common 17-55] 'set_property' expects at least one object. [D:/GitHub/S4_APP1/pb_APP_log_comb.srcs/constrs_1/imports/contraintes/AppCombi_top.xdc:93]
Resolution: If [get_<value>] was used to populate the object, check to make sure this command returns at least one valid object.
WARNING: [Vivado 12-584] No ports matched 'i_S1'. [D:/GitHub/S4_APP1/pb_APP_log_comb.srcs/constrs_1/imports/contraintes/AppCombi_top.xdc:95]
CRITICAL WARNING: [Common 17-55] 'set_property' expects at least one object. [D:/GitHub/S4_APP1/pb_APP_log_comb.srcs/constrs_1/imports/contraintes/AppCombi_top.xdc:95]
Resolution: If [get_<value>] was used to populate the object, check to make sure this command returns at least one valid object.
WARNING: [Vivado 12-584] No ports matched 'i_S2'. [D:/GitHub/S4_APP1/pb_APP_log_comb.srcs/constrs_1/imports/contraintes/AppCombi_top.xdc:96]
CRITICAL WARNING: [Common 17-55] 'set_property' expects at least one object. [D:/GitHub/S4_APP1/pb_APP_log_comb.srcs/constrs_1/imports/contraintes/AppCombi_top.xdc:96]
Resolution: If [get_<value>] was used to populate the object, check to make sure this command returns at least one valid object.
Finished Parsing XDC File [D:/GitHub/S4_APP1/pb_APP_log_comb.srcs/constrs_1/imports/contraintes/AppCombi_top.xdc]
Completed Processing XDC Constraints

Netlist sorting complete. Time (s): cpu = 00:00:00 ; elapsed = 00:00:00 . Memory (MB): peak = 1783.660 ; gain = 0.000
INFO: [Project 1-111] Unisim Transformation Summary:
No Unisim elements were transformed.

RTL Elaboration Complete:  : Time (s): cpu = 00:00:15 ; elapsed = 00:00:12 . Memory (MB): peak = 1917.637 ; gain = 541.480
28 Infos, 46 Warnings, 46 Critical Warnings and 0 Errors encountered.
synth_design completed successfully
synth_design: Time (s): cpu = 00:00:21 ; elapsed = 00:00:27 . Memory (MB): peak = 1917.637 ; gain = 791.301
write_schematic -format pdf -orientation landscape D:/UNIVERSITE/S4/APP1/schematic thermo2bin.pdf
ERROR: [Common 17-165] Too many positional options when parsing 'thermo2bin.pdf', please type 'write_schematic -help' for usage info.
write_schematic -format pdf -orientation landscape D:/UNIVERSITE/S4/APP1/schematic.pdf
D:/UNIVERSITE/S4/APP1/schematic.pdf
write_schematic -format pdf -orientation portrait -force D:/UNIVERSITE/S4/APP1/schematic.pdf
D:/UNIVERSITE/S4/APP1/schematic.pdf
write_schematic -format pdf -orientation landscape -force D:/UNIVERSITE/S4/APP1/schematic.pdf
D:/UNIVERSITE/S4/APP1/schematic.pdf
exit
INFO: [Common 17-206] Exiting Vivado at Mon Jan 15 14:29:07 2024...
