#-----------------------------------------------------------
# Vivado v2020.2 (64-bit)
# SW Build 3064766 on Wed Nov 18 09:12:45 MST 2020
# IP Build 3064653 on Wed Nov 18 14:17:31 MST 2020
# Start of session at: Sat Jan 13 21:44:26 2024
# Process ID: 6640
# Current directory: D:/GitHub/S4_APP1
# Command line: vivado.exe -gui_launcher_event rodinguilauncherevent17736 D:\GitHub\S4_APP1\pb_APP_log_comb.xpr
# Log file: D:/GitHub/S4_APP1/vivado.log
# Journal file: D:/GitHub/S4_APP1\vivado.jou
#-----------------------------------------------------------
start_gui
open_project D:/GitHub/S4_APP1/pb_APP_log_comb.xpr
WARNING: [filemgmt 56-3] Default IP Output Path : Could not find the directory 'D:/GitHub/S4_APP1/pb_APP_log_comb.gen/sources_1'.
Scanning sources...
Finished scanning sources
INFO: [IP_Flow 19-234] Refreshing IP repositories
INFO: [IP_Flow 19-1704] No user IP repositories specified
INFO: [IP_Flow 19-2313] Loaded Vivado IP repository 'D:/xilinx/Vivado/2020.2/data/ip'.
open_project: Time (s): cpu = 00:00:12 ; elapsed = 00:00:07 . Memory (MB): peak = 1118.762 ; gain = 0.000
launch_simulation
Command: launch_simulation 
INFO: [Vivado 12-5682] Launching behavioral simulation in 'D:/GitHub/S4_APP1/pb_APP_log_comb.sim/sim_1/behav/xsim'
INFO: [SIM-utils-51] Simulation object is 'sim_1'
INFO: [SIM-utils-54] Inspecting design source files for 'Thermo2Bin_TB' in fileset 'sim_1'...
INFO: [USF-XSim-97] Finding global include files...
INFO: [USF-XSim-100] Fetching design files from 'sources_1'...(this may take a while)...
INFO: [USF-XSim-101] Fetching design files from 'sim_1'...
INFO: [USF-XSim-2] XSim::Compile design
INFO: [USF-XSim-61] Executing 'COMPILE and ANALYZE' step in 'D:/GitHub/S4_APP1/pb_APP_log_comb.sim/sim_1/behav/xsim'
"xvhdl --incr --relax -prj Thermo2Bin_TB_vhdl.prj"
INFO: [VRFC 10-163] Analyzing VHDL file "D:/GitHub/S4_APP1/pb_APP_log_comb.srcs/sources_1/new/inst_check_erreur.vhd" into library xil_defaultlib
INFO: [VRFC 10-3107] analyzing entity 'check_erreur'
INFO: [VRFC 10-163] Analyzing VHDL file "D:/GitHub/S4_APP1/pb_APP_log_comb.srcs/sim_1/new/Thermo2Bin_TB.vhd" into library xil_defaultlib
INFO: [VRFC 10-3107] analyzing entity 'Thermo2Bin_TB'
INFO: [USF-XSim-69] 'compile' step finished in '1' seconds
INFO: [USF-XSim-3] XSim::Elaborate design
INFO: [USF-XSim-61] Executing 'ELABORATE' step in 'D:/GitHub/S4_APP1/pb_APP_log_comb.sim/sim_1/behav/xsim'
"xelab -wto 6e88f38826214958bd01804f64fad5de --incr --debug typical --relax --mt 2 -L xil_defaultlib -L secureip --snapshot Thermo2Bin_TB_behav xil_defaultlib.Thermo2Bin_TB -log elaborate.log"
Vivado Simulator 2020.2
Copyright 1986-1999, 2001-2020 Xilinx, Inc. All Rights Reserved.
Running: D:/xilinx/Vivado/2020.2/bin/unwrapped/win64.o/xelab.exe -wto 6e88f38826214958bd01804f64fad5de --incr --debug typical --relax --mt 2 -L xil_defaultlib -L secureip --snapshot Thermo2Bin_TB_behav xil_defaultlib.Thermo2Bin_TB -log elaborate.log 
Using 2 slave threads.
Starting static elaboration
Completed static elaboration
Starting simulation data flow analysis
Completed simulation data flow analysis
Time Resolution for simulation is 1ps
Compiling package std.standard
Compiling package std.textio
Compiling package ieee.std_logic_1164
Compiling package ieee.numeric_std
Compiling package ieee.std_logic_arith
Compiling package ieee.std_logic_unsigned
Compiling architecture behavioral of entity xil_defaultlib.check_erreur [check_erreur_default]
Compiling architecture behavioral of entity xil_defaultlib.Thermo2 [thermo2_default]
Compiling architecture behavioral of entity xil_defaultlib.Add1bit [add1bit_default]
Compiling architecture behavioral of entity xil_defaultlib.Add4bits [add4bits_default]
Compiling architecture behavioral of entity xil_defaultlib.Thermo2bin [thermo2bin_default]
Compiling architecture behavioral of entity xil_defaultlib.thermo2bin_tb
Built simulation snapshot Thermo2Bin_TB_behav
INFO: [USF-XSim-69] 'elaborate' step finished in '2' seconds
INFO: [USF-XSim-4] XSim::Simulate design
INFO: [USF-XSim-61] Executing 'SIMULATE' step in 'D:/GitHub/S4_APP1/pb_APP_log_comb.sim/sim_1/behav/xsim'
INFO: [USF-XSim-98] *** Running xsim
   with args "Thermo2Bin_TB_behav -key {Behavioral:sim_1:Functional:Thermo2Bin_TB} -tclbatch {Thermo2Bin_TB.tcl} -view {D:/GitHub/S4_APP1/pb_APP_log_comb.srcs/sim_1/imports/S4_APP1/AppCombi_top_tb_behav.wcfg} -log {simulate.log}"
INFO: [USF-XSim-8] Loading simulator feature
Vivado Simulator 2020.2
Time resolution is 1 ps
open_wave_config D:/GitHub/S4_APP1/pb_APP_log_comb.srcs/sim_1/imports/S4_APP1/AppCombi_top_tb_behav.wcfg
source Thermo2Bin_TB.tcl
# set curr_wave [current_wave_config]
# if { [string length $curr_wave] == 0 } {
#   if { [llength [get_objects]] > 0} {
#     add_wave /
#     set_property needs_save false [current_wave_config]
#   } else {
#      send_msg_id Add_Wave-1 WARNING "No top level signals found. Simulator will start without a wave window. If you want to open a wave window go to 'File->New Waveform Configuration' or type 'create_wave_config' in the TCL console."
#   }
# }
# run 1000ns
INFO: [USF-XSim-96] XSim completed. Design snapshot 'Thermo2Bin_TB_behav' loaded.
INFO: [USF-XSim-97] XSim simulation ran for 1000ns
launch_simulation: Time (s): cpu = 00:00:09 ; elapsed = 00:00:07 . Memory (MB): peak = 1118.762 ; gain = 0.000
run 1200 ns
save_wave_config {D:/GitHub/S4_APP1/pb_APP_log_comb.srcs/sim_1/imports/S4_APP1/AppCombi_top_tb_behav.wcfg}
close_sim
INFO: [Simtcl 6-16] Simulation closed
exit
INFO: [Common 17-206] Exiting Vivado at Sat Jan 13 22:12:03 2024...
