#-----------------------------------------------------------
# Vivado v2020.2 (64-bit)
# SW Build 3064766 on Wed Nov 18 09:12:45 MST 2020
# IP Build 3064653 on Wed Nov 18 14:17:31 MST 2020
# Start of session at: Sun Jan 14 16:10:12 2024
# Process ID: 7480
# Current directory: D:/GitHub/S4_APP1
# Command line: vivado.exe -gui_launcher_event rodinguilauncherevent7088 D:\GitHub\S4_APP1\pb_APP_log_comb.xpr
# Log file: D:/GitHub/S4_APP1/vivado.log
# Journal file: D:/GitHub/S4_APP1\vivado.jou
#-----------------------------------------------------------
start_gui
open_project D:/GitHub/S4_APP1/pb_APP_log_comb.xpr
WARNING: [filemgmt 56-3] Default IP Output Path : Could not find the directory 'D:/GitHub/S4_APP1/pb_APP_log_comb.gen/sources_1'.
Scanning sources...
Finished scanning sources
INFO: [IP_Flow 19-234] Refreshing IP repositories
INFO: [IP_Flow 19-1704] No user IP repositories specified
INFO: [IP_Flow 19-2313] Loaded Vivado IP repository 'D:/xilinx/Vivado/2020.2/data/ip'.
open_project: Time (s): cpu = 00:00:11 ; elapsed = 00:00:07 . Memory (MB): peak = 1123.094 ; gain = 0.000
exit
INFO: [Common 17-206] Exiting Vivado at Sun Jan 14 16:14:26 2024...
