Copyright 1986-2020 Xilinx, Inc. All Rights Reserved.
-----------------------------------------------------------------------------------------------------------------------------------------------------------------------------------------------------------
| Tool Version : Vivado v.2020.2 (win64) Build 3064766 Wed Nov 18 09:12:45 MST 2020
| Date         : Wed Jan 10 18:01:29 2024
| Host         : DESKTOP-9AUGKDP running 64-bit major release  (build 9200)
| Command      : report_timing_summary -max_paths 10 -file AppCombi_top_timing_summary_routed.rpt -pb AppCombi_top_timing_summary_routed.pb -rpx AppCombi_top_timing_summary_routed.rpx -warn_on_violation
| Design       : AppCombi_top
| Device       : 7z010-clg400
| Speed File   : -1  PRODUCTION 1.12 2019-11-22
-----------------------------------------------------------------------------------------------------------------------------------------------------------------------------------------------------------

Timing Summary Report

------------------------------------------------------------------------------------------------
| Timer Settings
| --------------
------------------------------------------------------------------------------------------------

  Enable Multi Corner Analysis               :  Yes
  Enable Pessimism Removal                   :  Yes
  Pessimism Removal Resolution               :  Nearest Common Node
  Enable Input Delay Default Clock           :  No
  Enable Preset / Clear Arcs                 :  No
  Disable Flight Delays                      :  No
  Ignore I/O Paths                           :  No
  Timing Early Launch at Borrowing Latches   :  No
  Borrow Time for Max Delay Exceptions       :  Yes
  Merge Timing Exceptions                    :  Yes

  Corner  Analyze    Analyze    
  Name    Max Paths  Min Paths  
  ------  ---------  ---------  
  Slow    Yes        Yes        
  Fast    Yes        Yes        



check_timing report

Table of Contents
-----------------
1. checking no_clock (24)
2. checking constant_clock (0)
3. checking pulse_width_clock (0)
4. checking unconstrained_internal_endpoints (47)
5. checking no_input_delay (4)
6. checking no_output_delay (9)
7. checking multiple_clock (0)
8. checking generated_clocks (0)
9. checking loops (0)
10. checking partial_input_delay (0)
11. checking partial_output_delay (0)
12. checking latch_loops (0)

1. checking no_clock (24)
-------------------------
 There are 24 register/latch pins with no clock driven by root clock pin: inst_synch/d_s5MHzInt_reg/Q (HIGH)


2. checking constant_clock (0)
------------------------------
 There are 0 register/latch pins with constant_clock.


3. checking pulse_width_clock (0)
---------------------------------
 There are 0 register/latch pins which need pulse_width check


4. checking unconstrained_internal_endpoints (47)
-------------------------------------------------
 There are 47 pins that are not constrained for maximum delay. (HIGH)

 There are 0 pins that are not constrained for maximum delay due to constant clock.


5. checking no_input_delay (4)
------------------------------
 There are 4 input ports with no input delay specified. (HIGH)

 There are 0 input ports with no input delay but user has a false path constraint.


6. checking no_output_delay (9)
-------------------------------
 There are 9 ports with no output delay specified. (HIGH)

 There are 0 ports with no output delay but user has a false path constraint

 There are 0 ports with no output delay but with a timing clock defined on it or propagating through it


7. checking multiple_clock (0)
------------------------------
 There are 0 register/latch pins with multiple clocks.


8. checking generated_clocks (0)
--------------------------------
 There are 0 generated clocks that are not connected to a clock source.


9. checking loops (0)
---------------------
 There are 0 combinational loops in the design.


10. checking partial_input_delay (0)
------------------------------------
 There are 0 input ports with partial input delay specified.


11. checking partial_output_delay (0)
-------------------------------------
 There are 0 ports with partial output delay specified.


12. checking latch_loops (0)
----------------------------
 There are 0 combinational latch loops in the design through latch input



------------------------------------------------------------------------------------------------
| Design Timing Summary
| ---------------------
------------------------------------------------------------------------------------------------

    WNS(ns)      TNS(ns)  TNS Failing Endpoints  TNS Total Endpoints      WHS(ns)      THS(ns)  THS Failing Endpoints  THS Total Endpoints     WPWS(ns)     TPWS(ns)  TPWS Failing Endpoints  TPWS Total Endpoints  
    -------      -------  ---------------------  -------------------      -------      -------  ---------------------  -------------------     --------     --------  ----------------------  --------------------  
      3.819        0.000                      0                   94        0.102        0.000                      0                   94        3.500        0.000                       0                    37  


All user specified timing constraints are met.


------------------------------------------------------------------------------------------------
| Clock Summary
| -------------
------------------------------------------------------------------------------------------------

Clock        Waveform(ns)         Period(ns)      Frequency(MHz)
-----        ------------         ----------      --------------
sys_clk_pin  {0.000 4.000}        8.000           125.000         


------------------------------------------------------------------------------------------------
| Intra Clock Table
| -----------------
------------------------------------------------------------------------------------------------

Clock             WNS(ns)      TNS(ns)  TNS Failing Endpoints  TNS Total Endpoints      WHS(ns)      THS(ns)  THS Failing Endpoints  THS Total Endpoints     WPWS(ns)     TPWS(ns)  TPWS Failing Endpoints  TPWS Total Endpoints  
-----             -------      -------  ---------------------  -------------------      -------      -------  ---------------------  -------------------     --------     --------  ----------------------  --------------------  
sys_clk_pin         3.819        0.000                      0                   94        0.102        0.000                      0                   94        3.500        0.000                       0                    37  


------------------------------------------------------------------------------------------------
| Inter Clock Table
| -----------------
------------------------------------------------------------------------------------------------

From Clock    To Clock          WNS(ns)      TNS(ns)  TNS Failing Endpoints  TNS Total Endpoints      WHS(ns)      THS(ns)  THS Failing Endpoints  THS Total Endpoints  
----------    --------          -------      -------  ---------------------  -------------------      -------      -------  ---------------------  -------------------  


------------------------------------------------------------------------------------------------
| Other Path Groups Table
| -----------------------
------------------------------------------------------------------------------------------------

Path Group    From Clock    To Clock          WNS(ns)      TNS(ns)  TNS Failing Endpoints  TNS Total Endpoints      WHS(ns)      THS(ns)  THS Failing Endpoints  THS Total Endpoints  
----------    ----------    --------          -------      -------  ---------------------  -------------------      -------      -------  ---------------------  -------------------  


------------------------------------------------------------------------------------------------
| Timing Details
| --------------
------------------------------------------------------------------------------------------------


---------------------------------------------------------------------------------------------------
From Clock:  sys_clk_pin
  To Clock:  sys_clk_pin

Setup :            0  Failing Endpoints,  Worst Slack        3.819ns,  Total Violation        0.000ns
Hold  :            0  Failing Endpoints,  Worst Slack        0.102ns,  Total Violation        0.000ns
PW    :            0  Failing Endpoints,  Worst Slack        3.500ns,  Total Violation        0.000ns
---------------------------------------------------------------------------------------------------


Max Delay Paths
--------------------------------------------------------------------------------------
Slack (MET) :             3.819ns  (required time - arrival time)
  Source:                 inst_synch/ValueCounter100Hz_reg[7]/C
                            (rising edge-triggered cell FDRE clocked by sys_clk_pin  {rise@0.000ns fall@4.000ns period=8.000ns})
  Destination:            inst_synch/ValueCounter1Hz_reg[0]/R
                            (rising edge-triggered cell FDRE clocked by sys_clk_pin  {rise@0.000ns fall@4.000ns period=8.000ns})
  Path Group:             sys_clk_pin
  Path Type:              Setup (Max at Slow Process Corner)
  Requirement:            8.000ns  (sys_clk_pin rise@8.000ns - sys_clk_pin rise@0.000ns)
  Data Path Delay:        3.431ns  (logic 0.766ns (22.328%)  route 2.665ns (77.672%))
  Logic Levels:           2  (LUT6=2)
  Clock Path Skew:        -0.191ns (DCD - SCD + CPR)
    Destination Clock Delay (DCD):    4.879ns = ( 12.879 - 8.000 ) 
    Source Clock Delay      (SCD):    5.347ns
    Clock Pessimism Removal (CPR):    0.277ns
  Clock Uncertainty:      0.035ns  ((TSJ^2 + TIJ^2)^1/2 + DJ) / 2 + PE
    Total System Jitter     (TSJ):    0.071ns
    Total Input Jitter      (TIJ):    0.000ns
    Discrete Jitter          (DJ):    0.000ns
    Phase Error              (PE):    0.000ns

    Location             Delay type                Incr(ns)  Path(ns)    Netlist Resource(s)
  -------------------------------------------------------------------    -------------------
                         (clock sys_clk_pin rise edge)
                                                      0.000     0.000 r  
    K17                                               0.000     0.000 r  sysclk (IN)
                         net (fo=0)                   0.000     0.000    sysclk
    K17                  IBUF (Prop_ibuf_I_O)         1.492     1.492 r  sysclk_IBUF_inst/O
                         net (fo=1, routed)           2.076     3.568    sysclk_IBUF
    BUFGCTRL_X0Y16       BUFG (Prop_bufg_I_O)         0.101     3.669 r  sysclk_IBUF_BUFG_inst/O
                         net (fo=36, routed)          1.678     5.347    inst_synch/sysclk
    SLICE_X30Y48         FDRE                                         r  inst_synch/ValueCounter100Hz_reg[7]/C
  -------------------------------------------------------------------    -------------------
    SLICE_X30Y48         FDRE (Prop_fdre_C_Q)         0.518     5.865 f  inst_synch/ValueCounter100Hz_reg[7]/Q
                         net (fo=2, routed)           0.808     6.673    inst_synch/ValueCounter100Hz_reg[7]
    SLICE_X31Y49         LUT6 (Prop_lut6_I3_O)        0.124     6.797 r  inst_synch/ValueCounter100Hz[0]_i_5/O
                         net (fo=2, routed)           1.304     8.101    inst_synch/ValueCounter100Hz[0]_i_5_n_0
    SLICE_X31Y49         LUT6 (Prop_lut6_I0_O)        0.124     8.225 r  inst_synch/ValueCounter1Hz[7]_i_1/O
                         net (fo=9, routed)           0.552     8.777    inst_synch/d_s1HzInt
    SLICE_X30Y51         FDRE                                         r  inst_synch/ValueCounter1Hz_reg[0]/R
  -------------------------------------------------------------------    -------------------

                         (clock sys_clk_pin rise edge)
                                                      8.000     8.000 r  
    K17                                               0.000     8.000 r  sysclk (IN)
                         net (fo=0)                   0.000     8.000    sysclk
    K17                  IBUF (Prop_ibuf_I_O)         1.421     9.421 r  sysclk_IBUF_inst/O
                         net (fo=1, routed)           1.880    11.301    sysclk_IBUF
    BUFGCTRL_X0Y16       BUFG (Prop_bufg_I_O)         0.091    11.392 r  sysclk_IBUF_BUFG_inst/O
                         net (fo=36, routed)          1.487    12.879    inst_synch/sysclk
    SLICE_X30Y51         FDRE                                         r  inst_synch/ValueCounter1Hz_reg[0]/C
                         clock pessimism              0.277    13.155    
                         clock uncertainty           -0.035    13.120    
    SLICE_X30Y51         FDRE (Setup_fdre_C_R)       -0.524    12.596    inst_synch/ValueCounter1Hz_reg[0]
  -------------------------------------------------------------------
                         required time                         12.596    
                         arrival time                          -8.777    
  -------------------------------------------------------------------
                         slack                                  3.819    

Slack (MET) :             3.819ns  (required time - arrival time)
  Source:                 inst_synch/ValueCounter100Hz_reg[7]/C
                            (rising edge-triggered cell FDRE clocked by sys_clk_pin  {rise@0.000ns fall@4.000ns period=8.000ns})
  Destination:            inst_synch/ValueCounter1Hz_reg[2]/R
                            (rising edge-triggered cell FDRE clocked by sys_clk_pin  {rise@0.000ns fall@4.000ns period=8.000ns})
  Path Group:             sys_clk_pin
  Path Type:              Setup (Max at Slow Process Corner)
  Requirement:            8.000ns  (sys_clk_pin rise@8.000ns - sys_clk_pin rise@0.000ns)
  Data Path Delay:        3.431ns  (logic 0.766ns (22.328%)  route 2.665ns (77.672%))
  Logic Levels:           2  (LUT6=2)
  Clock Path Skew:        -0.191ns (DCD - SCD + CPR)
    Destination Clock Delay (DCD):    4.879ns = ( 12.879 - 8.000 ) 
    Source Clock Delay      (SCD):    5.347ns
    Clock Pessimism Removal (CPR):    0.277ns
  Clock Uncertainty:      0.035ns  ((TSJ^2 + TIJ^2)^1/2 + DJ) / 2 + PE
    Total System Jitter     (TSJ):    0.071ns
    Total Input Jitter      (TIJ):    0.000ns
    Discrete Jitter          (DJ):    0.000ns
    Phase Error              (PE):    0.000ns

    Location             Delay type                Incr(ns)  Path(ns)    Netlist Resource(s)
  -------------------------------------------------------------------    -------------------
                         (clock sys_clk_pin rise edge)
                                                      0.000     0.000 r  
    K17                                               0.000     0.000 r  sysclk (IN)
                         net (fo=0)                   0.000     0.000    sysclk
    K17                  IBUF (Prop_ibuf_I_O)         1.492     1.492 r  sysclk_IBUF_inst/O
                         net (fo=1, routed)           2.076     3.568    sysclk_IBUF
    BUFGCTRL_X0Y16       BUFG (Prop_bufg_I_O)         0.101     3.669 r  sysclk_IBUF_BUFG_inst/O
                         net (fo=36, routed)          1.678     5.347    inst_synch/sysclk
    SLICE_X30Y48         FDRE                                         r  inst_synch/ValueCounter100Hz_reg[7]/C
  -------------------------------------------------------------------    -------------------
    SLICE_X30Y48         FDRE (Prop_fdre_C_Q)         0.518     5.865 f  inst_synch/ValueCounter100Hz_reg[7]/Q
                         net (fo=2, routed)           0.808     6.673    inst_synch/ValueCounter100Hz_reg[7]
    SLICE_X31Y49         LUT6 (Prop_lut6_I3_O)        0.124     6.797 r  inst_synch/ValueCounter100Hz[0]_i_5/O
                         net (fo=2, routed)           1.304     8.101    inst_synch/ValueCounter100Hz[0]_i_5_n_0
    SLICE_X31Y49         LUT6 (Prop_lut6_I0_O)        0.124     8.225 r  inst_synch/ValueCounter1Hz[7]_i_1/O
                         net (fo=9, routed)           0.552     8.777    inst_synch/d_s1HzInt
    SLICE_X30Y51         FDRE                                         r  inst_synch/ValueCounter1Hz_reg[2]/R
  -------------------------------------------------------------------    -------------------

                         (clock sys_clk_pin rise edge)
                                                      8.000     8.000 r  
    K17                                               0.000     8.000 r  sysclk (IN)
                         net (fo=0)                   0.000     8.000    sysclk
    K17                  IBUF (Prop_ibuf_I_O)         1.421     9.421 r  sysclk_IBUF_inst/O
                         net (fo=1, routed)           1.880    11.301    sysclk_IBUF
    BUFGCTRL_X0Y16       BUFG (Prop_bufg_I_O)         0.091    11.392 r  sysclk_IBUF_BUFG_inst/O
                         net (fo=36, routed)          1.487    12.879    inst_synch/sysclk
    SLICE_X30Y51         FDRE                                         r  inst_synch/ValueCounter1Hz_reg[2]/C
                         clock pessimism              0.277    13.155    
                         clock uncertainty           -0.035    13.120    
    SLICE_X30Y51         FDRE (Setup_fdre_C_R)       -0.524    12.596    inst_synch/ValueCounter1Hz_reg[2]
  -------------------------------------------------------------------
                         required time                         12.596    
                         arrival time                          -8.777    
  -------------------------------------------------------------------
                         slack                                  3.819    

Slack (MET) :             3.819ns  (required time - arrival time)
  Source:                 inst_synch/ValueCounter100Hz_reg[7]/C
                            (rising edge-triggered cell FDRE clocked by sys_clk_pin  {rise@0.000ns fall@4.000ns period=8.000ns})
  Destination:            inst_synch/ValueCounter1Hz_reg[4]/R
                            (rising edge-triggered cell FDRE clocked by sys_clk_pin  {rise@0.000ns fall@4.000ns period=8.000ns})
  Path Group:             sys_clk_pin
  Path Type:              Setup (Max at Slow Process Corner)
  Requirement:            8.000ns  (sys_clk_pin rise@8.000ns - sys_clk_pin rise@0.000ns)
  Data Path Delay:        3.431ns  (logic 0.766ns (22.328%)  route 2.665ns (77.672%))
  Logic Levels:           2  (LUT6=2)
  Clock Path Skew:        -0.191ns (DCD - SCD + CPR)
    Destination Clock Delay (DCD):    4.879ns = ( 12.879 - 8.000 ) 
    Source Clock Delay      (SCD):    5.347ns
    Clock Pessimism Removal (CPR):    0.277ns
  Clock Uncertainty:      0.035ns  ((TSJ^2 + TIJ^2)^1/2 + DJ) / 2 + PE
    Total System Jitter     (TSJ):    0.071ns
    Total Input Jitter      (TIJ):    0.000ns
    Discrete Jitter          (DJ):    0.000ns
    Phase Error              (PE):    0.000ns

    Location             Delay type                Incr(ns)  Path(ns)    Netlist Resource(s)
  -------------------------------------------------------------------    -------------------
                         (clock sys_clk_pin rise edge)
                                                      0.000     0.000 r  
    K17                                               0.000     0.000 r  sysclk (IN)
                         net (fo=0)                   0.000     0.000    sysclk
    K17                  IBUF (Prop_ibuf_I_O)         1.492     1.492 r  sysclk_IBUF_inst/O
                         net (fo=1, routed)           2.076     3.568    sysclk_IBUF
    BUFGCTRL_X0Y16       BUFG (Prop_bufg_I_O)         0.101     3.669 r  sysclk_IBUF_BUFG_inst/O
                         net (fo=36, routed)          1.678     5.347    inst_synch/sysclk
    SLICE_X30Y48         FDRE                                         r  inst_synch/ValueCounter100Hz_reg[7]/C
  -------------------------------------------------------------------    -------------------
    SLICE_X30Y48         FDRE (Prop_fdre_C_Q)         0.518     5.865 f  inst_synch/ValueCounter100Hz_reg[7]/Q
                         net (fo=2, routed)           0.808     6.673    inst_synch/ValueCounter100Hz_reg[7]
    SLICE_X31Y49         LUT6 (Prop_lut6_I3_O)        0.124     6.797 r  inst_synch/ValueCounter100Hz[0]_i_5/O
                         net (fo=2, routed)           1.304     8.101    inst_synch/ValueCounter100Hz[0]_i_5_n_0
    SLICE_X31Y49         LUT6 (Prop_lut6_I0_O)        0.124     8.225 r  inst_synch/ValueCounter1Hz[7]_i_1/O
                         net (fo=9, routed)           0.552     8.777    inst_synch/d_s1HzInt
    SLICE_X30Y51         FDRE                                         r  inst_synch/ValueCounter1Hz_reg[4]/R
  -------------------------------------------------------------------    -------------------

                         (clock sys_clk_pin rise edge)
                                                      8.000     8.000 r  
    K17                                               0.000     8.000 r  sysclk (IN)
                         net (fo=0)                   0.000     8.000    sysclk
    K17                  IBUF (Prop_ibuf_I_O)         1.421     9.421 r  sysclk_IBUF_inst/O
                         net (fo=1, routed)           1.880    11.301    sysclk_IBUF
    BUFGCTRL_X0Y16       BUFG (Prop_bufg_I_O)         0.091    11.392 r  sysclk_IBUF_BUFG_inst/O
                         net (fo=36, routed)          1.487    12.879    inst_synch/sysclk
    SLICE_X30Y51         FDRE                                         r  inst_synch/ValueCounter1Hz_reg[4]/C
                         clock pessimism              0.277    13.155    
                         clock uncertainty           -0.035    13.120    
    SLICE_X30Y51         FDRE (Setup_fdre_C_R)       -0.524    12.596    inst_synch/ValueCounter1Hz_reg[4]
  -------------------------------------------------------------------
                         required time                         12.596    
                         arrival time                          -8.777    
  -------------------------------------------------------------------
                         slack                                  3.819    

Slack (MET) :             3.880ns  (required time - arrival time)
  Source:                 inst_synch/ValueCounter100Hz_reg[2]/C
                            (rising edge-triggered cell FDRE clocked by sys_clk_pin  {rise@0.000ns fall@4.000ns period=8.000ns})
  Destination:            inst_synch/ValueCounter100Hz_reg[12]/R
                            (rising edge-triggered cell FDRE clocked by sys_clk_pin  {rise@0.000ns fall@4.000ns period=8.000ns})
  Path Group:             sys_clk_pin
  Path Type:              Setup (Max at Slow Process Corner)
  Requirement:            8.000ns  (sys_clk_pin rise@8.000ns - sys_clk_pin rise@0.000ns)
  Data Path Delay:        3.369ns  (logic 0.766ns (22.737%)  route 2.603ns (77.263%))
  Logic Levels:           2  (LUT6=2)
  Clock Path Skew:        -0.191ns (DCD - SCD + CPR)
    Destination Clock Delay (DCD):    4.879ns = ( 12.879 - 8.000 ) 
    Source Clock Delay      (SCD):    5.347ns
    Clock Pessimism Removal (CPR):    0.277ns
  Clock Uncertainty:      0.035ns  ((TSJ^2 + TIJ^2)^1/2 + DJ) / 2 + PE
    Total System Jitter     (TSJ):    0.071ns
    Total Input Jitter      (TIJ):    0.000ns
    Discrete Jitter          (DJ):    0.000ns
    Phase Error              (PE):    0.000ns

    Location             Delay type                Incr(ns)  Path(ns)    Netlist Resource(s)
  -------------------------------------------------------------------    -------------------
                         (clock sys_clk_pin rise edge)
                                                      0.000     0.000 r  
    K17                                               0.000     0.000 r  sysclk (IN)
                         net (fo=0)                   0.000     0.000    sysclk
    K17                  IBUF (Prop_ibuf_I_O)         1.492     1.492 r  sysclk_IBUF_inst/O
                         net (fo=1, routed)           2.076     3.568    sysclk_IBUF
    BUFGCTRL_X0Y16       BUFG (Prop_bufg_I_O)         0.101     3.669 r  sysclk_IBUF_BUFG_inst/O
                         net (fo=36, routed)          1.678     5.347    inst_synch/sysclk
    SLICE_X30Y47         FDRE                                         r  inst_synch/ValueCounter100Hz_reg[2]/C
  -------------------------------------------------------------------    -------------------
    SLICE_X30Y47         FDRE (Prop_fdre_C_Q)         0.518     5.865 f  inst_synch/ValueCounter100Hz_reg[2]/Q
                         net (fo=2, routed)           0.810     6.675    inst_synch/ValueCounter100Hz_reg[2]
    SLICE_X31Y48         LUT6 (Prop_lut6_I3_O)        0.124     6.799 r  inst_synch/ValueCounter100Hz[0]_i_4/O
                         net (fo=2, routed)           1.022     7.820    inst_synch/ValueCounter100Hz[0]_i_4_n_0
    SLICE_X31Y49         LUT6 (Prop_lut6_I0_O)        0.124     7.944 r  inst_synch/ValueCounter100Hz[0]_i_1/O
                         net (fo=24, routed)          0.771     8.716    inst_synch/ValueCounter100Hz
    SLICE_X30Y50         FDRE                                         r  inst_synch/ValueCounter100Hz_reg[12]/R
  -------------------------------------------------------------------    -------------------

                         (clock sys_clk_pin rise edge)
                                                      8.000     8.000 r  
    K17                                               0.000     8.000 r  sysclk (IN)
                         net (fo=0)                   0.000     8.000    sysclk
    K17                  IBUF (Prop_ibuf_I_O)         1.421     9.421 r  sysclk_IBUF_inst/O
                         net (fo=1, routed)           1.880    11.301    sysclk_IBUF
    BUFGCTRL_X0Y16       BUFG (Prop_bufg_I_O)         0.091    11.392 r  sysclk_IBUF_BUFG_inst/O
                         net (fo=36, routed)          1.487    12.879    inst_synch/sysclk
    SLICE_X30Y50         FDRE                                         r  inst_synch/ValueCounter100Hz_reg[12]/C
                         clock pessimism              0.277    13.155    
                         clock uncertainty           -0.035    13.120    
    SLICE_X30Y50         FDRE (Setup_fdre_C_R)       -0.524    12.596    inst_synch/ValueCounter100Hz_reg[12]
  -------------------------------------------------------------------
                         required time                         12.596    
                         arrival time                          -8.716    
  -------------------------------------------------------------------
                         slack                                  3.880    

Slack (MET) :             3.880ns  (required time - arrival time)
  Source:                 inst_synch/ValueCounter100Hz_reg[2]/C
                            (rising edge-triggered cell FDRE clocked by sys_clk_pin  {rise@0.000ns fall@4.000ns period=8.000ns})
  Destination:            inst_synch/ValueCounter100Hz_reg[13]/R
                            (rising edge-triggered cell FDRE clocked by sys_clk_pin  {rise@0.000ns fall@4.000ns period=8.000ns})
  Path Group:             sys_clk_pin
  Path Type:              Setup (Max at Slow Process Corner)
  Requirement:            8.000ns  (sys_clk_pin rise@8.000ns - sys_clk_pin rise@0.000ns)
  Data Path Delay:        3.369ns  (logic 0.766ns (22.737%)  route 2.603ns (77.263%))
  Logic Levels:           2  (LUT6=2)
  Clock Path Skew:        -0.191ns (DCD - SCD + CPR)
    Destination Clock Delay (DCD):    4.879ns = ( 12.879 - 8.000 ) 
    Source Clock Delay      (SCD):    5.347ns
    Clock Pessimism Removal (CPR):    0.277ns
  Clock Uncertainty:      0.035ns  ((TSJ^2 + TIJ^2)^1/2 + DJ) / 2 + PE
    Total System Jitter     (TSJ):    0.071ns
    Total Input Jitter      (TIJ):    0.000ns
    Discrete Jitter          (DJ):    0.000ns
    Phase Error              (PE):    0.000ns

    Location             Delay type                Incr(ns)  Path(ns)    Netlist Resource(s)
  -------------------------------------------------------------------    -------------------
                         (clock sys_clk_pin rise edge)
                                                      0.000     0.000 r  
    K17                                               0.000     0.000 r  sysclk (IN)
                         net (fo=0)                   0.000     0.000    sysclk
    K17                  IBUF (Prop_ibuf_I_O)         1.492     1.492 r  sysclk_IBUF_inst/O
                         net (fo=1, routed)           2.076     3.568    sysclk_IBUF
    BUFGCTRL_X0Y16       BUFG (Prop_bufg_I_O)         0.101     3.669 r  sysclk_IBUF_BUFG_inst/O
                         net (fo=36, routed)          1.678     5.347    inst_synch/sysclk
    SLICE_X30Y47         FDRE                                         r  inst_synch/ValueCounter100Hz_reg[2]/C
  -------------------------------------------------------------------    -------------------
    SLICE_X30Y47         FDRE (Prop_fdre_C_Q)         0.518     5.865 f  inst_synch/ValueCounter100Hz_reg[2]/Q
                         net (fo=2, routed)           0.810     6.675    inst_synch/ValueCounter100Hz_reg[2]
    SLICE_X31Y48         LUT6 (Prop_lut6_I3_O)        0.124     6.799 r  inst_synch/ValueCounter100Hz[0]_i_4/O
                         net (fo=2, routed)           1.022     7.820    inst_synch/ValueCounter100Hz[0]_i_4_n_0
    SLICE_X31Y49         LUT6 (Prop_lut6_I0_O)        0.124     7.944 r  inst_synch/ValueCounter100Hz[0]_i_1/O
                         net (fo=24, routed)          0.771     8.716    inst_synch/ValueCounter100Hz
    SLICE_X30Y50         FDRE                                         r  inst_synch/ValueCounter100Hz_reg[13]/R
  -------------------------------------------------------------------    -------------------

                         (clock sys_clk_pin rise edge)
                                                      8.000     8.000 r  
    K17                                               0.000     8.000 r  sysclk (IN)
                         net (fo=0)                   0.000     8.000    sysclk
    K17                  IBUF (Prop_ibuf_I_O)         1.421     9.421 r  sysclk_IBUF_inst/O
                         net (fo=1, routed)           1.880    11.301    sysclk_IBUF
    BUFGCTRL_X0Y16       BUFG (Prop_bufg_I_O)         0.091    11.392 r  sysclk_IBUF_BUFG_inst/O
                         net (fo=36, routed)          1.487    12.879    inst_synch/sysclk
    SLICE_X30Y50         FDRE                                         r  inst_synch/ValueCounter100Hz_reg[13]/C
                         clock pessimism              0.277    13.155    
                         clock uncertainty           -0.035    13.120    
    SLICE_X30Y50         FDRE (Setup_fdre_C_R)       -0.524    12.596    inst_synch/ValueCounter100Hz_reg[13]
  -------------------------------------------------------------------
                         required time                         12.596    
                         arrival time                          -8.716    
  -------------------------------------------------------------------
                         slack                                  3.880    

Slack (MET) :             3.880ns  (required time - arrival time)
  Source:                 inst_synch/ValueCounter100Hz_reg[2]/C
                            (rising edge-triggered cell FDRE clocked by sys_clk_pin  {rise@0.000ns fall@4.000ns period=8.000ns})
  Destination:            inst_synch/ValueCounter100Hz_reg[14]/R
                            (rising edge-triggered cell FDRE clocked by sys_clk_pin  {rise@0.000ns fall@4.000ns period=8.000ns})
  Path Group:             sys_clk_pin
  Path Type:              Setup (Max at Slow Process Corner)
  Requirement:            8.000ns  (sys_clk_pin rise@8.000ns - sys_clk_pin rise@0.000ns)
  Data Path Delay:        3.369ns  (logic 0.766ns (22.737%)  route 2.603ns (77.263%))
  Logic Levels:           2  (LUT6=2)
  Clock Path Skew:        -0.191ns (DCD - SCD + CPR)
    Destination Clock Delay (DCD):    4.879ns = ( 12.879 - 8.000 ) 
    Source Clock Delay      (SCD):    5.347ns
    Clock Pessimism Removal (CPR):    0.277ns
  Clock Uncertainty:      0.035ns  ((TSJ^2 + TIJ^2)^1/2 + DJ) / 2 + PE
    Total System Jitter     (TSJ):    0.071ns
    Total Input Jitter      (TIJ):    0.000ns
    Discrete Jitter          (DJ):    0.000ns
    Phase Error              (PE):    0.000ns

    Location             Delay type                Incr(ns)  Path(ns)    Netlist Resource(s)
  -------------------------------------------------------------------    -------------------
                         (clock sys_clk_pin rise edge)
                                                      0.000     0.000 r  
    K17                                               0.000     0.000 r  sysclk (IN)
                         net (fo=0)                   0.000     0.000    sysclk
    K17                  IBUF (Prop_ibuf_I_O)         1.492     1.492 r  sysclk_IBUF_inst/O
                         net (fo=1, routed)           2.076     3.568    sysclk_IBUF
    BUFGCTRL_X0Y16       BUFG (Prop_bufg_I_O)         0.101     3.669 r  sysclk_IBUF_BUFG_inst/O
                         net (fo=36, routed)          1.678     5.347    inst_synch/sysclk
    SLICE_X30Y47         FDRE                                         r  inst_synch/ValueCounter100Hz_reg[2]/C
  -------------------------------------------------------------------    -------------------
    SLICE_X30Y47         FDRE (Prop_fdre_C_Q)         0.518     5.865 f  inst_synch/ValueCounter100Hz_reg[2]/Q
                         net (fo=2, routed)           0.810     6.675    inst_synch/ValueCounter100Hz_reg[2]
    SLICE_X31Y48         LUT6 (Prop_lut6_I3_O)        0.124     6.799 r  inst_synch/ValueCounter100Hz[0]_i_4/O
                         net (fo=2, routed)           1.022     7.820    inst_synch/ValueCounter100Hz[0]_i_4_n_0
    SLICE_X31Y49         LUT6 (Prop_lut6_I0_O)        0.124     7.944 r  inst_synch/ValueCounter100Hz[0]_i_1/O
                         net (fo=24, routed)          0.771     8.716    inst_synch/ValueCounter100Hz
    SLICE_X30Y50         FDRE                                         r  inst_synch/ValueCounter100Hz_reg[14]/R
  -------------------------------------------------------------------    -------------------

                         (clock sys_clk_pin rise edge)
                                                      8.000     8.000 r  
    K17                                               0.000     8.000 r  sysclk (IN)
                         net (fo=0)                   0.000     8.000    sysclk
    K17                  IBUF (Prop_ibuf_I_O)         1.421     9.421 r  sysclk_IBUF_inst/O
                         net (fo=1, routed)           1.880    11.301    sysclk_IBUF
    BUFGCTRL_X0Y16       BUFG (Prop_bufg_I_O)         0.091    11.392 r  sysclk_IBUF_BUFG_inst/O
                         net (fo=36, routed)          1.487    12.879    inst_synch/sysclk
    SLICE_X30Y50         FDRE                                         r  inst_synch/ValueCounter100Hz_reg[14]/C
                         clock pessimism              0.277    13.155    
                         clock uncertainty           -0.035    13.120    
    SLICE_X30Y50         FDRE (Setup_fdre_C_R)       -0.524    12.596    inst_synch/ValueCounter100Hz_reg[14]
  -------------------------------------------------------------------
                         required time                         12.596    
                         arrival time                          -8.716    
  -------------------------------------------------------------------
                         slack                                  3.880    

Slack (MET) :             3.880ns  (required time - arrival time)
  Source:                 inst_synch/ValueCounter100Hz_reg[2]/C
                            (rising edge-triggered cell FDRE clocked by sys_clk_pin  {rise@0.000ns fall@4.000ns period=8.000ns})
  Destination:            inst_synch/ValueCounter100Hz_reg[15]/R
                            (rising edge-triggered cell FDRE clocked by sys_clk_pin  {rise@0.000ns fall@4.000ns period=8.000ns})
  Path Group:             sys_clk_pin
  Path Type:              Setup (Max at Slow Process Corner)
  Requirement:            8.000ns  (sys_clk_pin rise@8.000ns - sys_clk_pin rise@0.000ns)
  Data Path Delay:        3.369ns  (logic 0.766ns (22.737%)  route 2.603ns (77.263%))
  Logic Levels:           2  (LUT6=2)
  Clock Path Skew:        -0.191ns (DCD - SCD + CPR)
    Destination Clock Delay (DCD):    4.879ns = ( 12.879 - 8.000 ) 
    Source Clock Delay      (SCD):    5.347ns
    Clock Pessimism Removal (CPR):    0.277ns
  Clock Uncertainty:      0.035ns  ((TSJ^2 + TIJ^2)^1/2 + DJ) / 2 + PE
    Total System Jitter     (TSJ):    0.071ns
    Total Input Jitter      (TIJ):    0.000ns
    Discrete Jitter          (DJ):    0.000ns
    Phase Error              (PE):    0.000ns

    Location             Delay type                Incr(ns)  Path(ns)    Netlist Resource(s)
  -------------------------------------------------------------------    -------------------
                         (clock sys_clk_pin rise edge)
                                                      0.000     0.000 r  
    K17                                               0.000     0.000 r  sysclk (IN)
                         net (fo=0)                   0.000     0.000    sysclk
    K17                  IBUF (Prop_ibuf_I_O)         1.492     1.492 r  sysclk_IBUF_inst/O
                         net (fo=1, routed)           2.076     3.568    sysclk_IBUF
    BUFGCTRL_X0Y16       BUFG (Prop_bufg_I_O)         0.101     3.669 r  sysclk_IBUF_BUFG_inst/O
                         net (fo=36, routed)          1.678     5.347    inst_synch/sysclk
    SLICE_X30Y47         FDRE                                         r  inst_synch/ValueCounter100Hz_reg[2]/C
  -------------------------------------------------------------------    -------------------
    SLICE_X30Y47         FDRE (Prop_fdre_C_Q)         0.518     5.865 f  inst_synch/ValueCounter100Hz_reg[2]/Q
                         net (fo=2, routed)           0.810     6.675    inst_synch/ValueCounter100Hz_reg[2]
    SLICE_X31Y48         LUT6 (Prop_lut6_I3_O)        0.124     6.799 r  inst_synch/ValueCounter100Hz[0]_i_4/O
                         net (fo=2, routed)           1.022     7.820    inst_synch/ValueCounter100Hz[0]_i_4_n_0
    SLICE_X31Y49         LUT6 (Prop_lut6_I0_O)        0.124     7.944 r  inst_synch/ValueCounter100Hz[0]_i_1/O
                         net (fo=24, routed)          0.771     8.716    inst_synch/ValueCounter100Hz
    SLICE_X30Y50         FDRE                                         r  inst_synch/ValueCounter100Hz_reg[15]/R
  -------------------------------------------------------------------    -------------------

                         (clock sys_clk_pin rise edge)
                                                      8.000     8.000 r  
    K17                                               0.000     8.000 r  sysclk (IN)
                         net (fo=0)                   0.000     8.000    sysclk
    K17                  IBUF (Prop_ibuf_I_O)         1.421     9.421 r  sysclk_IBUF_inst/O
                         net (fo=1, routed)           1.880    11.301    sysclk_IBUF
    BUFGCTRL_X0Y16       BUFG (Prop_bufg_I_O)         0.091    11.392 r  sysclk_IBUF_BUFG_inst/O
                         net (fo=36, routed)          1.487    12.879    inst_synch/sysclk
    SLICE_X30Y50         FDRE                                         r  inst_synch/ValueCounter100Hz_reg[15]/C
                         clock pessimism              0.277    13.155    
                         clock uncertainty           -0.035    13.120    
    SLICE_X30Y50         FDRE (Setup_fdre_C_R)       -0.524    12.596    inst_synch/ValueCounter100Hz_reg[15]
  -------------------------------------------------------------------
                         required time                         12.596    
                         arrival time                          -8.716    
  -------------------------------------------------------------------
                         slack                                  3.880    

Slack (MET) :             3.899ns  (required time - arrival time)
  Source:                 inst_synch/ValueCounter100Hz_reg[7]/C
                            (rising edge-triggered cell FDRE clocked by sys_clk_pin  {rise@0.000ns fall@4.000ns period=8.000ns})
  Destination:            inst_synch/d_s1HzInt_reg/D
                            (rising edge-triggered cell FDRE clocked by sys_clk_pin  {rise@0.000ns fall@4.000ns period=8.000ns})
  Path Group:             sys_clk_pin
  Path Type:              Setup (Max at Slow Process Corner)
  Requirement:            8.000ns  (sys_clk_pin rise@8.000ns - sys_clk_pin rise@0.000ns)
  Data Path Delay:        4.028ns  (logic 0.890ns (22.094%)  route 3.138ns (77.906%))
  Logic Levels:           3  (LUT2=1 LUT6=2)
  Clock Path Skew:        -0.114ns (DCD - SCD + CPR)
    Destination Clock Delay (DCD):    4.956ns = ( 12.956 - 8.000 ) 
    Source Clock Delay      (SCD):    5.347ns
    Clock Pessimism Removal (CPR):    0.277ns
  Clock Uncertainty:      0.035ns  ((TSJ^2 + TIJ^2)^1/2 + DJ) / 2 + PE
    Total System Jitter     (TSJ):    0.071ns
    Total Input Jitter      (TIJ):    0.000ns
    Discrete Jitter          (DJ):    0.000ns
    Phase Error              (PE):    0.000ns

    Location             Delay type                Incr(ns)  Path(ns)    Netlist Resource(s)
  -------------------------------------------------------------------    -------------------
                         (clock sys_clk_pin rise edge)
                                                      0.000     0.000 r  
    K17                                               0.000     0.000 r  sysclk (IN)
                         net (fo=0)                   0.000     0.000    sysclk
    K17                  IBUF (Prop_ibuf_I_O)         1.492     1.492 r  sysclk_IBUF_inst/O
                         net (fo=1, routed)           2.076     3.568    sysclk_IBUF
    BUFGCTRL_X0Y16       BUFG (Prop_bufg_I_O)         0.101     3.669 r  sysclk_IBUF_BUFG_inst/O
                         net (fo=36, routed)          1.678     5.347    inst_synch/sysclk
    SLICE_X30Y48         FDRE                                         r  inst_synch/ValueCounter100Hz_reg[7]/C
  -------------------------------------------------------------------    -------------------
    SLICE_X30Y48         FDRE (Prop_fdre_C_Q)         0.518     5.865 f  inst_synch/ValueCounter100Hz_reg[7]/Q
                         net (fo=2, routed)           0.808     6.673    inst_synch/ValueCounter100Hz_reg[7]
    SLICE_X31Y49         LUT6 (Prop_lut6_I3_O)        0.124     6.797 r  inst_synch/ValueCounter100Hz[0]_i_5/O
                         net (fo=2, routed)           1.304     8.101    inst_synch/ValueCounter100Hz[0]_i_5_n_0
    SLICE_X31Y49         LUT6 (Prop_lut6_I0_O)        0.124     8.225 r  inst_synch/ValueCounter1Hz[7]_i_1/O
                         net (fo=9, routed)           1.026     9.251    inst_synch/d_s1HzInt
    SLICE_X42Y52         LUT2 (Prop_lut2_I0_O)        0.124     9.375 r  inst_synch/d_s1HzInt_i_1/O
                         net (fo=1, routed)           0.000     9.375    inst_synch/d_s1HzInt_i_1_n_0
    SLICE_X42Y52         FDRE                                         r  inst_synch/d_s1HzInt_reg/D
  -------------------------------------------------------------------    -------------------

                         (clock sys_clk_pin rise edge)
                                                      8.000     8.000 r  
    K17                                               0.000     8.000 r  sysclk (IN)
                         net (fo=0)                   0.000     8.000    sysclk
    K17                  IBUF (Prop_ibuf_I_O)         1.421     9.421 r  sysclk_IBUF_inst/O
                         net (fo=1, routed)           1.880    11.301    sysclk_IBUF
    BUFGCTRL_X0Y16       BUFG (Prop_bufg_I_O)         0.091    11.392 r  sysclk_IBUF_BUFG_inst/O
                         net (fo=36, routed)          1.564    12.956    inst_synch/sysclk
    SLICE_X42Y52         FDRE                                         r  inst_synch/d_s1HzInt_reg/C
                         clock pessimism              0.277    13.232    
                         clock uncertainty           -0.035    13.197    
    SLICE_X42Y52         FDRE (Setup_fdre_C_D)        0.077    13.274    inst_synch/d_s1HzInt_reg
  -------------------------------------------------------------------
                         required time                         13.274    
                         arrival time                          -9.375    
  -------------------------------------------------------------------
                         slack                                  3.899    

Slack (MET) :             3.914ns  (required time - arrival time)
  Source:                 inst_synch/ValueCounter100Hz_reg[7]/C
                            (rising edge-triggered cell FDRE clocked by sys_clk_pin  {rise@0.000ns fall@4.000ns period=8.000ns})
  Destination:            inst_synch/ValueCounter1Hz_reg[1]/R
                            (rising edge-triggered cell FDRE clocked by sys_clk_pin  {rise@0.000ns fall@4.000ns period=8.000ns})
  Path Group:             sys_clk_pin
  Path Type:              Setup (Max at Slow Process Corner)
  Requirement:            8.000ns  (sys_clk_pin rise@8.000ns - sys_clk_pin rise@0.000ns)
  Data Path Delay:        3.431ns  (logic 0.766ns (22.328%)  route 2.665ns (77.672%))
  Logic Levels:           2  (LUT6=2)
  Clock Path Skew:        -0.191ns (DCD - SCD + CPR)
    Destination Clock Delay (DCD):    4.879ns = ( 12.879 - 8.000 ) 
    Source Clock Delay      (SCD):    5.347ns
    Clock Pessimism Removal (CPR):    0.277ns
  Clock Uncertainty:      0.035ns  ((TSJ^2 + TIJ^2)^1/2 + DJ) / 2 + PE
    Total System Jitter     (TSJ):    0.071ns
    Total Input Jitter      (TIJ):    0.000ns
    Discrete Jitter          (DJ):    0.000ns
    Phase Error              (PE):    0.000ns

    Location             Delay type                Incr(ns)  Path(ns)    Netlist Resource(s)
  -------------------------------------------------------------------    -------------------
                         (clock sys_clk_pin rise edge)
                                                      0.000     0.000 r  
    K17                                               0.000     0.000 r  sysclk (IN)
                         net (fo=0)                   0.000     0.000    sysclk
    K17                  IBUF (Prop_ibuf_I_O)         1.492     1.492 r  sysclk_IBUF_inst/O
                         net (fo=1, routed)           2.076     3.568    sysclk_IBUF
    BUFGCTRL_X0Y16       BUFG (Prop_bufg_I_O)         0.101     3.669 r  sysclk_IBUF_BUFG_inst/O
                         net (fo=36, routed)          1.678     5.347    inst_synch/sysclk
    SLICE_X30Y48         FDRE                                         r  inst_synch/ValueCounter100Hz_reg[7]/C
  -------------------------------------------------------------------    -------------------
    SLICE_X30Y48         FDRE (Prop_fdre_C_Q)         0.518     5.865 f  inst_synch/ValueCounter100Hz_reg[7]/Q
                         net (fo=2, routed)           0.808     6.673    inst_synch/ValueCounter100Hz_reg[7]
    SLICE_X31Y49         LUT6 (Prop_lut6_I3_O)        0.124     6.797 r  inst_synch/ValueCounter100Hz[0]_i_5/O
                         net (fo=2, routed)           1.304     8.101    inst_synch/ValueCounter100Hz[0]_i_5_n_0
    SLICE_X31Y49         LUT6 (Prop_lut6_I0_O)        0.124     8.225 r  inst_synch/ValueCounter1Hz[7]_i_1/O
                         net (fo=9, routed)           0.552     8.777    inst_synch/d_s1HzInt
    SLICE_X31Y51         FDRE                                         r  inst_synch/ValueCounter1Hz_reg[1]/R
  -------------------------------------------------------------------    -------------------

                         (clock sys_clk_pin rise edge)
                                                      8.000     8.000 r  
    K17                                               0.000     8.000 r  sysclk (IN)
                         net (fo=0)                   0.000     8.000    sysclk
    K17                  IBUF (Prop_ibuf_I_O)         1.421     9.421 r  sysclk_IBUF_inst/O
                         net (fo=1, routed)           1.880    11.301    sysclk_IBUF
    BUFGCTRL_X0Y16       BUFG (Prop_bufg_I_O)         0.091    11.392 r  sysclk_IBUF_BUFG_inst/O
                         net (fo=36, routed)          1.487    12.879    inst_synch/sysclk
    SLICE_X31Y51         FDRE                                         r  inst_synch/ValueCounter1Hz_reg[1]/C
                         clock pessimism              0.277    13.155    
                         clock uncertainty           -0.035    13.120    
    SLICE_X31Y51         FDRE (Setup_fdre_C_R)       -0.429    12.691    inst_synch/ValueCounter1Hz_reg[1]
  -------------------------------------------------------------------
                         required time                         12.691    
                         arrival time                          -8.777    
  -------------------------------------------------------------------
                         slack                                  3.914    

Slack (MET) :             3.914ns  (required time - arrival time)
  Source:                 inst_synch/ValueCounter100Hz_reg[7]/C
                            (rising edge-triggered cell FDRE clocked by sys_clk_pin  {rise@0.000ns fall@4.000ns period=8.000ns})
  Destination:            inst_synch/ValueCounter1Hz_reg[3]/R
                            (rising edge-triggered cell FDRE clocked by sys_clk_pin  {rise@0.000ns fall@4.000ns period=8.000ns})
  Path Group:             sys_clk_pin
  Path Type:              Setup (Max at Slow Process Corner)
  Requirement:            8.000ns  (sys_clk_pin rise@8.000ns - sys_clk_pin rise@0.000ns)
  Data Path Delay:        3.431ns  (logic 0.766ns (22.328%)  route 2.665ns (77.672%))
  Logic Levels:           2  (LUT6=2)
  Clock Path Skew:        -0.191ns (DCD - SCD + CPR)
    Destination Clock Delay (DCD):    4.879ns = ( 12.879 - 8.000 ) 
    Source Clock Delay      (SCD):    5.347ns
    Clock Pessimism Removal (CPR):    0.277ns
  Clock Uncertainty:      0.035ns  ((TSJ^2 + TIJ^2)^1/2 + DJ) / 2 + PE
    Total System Jitter     (TSJ):    0.071ns
    Total Input Jitter      (TIJ):    0.000ns
    Discrete Jitter          (DJ):    0.000ns
    Phase Error              (PE):    0.000ns

    Location             Delay type                Incr(ns)  Path(ns)    Netlist Resource(s)
  -------------------------------------------------------------------    -------------------
                         (clock sys_clk_pin rise edge)
                                                      0.000     0.000 r  
    K17                                               0.000     0.000 r  sysclk (IN)
                         net (fo=0)                   0.000     0.000    sysclk
    K17                  IBUF (Prop_ibuf_I_O)         1.492     1.492 r  sysclk_IBUF_inst/O
                         net (fo=1, routed)           2.076     3.568    sysclk_IBUF
    BUFGCTRL_X0Y16       BUFG (Prop_bufg_I_O)         0.101     3.669 r  sysclk_IBUF_BUFG_inst/O
                         net (fo=36, routed)          1.678     5.347    inst_synch/sysclk
    SLICE_X30Y48         FDRE                                         r  inst_synch/ValueCounter100Hz_reg[7]/C
  -------------------------------------------------------------------    -------------------
    SLICE_X30Y48         FDRE (Prop_fdre_C_Q)         0.518     5.865 f  inst_synch/ValueCounter100Hz_reg[7]/Q
                         net (fo=2, routed)           0.808     6.673    inst_synch/ValueCounter100Hz_reg[7]
    SLICE_X31Y49         LUT6 (Prop_lut6_I3_O)        0.124     6.797 r  inst_synch/ValueCounter100Hz[0]_i_5/O
                         net (fo=2, routed)           1.304     8.101    inst_synch/ValueCounter100Hz[0]_i_5_n_0
    SLICE_X31Y49         LUT6 (Prop_lut6_I0_O)        0.124     8.225 r  inst_synch/ValueCounter1Hz[7]_i_1/O
                         net (fo=9, routed)           0.552     8.777    inst_synch/d_s1HzInt
    SLICE_X31Y51         FDRE                                         r  inst_synch/ValueCounter1Hz_reg[3]/R
  -------------------------------------------------------------------    -------------------

                         (clock sys_clk_pin rise edge)
                                                      8.000     8.000 r  
    K17                                               0.000     8.000 r  sysclk (IN)
                         net (fo=0)                   0.000     8.000    sysclk
    K17                  IBUF (Prop_ibuf_I_O)         1.421     9.421 r  sysclk_IBUF_inst/O
                         net (fo=1, routed)           1.880    11.301    sysclk_IBUF
    BUFGCTRL_X0Y16       BUFG (Prop_bufg_I_O)         0.091    11.392 r  sysclk_IBUF_BUFG_inst/O
                         net (fo=36, routed)          1.487    12.879    inst_synch/sysclk
    SLICE_X31Y51         FDRE                                         r  inst_synch/ValueCounter1Hz_reg[3]/C
                         clock pessimism              0.277    13.155    
                         clock uncertainty           -0.035    13.120    
    SLICE_X31Y51         FDRE (Setup_fdre_C_R)       -0.429    12.691    inst_synch/ValueCounter1Hz_reg[3]
  -------------------------------------------------------------------
                         required time                         12.691    
                         arrival time                          -8.777    
  -------------------------------------------------------------------
                         slack                                  3.914    





Min Delay Paths
--------------------------------------------------------------------------------------
Slack (MET) :             0.102ns  (arrival time - required time)
  Source:                 inst_synch/ValueCounter100Hz_reg[10]/C
                            (rising edge-triggered cell FDRE clocked by sys_clk_pin  {rise@0.000ns fall@4.000ns period=8.000ns})
  Destination:            inst_synch/ValueCounter100Hz_reg[12]/D
                            (rising edge-triggered cell FDRE clocked by sys_clk_pin  {rise@0.000ns fall@4.000ns period=8.000ns})
  Path Group:             sys_clk_pin
  Path Type:              Hold (Min at Fast Process Corner)
  Requirement:            0.000ns  (sys_clk_pin rise@0.000ns - sys_clk_pin rise@0.000ns)
  Data Path Delay:        0.499ns  (logic 0.373ns (74.723%)  route 0.126ns (25.277%))
  Logic Levels:           2  (CARRY4=2)
  Clock Path Skew:        0.263ns (DCD - SCD - CPR)
    Destination Clock Delay (DCD):    1.988ns
    Source Clock Delay      (SCD):    1.478ns
    Clock Pessimism Removal (CPR):    0.247ns

    Location             Delay type                Incr(ns)  Path(ns)    Netlist Resource(s)
  -------------------------------------------------------------------    -------------------
                         (clock sys_clk_pin rise edge)
                                                      0.000     0.000 r  
    K17                                               0.000     0.000 r  sysclk (IN)
                         net (fo=0)                   0.000     0.000    sysclk
    K17                  IBUF (Prop_ibuf_I_O)         0.259     0.259 r  sysclk_IBUF_inst/O
                         net (fo=1, routed)           0.627     0.887    sysclk_IBUF
    BUFGCTRL_X0Y16       BUFG (Prop_bufg_I_O)         0.026     0.913 r  sysclk_IBUF_BUFG_inst/O
                         net (fo=36, routed)          0.566     1.478    inst_synch/sysclk
    SLICE_X30Y49         FDRE                                         r  inst_synch/ValueCounter100Hz_reg[10]/C
  -------------------------------------------------------------------    -------------------
    SLICE_X30Y49         FDRE (Prop_fdre_C_Q)         0.164     1.642 r  inst_synch/ValueCounter100Hz_reg[10]/Q
                         net (fo=2, routed)           0.125     1.768    inst_synch/ValueCounter100Hz_reg[10]
    SLICE_X30Y49         CARRY4 (Prop_carry4_S[2]_CO[3])
                                                      0.156     1.924 r  inst_synch/ValueCounter100Hz_reg[8]_i_1/CO[3]
                         net (fo=1, routed)           0.001     1.924    inst_synch/ValueCounter100Hz_reg[8]_i_1_n_0
    SLICE_X30Y50         CARRY4 (Prop_carry4_CI_O[0])
                                                      0.053     1.977 r  inst_synch/ValueCounter100Hz_reg[12]_i_1/O[0]
                         net (fo=1, routed)           0.000     1.977    inst_synch/ValueCounter100Hz_reg[12]_i_1_n_7
    SLICE_X30Y50         FDRE                                         r  inst_synch/ValueCounter100Hz_reg[12]/D
  -------------------------------------------------------------------    -------------------

                         (clock sys_clk_pin rise edge)
                                                      0.000     0.000 r  
    K17                                               0.000     0.000 r  sysclk (IN)
                         net (fo=0)                   0.000     0.000    sysclk
    K17                  IBUF (Prop_ibuf_I_O)         0.447     0.447 r  sysclk_IBUF_inst/O
                         net (fo=1, routed)           0.683     1.130    sysclk_IBUF
    BUFGCTRL_X0Y16       BUFG (Prop_bufg_I_O)         0.029     1.159 r  sysclk_IBUF_BUFG_inst/O
                         net (fo=36, routed)          0.829     1.988    inst_synch/sysclk
    SLICE_X30Y50         FDRE                                         r  inst_synch/ValueCounter100Hz_reg[12]/C
                         clock pessimism             -0.247     1.742    
    SLICE_X30Y50         FDRE (Hold_fdre_C_D)         0.134     1.876    inst_synch/ValueCounter100Hz_reg[12]
  -------------------------------------------------------------------
                         required time                         -1.876    
                         arrival time                           1.977    
  -------------------------------------------------------------------
                         slack                                  0.102    

Slack (MET) :             0.115ns  (arrival time - required time)
  Source:                 inst_synch/ValueCounter100Hz_reg[10]/C
                            (rising edge-triggered cell FDRE clocked by sys_clk_pin  {rise@0.000ns fall@4.000ns period=8.000ns})
  Destination:            inst_synch/ValueCounter100Hz_reg[14]/D
                            (rising edge-triggered cell FDRE clocked by sys_clk_pin  {rise@0.000ns fall@4.000ns period=8.000ns})
  Path Group:             sys_clk_pin
  Path Type:              Hold (Min at Fast Process Corner)
  Requirement:            0.000ns  (sys_clk_pin rise@0.000ns - sys_clk_pin rise@0.000ns)
  Data Path Delay:        0.512ns  (logic 0.386ns (75.365%)  route 0.126ns (24.635%))
  Logic Levels:           2  (CARRY4=2)
  Clock Path Skew:        0.263ns (DCD - SCD - CPR)
    Destination Clock Delay (DCD):    1.988ns
    Source Clock Delay      (SCD):    1.478ns
    Clock Pessimism Removal (CPR):    0.247ns

    Location             Delay type                Incr(ns)  Path(ns)    Netlist Resource(s)
  -------------------------------------------------------------------    -------------------
                         (clock sys_clk_pin rise edge)
                                                      0.000     0.000 r  
    K17                                               0.000     0.000 r  sysclk (IN)
                         net (fo=0)                   0.000     0.000    sysclk
    K17                  IBUF (Prop_ibuf_I_O)         0.259     0.259 r  sysclk_IBUF_inst/O
                         net (fo=1, routed)           0.627     0.887    sysclk_IBUF
    BUFGCTRL_X0Y16       BUFG (Prop_bufg_I_O)         0.026     0.913 r  sysclk_IBUF_BUFG_inst/O
                         net (fo=36, routed)          0.566     1.478    inst_synch/sysclk
    SLICE_X30Y49         FDRE                                         r  inst_synch/ValueCounter100Hz_reg[10]/C
  -------------------------------------------------------------------    -------------------
    SLICE_X30Y49         FDRE (Prop_fdre_C_Q)         0.164     1.642 r  inst_synch/ValueCounter100Hz_reg[10]/Q
                         net (fo=2, routed)           0.125     1.768    inst_synch/ValueCounter100Hz_reg[10]
    SLICE_X30Y49         CARRY4 (Prop_carry4_S[2]_CO[3])
                                                      0.156     1.924 r  inst_synch/ValueCounter100Hz_reg[8]_i_1/CO[3]
                         net (fo=1, routed)           0.001     1.924    inst_synch/ValueCounter100Hz_reg[8]_i_1_n_0
    SLICE_X30Y50         CARRY4 (Prop_carry4_CI_O[2])
                                                      0.066     1.990 r  inst_synch/ValueCounter100Hz_reg[12]_i_1/O[2]
                         net (fo=1, routed)           0.000     1.990    inst_synch/ValueCounter100Hz_reg[12]_i_1_n_5
    SLICE_X30Y50         FDRE                                         r  inst_synch/ValueCounter100Hz_reg[14]/D
  -------------------------------------------------------------------    -------------------

                         (clock sys_clk_pin rise edge)
                                                      0.000     0.000 r  
    K17                                               0.000     0.000 r  sysclk (IN)
                         net (fo=0)                   0.000     0.000    sysclk
    K17                  IBUF (Prop_ibuf_I_O)         0.447     0.447 r  sysclk_IBUF_inst/O
                         net (fo=1, routed)           0.683     1.130    sysclk_IBUF
    BUFGCTRL_X0Y16       BUFG (Prop_bufg_I_O)         0.029     1.159 r  sysclk_IBUF_BUFG_inst/O
                         net (fo=36, routed)          0.829     1.988    inst_synch/sysclk
    SLICE_X30Y50         FDRE                                         r  inst_synch/ValueCounter100Hz_reg[14]/C
                         clock pessimism             -0.247     1.742    
    SLICE_X30Y50         FDRE (Hold_fdre_C_D)         0.134     1.876    inst_synch/ValueCounter100Hz_reg[14]
  -------------------------------------------------------------------
                         required time                         -1.876    
                         arrival time                           1.990    
  -------------------------------------------------------------------
                         slack                                  0.115    

Slack (MET) :             0.138ns  (arrival time - required time)
  Source:                 inst_synch/ValueCounter100Hz_reg[10]/C
                            (rising edge-triggered cell FDRE clocked by sys_clk_pin  {rise@0.000ns fall@4.000ns period=8.000ns})
  Destination:            inst_synch/ValueCounter100Hz_reg[13]/D
                            (rising edge-triggered cell FDRE clocked by sys_clk_pin  {rise@0.000ns fall@4.000ns period=8.000ns})
  Path Group:             sys_clk_pin
  Path Type:              Hold (Min at Fast Process Corner)
  Requirement:            0.000ns  (sys_clk_pin rise@0.000ns - sys_clk_pin rise@0.000ns)
  Data Path Delay:        0.535ns  (logic 0.409ns (76.423%)  route 0.126ns (23.577%))
  Logic Levels:           2  (CARRY4=2)
  Clock Path Skew:        0.263ns (DCD - SCD - CPR)
    Destination Clock Delay (DCD):    1.988ns
    Source Clock Delay      (SCD):    1.478ns
    Clock Pessimism Removal (CPR):    0.247ns

    Location             Delay type                Incr(ns)  Path(ns)    Netlist Resource(s)
  -------------------------------------------------------------------    -------------------
                         (clock sys_clk_pin rise edge)
                                                      0.000     0.000 r  
    K17                                               0.000     0.000 r  sysclk (IN)
                         net (fo=0)                   0.000     0.000    sysclk
    K17                  IBUF (Prop_ibuf_I_O)         0.259     0.259 r  sysclk_IBUF_inst/O
                         net (fo=1, routed)           0.627     0.887    sysclk_IBUF
    BUFGCTRL_X0Y16       BUFG (Prop_bufg_I_O)         0.026     0.913 r  sysclk_IBUF_BUFG_inst/O
                         net (fo=36, routed)          0.566     1.478    inst_synch/sysclk
    SLICE_X30Y49         FDRE                                         r  inst_synch/ValueCounter100Hz_reg[10]/C
  -------------------------------------------------------------------    -------------------
    SLICE_X30Y49         FDRE (Prop_fdre_C_Q)         0.164     1.642 r  inst_synch/ValueCounter100Hz_reg[10]/Q
                         net (fo=2, routed)           0.125     1.768    inst_synch/ValueCounter100Hz_reg[10]
    SLICE_X30Y49         CARRY4 (Prop_carry4_S[2]_CO[3])
                                                      0.156     1.924 r  inst_synch/ValueCounter100Hz_reg[8]_i_1/CO[3]
                         net (fo=1, routed)           0.001     1.924    inst_synch/ValueCounter100Hz_reg[8]_i_1_n_0
    SLICE_X30Y50         CARRY4 (Prop_carry4_CI_O[1])
                                                      0.089     2.013 r  inst_synch/ValueCounter100Hz_reg[12]_i_1/O[1]
                         net (fo=1, routed)           0.000     2.013    inst_synch/ValueCounter100Hz_reg[12]_i_1_n_6
    SLICE_X30Y50         FDRE                                         r  inst_synch/ValueCounter100Hz_reg[13]/D
  -------------------------------------------------------------------    -------------------

                         (clock sys_clk_pin rise edge)
                                                      0.000     0.000 r  
    K17                                               0.000     0.000 r  sysclk (IN)
                         net (fo=0)                   0.000     0.000    sysclk
    K17                  IBUF (Prop_ibuf_I_O)         0.447     0.447 r  sysclk_IBUF_inst/O
                         net (fo=1, routed)           0.683     1.130    sysclk_IBUF
    BUFGCTRL_X0Y16       BUFG (Prop_bufg_I_O)         0.029     1.159 r  sysclk_IBUF_BUFG_inst/O
                         net (fo=36, routed)          0.829     1.988    inst_synch/sysclk
    SLICE_X30Y50         FDRE                                         r  inst_synch/ValueCounter100Hz_reg[13]/C
                         clock pessimism             -0.247     1.742    
    SLICE_X30Y50         FDRE (Hold_fdre_C_D)         0.134     1.876    inst_synch/ValueCounter100Hz_reg[13]
  -------------------------------------------------------------------
                         required time                         -1.876    
                         arrival time                           2.013    
  -------------------------------------------------------------------
                         slack                                  0.138    

Slack (MET) :             0.140ns  (arrival time - required time)
  Source:                 inst_synch/ValueCounter100Hz_reg[10]/C
                            (rising edge-triggered cell FDRE clocked by sys_clk_pin  {rise@0.000ns fall@4.000ns period=8.000ns})
  Destination:            inst_synch/ValueCounter100Hz_reg[15]/D
                            (rising edge-triggered cell FDRE clocked by sys_clk_pin  {rise@0.000ns fall@4.000ns period=8.000ns})
  Path Group:             sys_clk_pin
  Path Type:              Hold (Min at Fast Process Corner)
  Requirement:            0.000ns  (sys_clk_pin rise@0.000ns - sys_clk_pin rise@0.000ns)
  Data Path Delay:        0.537ns  (logic 0.411ns (76.511%)  route 0.126ns (23.489%))
  Logic Levels:           2  (CARRY4=2)
  Clock Path Skew:        0.263ns (DCD - SCD - CPR)
    Destination Clock Delay (DCD):    1.988ns
    Source Clock Delay      (SCD):    1.478ns
    Clock Pessimism Removal (CPR):    0.247ns

    Location             Delay type                Incr(ns)  Path(ns)    Netlist Resource(s)
  -------------------------------------------------------------------    -------------------
                         (clock sys_clk_pin rise edge)
                                                      0.000     0.000 r  
    K17                                               0.000     0.000 r  sysclk (IN)
                         net (fo=0)                   0.000     0.000    sysclk
    K17                  IBUF (Prop_ibuf_I_O)         0.259     0.259 r  sysclk_IBUF_inst/O
                         net (fo=1, routed)           0.627     0.887    sysclk_IBUF
    BUFGCTRL_X0Y16       BUFG (Prop_bufg_I_O)         0.026     0.913 r  sysclk_IBUF_BUFG_inst/O
                         net (fo=36, routed)          0.566     1.478    inst_synch/sysclk
    SLICE_X30Y49         FDRE                                         r  inst_synch/ValueCounter100Hz_reg[10]/C
  -------------------------------------------------------------------    -------------------
    SLICE_X30Y49         FDRE (Prop_fdre_C_Q)         0.164     1.642 r  inst_synch/ValueCounter100Hz_reg[10]/Q
                         net (fo=2, routed)           0.125     1.768    inst_synch/ValueCounter100Hz_reg[10]
    SLICE_X30Y49         CARRY4 (Prop_carry4_S[2]_CO[3])
                                                      0.156     1.924 r  inst_synch/ValueCounter100Hz_reg[8]_i_1/CO[3]
                         net (fo=1, routed)           0.001     1.924    inst_synch/ValueCounter100Hz_reg[8]_i_1_n_0
    SLICE_X30Y50         CARRY4 (Prop_carry4_CI_O[3])
                                                      0.091     2.015 r  inst_synch/ValueCounter100Hz_reg[12]_i_1/O[3]
                         net (fo=1, routed)           0.000     2.015    inst_synch/ValueCounter100Hz_reg[12]_i_1_n_4
    SLICE_X30Y50         FDRE                                         r  inst_synch/ValueCounter100Hz_reg[15]/D
  -------------------------------------------------------------------    -------------------

                         (clock sys_clk_pin rise edge)
                                                      0.000     0.000 r  
    K17                                               0.000     0.000 r  sysclk (IN)
                         net (fo=0)                   0.000     0.000    sysclk
    K17                  IBUF (Prop_ibuf_I_O)         0.447     0.447 r  sysclk_IBUF_inst/O
                         net (fo=1, routed)           0.683     1.130    sysclk_IBUF
    BUFGCTRL_X0Y16       BUFG (Prop_bufg_I_O)         0.029     1.159 r  sysclk_IBUF_BUFG_inst/O
                         net (fo=36, routed)          0.829     1.988    inst_synch/sysclk
    SLICE_X30Y50         FDRE                                         r  inst_synch/ValueCounter100Hz_reg[15]/C
                         clock pessimism             -0.247     1.742    
    SLICE_X30Y50         FDRE (Hold_fdre_C_D)         0.134     1.876    inst_synch/ValueCounter100Hz_reg[15]
  -------------------------------------------------------------------
                         required time                         -1.876    
                         arrival time                           2.015    
  -------------------------------------------------------------------
                         slack                                  0.140    

Slack (MET) :             0.162ns  (arrival time - required time)
  Source:                 inst_synch/ValueCounter5MHz_reg[0]/C
                            (rising edge-triggered cell FDRE clocked by sys_clk_pin  {rise@0.000ns fall@4.000ns period=8.000ns})
  Destination:            inst_synch/d_s5MHzInt_reg/D
                            (rising edge-triggered cell FDRE clocked by sys_clk_pin  {rise@0.000ns fall@4.000ns period=8.000ns})
  Path Group:             sys_clk_pin
  Path Type:              Hold (Min at Fast Process Corner)
  Requirement:            0.000ns  (sys_clk_pin rise@0.000ns - sys_clk_pin rise@0.000ns)
  Data Path Delay:        0.266ns  (logic 0.186ns (69.797%)  route 0.080ns (30.203%))
  Logic Levels:           1  (LUT6=1)
  Clock Path Skew:        0.013ns (DCD - SCD - CPR)
    Destination Clock Delay (DCD):    1.993ns
    Source Clock Delay      (SCD):    1.478ns
    Clock Pessimism Removal (CPR):    0.502ns

    Location             Delay type                Incr(ns)  Path(ns)    Netlist Resource(s)
  -------------------------------------------------------------------    -------------------
                         (clock sys_clk_pin rise edge)
                                                      0.000     0.000 r  
    K17                                               0.000     0.000 r  sysclk (IN)
                         net (fo=0)                   0.000     0.000    sysclk
    K17                  IBUF (Prop_ibuf_I_O)         0.259     0.259 r  sysclk_IBUF_inst/O
                         net (fo=1, routed)           0.627     0.887    sysclk_IBUF
    BUFGCTRL_X0Y16       BUFG (Prop_bufg_I_O)         0.026     0.913 r  sysclk_IBUF_BUFG_inst/O
                         net (fo=36, routed)          0.566     1.478    inst_synch/sysclk
    SLICE_X27Y49         FDRE                                         r  inst_synch/ValueCounter5MHz_reg[0]/C
  -------------------------------------------------------------------    -------------------
    SLICE_X27Y49         FDRE (Prop_fdre_C_Q)         0.141     1.619 r  inst_synch/ValueCounter5MHz_reg[0]/Q
                         net (fo=7, routed)           0.080     1.700    inst_synch/ValueCounter5MHz_reg[0]
    SLICE_X26Y49         LUT6 (Prop_lut6_I0_O)        0.045     1.745 r  inst_synch/d_s5MHzInt_i_1/O
                         net (fo=1, routed)           0.000     1.745    inst_synch/d_s5MHzInt_i_1_n_0
    SLICE_X26Y49         FDRE                                         r  inst_synch/d_s5MHzInt_reg/D
  -------------------------------------------------------------------    -------------------

                         (clock sys_clk_pin rise edge)
                                                      0.000     0.000 r  
    K17                                               0.000     0.000 r  sysclk (IN)
                         net (fo=0)                   0.000     0.000    sysclk
    K17                  IBUF (Prop_ibuf_I_O)         0.447     0.447 r  sysclk_IBUF_inst/O
                         net (fo=1, routed)           0.683     1.130    sysclk_IBUF
    BUFGCTRL_X0Y16       BUFG (Prop_bufg_I_O)         0.029     1.159 r  sysclk_IBUF_BUFG_inst/O
                         net (fo=36, routed)          0.834     1.993    inst_synch/sysclk
    SLICE_X26Y49         FDRE                                         r  inst_synch/d_s5MHzInt_reg/C
                         clock pessimism             -0.502     1.491    
    SLICE_X26Y49         FDRE (Hold_fdre_C_D)         0.091     1.582    inst_synch/d_s5MHzInt_reg
  -------------------------------------------------------------------
                         required time                         -1.582    
                         arrival time                           1.745    
  -------------------------------------------------------------------
                         slack                                  0.162    

Slack (MET) :             0.176ns  (arrival time - required time)
  Source:                 inst_synch/ValueCounter1Hz_reg[4]/C
                            (rising edge-triggered cell FDRE clocked by sys_clk_pin  {rise@0.000ns fall@4.000ns period=8.000ns})
  Destination:            inst_synch/ValueCounter1Hz_reg[5]/D
                            (rising edge-triggered cell FDRE clocked by sys_clk_pin  {rise@0.000ns fall@4.000ns period=8.000ns})
  Path Group:             sys_clk_pin
  Path Type:              Hold (Min at Fast Process Corner)
  Requirement:            0.000ns  (sys_clk_pin rise@0.000ns - sys_clk_pin rise@0.000ns)
  Data Path Delay:        0.281ns  (logic 0.209ns (74.287%)  route 0.072ns (25.713%))
  Logic Levels:           1  (LUT6=1)
  Clock Path Skew:        0.013ns (DCD - SCD - CPR)
    Destination Clock Delay (DCD):    1.988ns
    Source Clock Delay      (SCD):    1.472ns
    Clock Pessimism Removal (CPR):    0.503ns

    Location             Delay type                Incr(ns)  Path(ns)    Netlist Resource(s)
  -------------------------------------------------------------------    -------------------
                         (clock sys_clk_pin rise edge)
                                                      0.000     0.000 r  
    K17                                               0.000     0.000 r  sysclk (IN)
                         net (fo=0)                   0.000     0.000    sysclk
    K17                  IBUF (Prop_ibuf_I_O)         0.259     0.259 r  sysclk_IBUF_inst/O
                         net (fo=1, routed)           0.627     0.887    sysclk_IBUF
    BUFGCTRL_X0Y16       BUFG (Prop_bufg_I_O)         0.026     0.913 r  sysclk_IBUF_BUFG_inst/O
                         net (fo=36, routed)          0.560     1.472    inst_synch/sysclk
    SLICE_X30Y51         FDRE                                         r  inst_synch/ValueCounter1Hz_reg[4]/C
  -------------------------------------------------------------------    -------------------
    SLICE_X30Y51         FDRE (Prop_fdre_C_Q)         0.164     1.636 r  inst_synch/ValueCounter1Hz_reg[4]/Q
                         net (fo=5, routed)           0.072     1.709    inst_synch/ValueCounter1Hz_reg[4]
    SLICE_X31Y51         LUT6 (Prop_lut6_I0_O)        0.045     1.754 r  inst_synch/ValueCounter1Hz[5]_i_1/O
                         net (fo=1, routed)           0.000     1.754    inst_synch/p_0_in__0[5]
    SLICE_X31Y51         FDRE                                         r  inst_synch/ValueCounter1Hz_reg[5]/D
  -------------------------------------------------------------------    -------------------

                         (clock sys_clk_pin rise edge)
                                                      0.000     0.000 r  
    K17                                               0.000     0.000 r  sysclk (IN)
                         net (fo=0)                   0.000     0.000    sysclk
    K17                  IBUF (Prop_ibuf_I_O)         0.447     0.447 r  sysclk_IBUF_inst/O
                         net (fo=1, routed)           0.683     1.130    sysclk_IBUF
    BUFGCTRL_X0Y16       BUFG (Prop_bufg_I_O)         0.029     1.159 r  sysclk_IBUF_BUFG_inst/O
                         net (fo=36, routed)          0.829     1.988    inst_synch/sysclk
    SLICE_X31Y51         FDRE                                         r  inst_synch/ValueCounter1Hz_reg[5]/C
                         clock pessimism             -0.503     1.485    
    SLICE_X31Y51         FDRE (Hold_fdre_C_D)         0.092     1.577    inst_synch/ValueCounter1Hz_reg[5]
  -------------------------------------------------------------------
                         required time                         -1.577    
                         arrival time                           1.754    
  -------------------------------------------------------------------
                         slack                                  0.176    

Slack (MET) :             0.208ns  (arrival time - required time)
  Source:                 inst_synch/ValueCounter1Hz_reg[0]/C
                            (rising edge-triggered cell FDRE clocked by sys_clk_pin  {rise@0.000ns fall@4.000ns period=8.000ns})
  Destination:            inst_synch/ValueCounter1Hz_reg[3]/D
                            (rising edge-triggered cell FDRE clocked by sys_clk_pin  {rise@0.000ns fall@4.000ns period=8.000ns})
  Path Group:             sys_clk_pin
  Path Type:              Hold (Min at Fast Process Corner)
  Requirement:            0.000ns  (sys_clk_pin rise@0.000ns - sys_clk_pin rise@0.000ns)
  Data Path Delay:        0.328ns  (logic 0.212ns (64.546%)  route 0.116ns (35.454%))
  Logic Levels:           1  (LUT4=1)
  Clock Path Skew:        0.013ns (DCD - SCD - CPR)
    Destination Clock Delay (DCD):    1.988ns
    Source Clock Delay      (SCD):    1.472ns
    Clock Pessimism Removal (CPR):    0.503ns

    Location             Delay type                Incr(ns)  Path(ns)    Netlist Resource(s)
  -------------------------------------------------------------------    -------------------
                         (clock sys_clk_pin rise edge)
                                                      0.000     0.000 r  
    K17                                               0.000     0.000 r  sysclk (IN)
                         net (fo=0)                   0.000     0.000    sysclk
    K17                  IBUF (Prop_ibuf_I_O)         0.259     0.259 r  sysclk_IBUF_inst/O
                         net (fo=1, routed)           0.627     0.887    sysclk_IBUF
    BUFGCTRL_X0Y16       BUFG (Prop_bufg_I_O)         0.026     0.913 r  sysclk_IBUF_BUFG_inst/O
                         net (fo=36, routed)          0.560     1.472    inst_synch/sysclk
    SLICE_X30Y51         FDRE                                         r  inst_synch/ValueCounter1Hz_reg[0]/C
  -------------------------------------------------------------------    -------------------
    SLICE_X30Y51         FDRE (Prop_fdre_C_Q)         0.164     1.636 r  inst_synch/ValueCounter1Hz_reg[0]/Q
                         net (fo=8, routed)           0.116     1.753    inst_synch/ValueCounter1Hz_reg[0]
    SLICE_X31Y51         LUT4 (Prop_lut4_I1_O)        0.048     1.801 r  inst_synch/ValueCounter1Hz[3]_i_1/O
                         net (fo=1, routed)           0.000     1.801    inst_synch/p_0_in__0[3]
    SLICE_X31Y51         FDRE                                         r  inst_synch/ValueCounter1Hz_reg[3]/D
  -------------------------------------------------------------------    -------------------

                         (clock sys_clk_pin rise edge)
                                                      0.000     0.000 r  
    K17                                               0.000     0.000 r  sysclk (IN)
                         net (fo=0)                   0.000     0.000    sysclk
    K17                  IBUF (Prop_ibuf_I_O)         0.447     0.447 r  sysclk_IBUF_inst/O
                         net (fo=1, routed)           0.683     1.130    sysclk_IBUF
    BUFGCTRL_X0Y16       BUFG (Prop_bufg_I_O)         0.029     1.159 r  sysclk_IBUF_BUFG_inst/O
                         net (fo=36, routed)          0.829     1.988    inst_synch/sysclk
    SLICE_X31Y51         FDRE                                         r  inst_synch/ValueCounter1Hz_reg[3]/C
                         clock pessimism             -0.503     1.485    
    SLICE_X31Y51         FDRE (Hold_fdre_C_D)         0.107     1.592    inst_synch/ValueCounter1Hz_reg[3]
  -------------------------------------------------------------------
                         required time                         -1.592    
                         arrival time                           1.801    
  -------------------------------------------------------------------
                         slack                                  0.208    

Slack (MET) :             0.221ns  (arrival time - required time)
  Source:                 inst_synch/ValueCounter1Hz_reg[0]/C
                            (rising edge-triggered cell FDRE clocked by sys_clk_pin  {rise@0.000ns fall@4.000ns period=8.000ns})
  Destination:            inst_synch/ValueCounter1Hz_reg[1]/D
                            (rising edge-triggered cell FDRE clocked by sys_clk_pin  {rise@0.000ns fall@4.000ns period=8.000ns})
  Path Group:             sys_clk_pin
  Path Type:              Hold (Min at Fast Process Corner)
  Requirement:            0.000ns  (sys_clk_pin rise@0.000ns - sys_clk_pin rise@0.000ns)
  Data Path Delay:        0.325ns  (logic 0.209ns (64.219%)  route 0.116ns (35.781%))
  Logic Levels:           1  (LUT2=1)
  Clock Path Skew:        0.013ns (DCD - SCD - CPR)
    Destination Clock Delay (DCD):    1.988ns
    Source Clock Delay      (SCD):    1.472ns
    Clock Pessimism Removal (CPR):    0.503ns

    Location             Delay type                Incr(ns)  Path(ns)    Netlist Resource(s)
  -------------------------------------------------------------------    -------------------
                         (clock sys_clk_pin rise edge)
                                                      0.000     0.000 r  
    K17                                               0.000     0.000 r  sysclk (IN)
                         net (fo=0)                   0.000     0.000    sysclk
    K17                  IBUF (Prop_ibuf_I_O)         0.259     0.259 r  sysclk_IBUF_inst/O
                         net (fo=1, routed)           0.627     0.887    sysclk_IBUF
    BUFGCTRL_X0Y16       BUFG (Prop_bufg_I_O)         0.026     0.913 r  sysclk_IBUF_BUFG_inst/O
                         net (fo=36, routed)          0.560     1.472    inst_synch/sysclk
    SLICE_X30Y51         FDRE                                         r  inst_synch/ValueCounter1Hz_reg[0]/C
  -------------------------------------------------------------------    -------------------
    SLICE_X30Y51         FDRE (Prop_fdre_C_Q)         0.164     1.636 r  inst_synch/ValueCounter1Hz_reg[0]/Q
                         net (fo=8, routed)           0.116     1.753    inst_synch/ValueCounter1Hz_reg[0]
    SLICE_X31Y51         LUT2 (Prop_lut2_I0_O)        0.045     1.798 r  inst_synch/ValueCounter1Hz[1]_i_1/O
                         net (fo=1, routed)           0.000     1.798    inst_synch/p_0_in__0[1]
    SLICE_X31Y51         FDRE                                         r  inst_synch/ValueCounter1Hz_reg[1]/D
  -------------------------------------------------------------------    -------------------

                         (clock sys_clk_pin rise edge)
                                                      0.000     0.000 r  
    K17                                               0.000     0.000 r  sysclk (IN)
                         net (fo=0)                   0.000     0.000    sysclk
    K17                  IBUF (Prop_ibuf_I_O)         0.447     0.447 r  sysclk_IBUF_inst/O
                         net (fo=1, routed)           0.683     1.130    sysclk_IBUF
    BUFGCTRL_X0Y16       BUFG (Prop_bufg_I_O)         0.029     1.159 r  sysclk_IBUF_BUFG_inst/O
                         net (fo=36, routed)          0.829     1.988    inst_synch/sysclk
    SLICE_X31Y51         FDRE                                         r  inst_synch/ValueCounter1Hz_reg[1]/C
                         clock pessimism             -0.503     1.485    
    SLICE_X31Y51         FDRE (Hold_fdre_C_D)         0.091     1.576    inst_synch/ValueCounter1Hz_reg[1]
  -------------------------------------------------------------------
                         required time                         -1.576    
                         arrival time                           1.798    
  -------------------------------------------------------------------
                         slack                                  0.221    

Slack (MET) :             0.238ns  (arrival time - required time)
  Source:                 inst_synch/ValueCounter200kHz_reg[1]/C
                            (rising edge-triggered cell FDRE clocked by sys_clk_pin  {rise@0.000ns fall@4.000ns period=8.000ns})
  Destination:            inst_synch/ValueCounter100Hz_reg[12]/CE
                            (rising edge-triggered cell FDRE clocked by sys_clk_pin  {rise@0.000ns fall@4.000ns period=8.000ns})
  Path Group:             sys_clk_pin
  Path Type:              Hold (Min at Fast Process Corner)
  Requirement:            0.000ns  (sys_clk_pin rise@0.000ns - sys_clk_pin rise@0.000ns)
  Data Path Delay:        0.486ns  (logic 0.186ns (38.309%)  route 0.300ns (61.691%))
  Logic Levels:           1  (LUT6=1)
  Clock Path Skew:        0.263ns (DCD - SCD - CPR)
    Destination Clock Delay (DCD):    1.988ns
    Source Clock Delay      (SCD):    1.478ns
    Clock Pessimism Removal (CPR):    0.247ns

    Location             Delay type                Incr(ns)  Path(ns)    Netlist Resource(s)
  -------------------------------------------------------------------    -------------------
                         (clock sys_clk_pin rise edge)
                                                      0.000     0.000 r  
    K17                                               0.000     0.000 r  sysclk (IN)
                         net (fo=0)                   0.000     0.000    sysclk
    K17                  IBUF (Prop_ibuf_I_O)         0.259     0.259 r  sysclk_IBUF_inst/O
                         net (fo=1, routed)           0.627     0.887    sysclk_IBUF
    BUFGCTRL_X0Y16       BUFG (Prop_bufg_I_O)         0.026     0.913 r  sysclk_IBUF_BUFG_inst/O
                         net (fo=36, routed)          0.566     1.478    inst_synch/sysclk
    SLICE_X31Y48         FDRE                                         r  inst_synch/ValueCounter200kHz_reg[1]/C
  -------------------------------------------------------------------    -------------------
    SLICE_X31Y48         FDRE (Prop_fdre_C_Q)         0.141     1.619 f  inst_synch/ValueCounter200kHz_reg[1]/Q
                         net (fo=6, routed)           0.146     1.765    inst_synch/ValueCounter200kHz_reg[1]
    SLICE_X31Y48         LUT6 (Prop_lut6_I4_O)        0.045     1.810 r  inst_synch/ValueCounter100Hz[0]_i_2/O
                         net (fo=16, routed)          0.153     1.964    inst_synch/ValueCounter100Hz[0]_i_2_n_0
    SLICE_X30Y50         FDRE                                         r  inst_synch/ValueCounter100Hz_reg[12]/CE
  -------------------------------------------------------------------    -------------------

                         (clock sys_clk_pin rise edge)
                                                      0.000     0.000 r  
    K17                                               0.000     0.000 r  sysclk (IN)
                         net (fo=0)                   0.000     0.000    sysclk
    K17                  IBUF (Prop_ibuf_I_O)         0.447     0.447 r  sysclk_IBUF_inst/O
                         net (fo=1, routed)           0.683     1.130    sysclk_IBUF
    BUFGCTRL_X0Y16       BUFG (Prop_bufg_I_O)         0.029     1.159 r  sysclk_IBUF_BUFG_inst/O
                         net (fo=36, routed)          0.829     1.988    inst_synch/sysclk
    SLICE_X30Y50         FDRE                                         r  inst_synch/ValueCounter100Hz_reg[12]/C
                         clock pessimism             -0.247     1.742    
    SLICE_X30Y50         FDRE (Hold_fdre_C_CE)       -0.016     1.726    inst_synch/ValueCounter100Hz_reg[12]
  -------------------------------------------------------------------
                         required time                         -1.726    
                         arrival time                           1.964    
  -------------------------------------------------------------------
                         slack                                  0.238    

Slack (MET) :             0.238ns  (arrival time - required time)
  Source:                 inst_synch/ValueCounter200kHz_reg[1]/C
                            (rising edge-triggered cell FDRE clocked by sys_clk_pin  {rise@0.000ns fall@4.000ns period=8.000ns})
  Destination:            inst_synch/ValueCounter100Hz_reg[13]/CE
                            (rising edge-triggered cell FDRE clocked by sys_clk_pin  {rise@0.000ns fall@4.000ns period=8.000ns})
  Path Group:             sys_clk_pin
  Path Type:              Hold (Min at Fast Process Corner)
  Requirement:            0.000ns  (sys_clk_pin rise@0.000ns - sys_clk_pin rise@0.000ns)
  Data Path Delay:        0.486ns  (logic 0.186ns (38.309%)  route 0.300ns (61.691%))
  Logic Levels:           1  (LUT6=1)
  Clock Path Skew:        0.263ns (DCD - SCD - CPR)
    Destination Clock Delay (DCD):    1.988ns
    Source Clock Delay      (SCD):    1.478ns
    Clock Pessimism Removal (CPR):    0.247ns

    Location             Delay type                Incr(ns)  Path(ns)    Netlist Resource(s)
  -------------------------------------------------------------------    -------------------
                         (clock sys_clk_pin rise edge)
                                                      0.000     0.000 r  
    K17                                               0.000     0.000 r  sysclk (IN)
                         net (fo=0)                   0.000     0.000    sysclk
    K17                  IBUF (Prop_ibuf_I_O)         0.259     0.259 r  sysclk_IBUF_inst/O
                         net (fo=1, routed)           0.627     0.887    sysclk_IBUF
    BUFGCTRL_X0Y16       BUFG (Prop_bufg_I_O)         0.026     0.913 r  sysclk_IBUF_BUFG_inst/O
                         net (fo=36, routed)          0.566     1.478    inst_synch/sysclk
    SLICE_X31Y48         FDRE                                         r  inst_synch/ValueCounter200kHz_reg[1]/C
  -------------------------------------------------------------------    -------------------
    SLICE_X31Y48         FDRE (Prop_fdre_C_Q)         0.141     1.619 f  inst_synch/ValueCounter200kHz_reg[1]/Q
                         net (fo=6, routed)           0.146     1.765    inst_synch/ValueCounter200kHz_reg[1]
    SLICE_X31Y48         LUT6 (Prop_lut6_I4_O)        0.045     1.810 r  inst_synch/ValueCounter100Hz[0]_i_2/O
                         net (fo=16, routed)          0.153     1.964    inst_synch/ValueCounter100Hz[0]_i_2_n_0
    SLICE_X30Y50         FDRE                                         r  inst_synch/ValueCounter100Hz_reg[13]/CE
  -------------------------------------------------------------------    -------------------

                         (clock sys_clk_pin rise edge)
                                                      0.000     0.000 r  
    K17                                               0.000     0.000 r  sysclk (IN)
                         net (fo=0)                   0.000     0.000    sysclk
    K17                  IBUF (Prop_ibuf_I_O)         0.447     0.447 r  sysclk_IBUF_inst/O
                         net (fo=1, routed)           0.683     1.130    sysclk_IBUF
    BUFGCTRL_X0Y16       BUFG (Prop_bufg_I_O)         0.029     1.159 r  sysclk_IBUF_BUFG_inst/O
                         net (fo=36, routed)          0.829     1.988    inst_synch/sysclk
    SLICE_X30Y50         FDRE                                         r  inst_synch/ValueCounter100Hz_reg[13]/C
                         clock pessimism             -0.247     1.742    
    SLICE_X30Y50         FDRE (Hold_fdre_C_CE)       -0.016     1.726    inst_synch/ValueCounter100Hz_reg[13]
  -------------------------------------------------------------------
                         required time                         -1.726    
                         arrival time                           1.964    
  -------------------------------------------------------------------
                         slack                                  0.238    





Pulse Width Checks
--------------------------------------------------------------------------------------
Clock Name:         sys_clk_pin
Waveform(ns):       { 0.000 4.000 }
Period(ns):         8.000
Sources:            { sysclk }

Check Type        Corner  Lib Pin  Reference Pin  Required(ns)  Actual(ns)  Slack(ns)  Location        Pin
Min Period        n/a     BUFG/I   n/a            2.155         8.000       5.845      BUFGCTRL_X0Y16  sysclk_IBUF_BUFG_inst/I
Min Period        n/a     FDRE/C   n/a            1.000         8.000       7.000      SLICE_X30Y47    inst_synch/ValueCounter100Hz_reg[0]/C
Min Period        n/a     FDRE/C   n/a            1.000         8.000       7.000      SLICE_X30Y49    inst_synch/ValueCounter100Hz_reg[10]/C
Min Period        n/a     FDRE/C   n/a            1.000         8.000       7.000      SLICE_X30Y49    inst_synch/ValueCounter100Hz_reg[11]/C
Min Period        n/a     FDRE/C   n/a            1.000         8.000       7.000      SLICE_X30Y50    inst_synch/ValueCounter100Hz_reg[12]/C
Min Period        n/a     FDRE/C   n/a            1.000         8.000       7.000      SLICE_X30Y50    inst_synch/ValueCounter100Hz_reg[13]/C
Min Period        n/a     FDRE/C   n/a            1.000         8.000       7.000      SLICE_X30Y50    inst_synch/ValueCounter100Hz_reg[14]/C
Min Period        n/a     FDRE/C   n/a            1.000         8.000       7.000      SLICE_X30Y50    inst_synch/ValueCounter100Hz_reg[15]/C
Min Period        n/a     FDRE/C   n/a            1.000         8.000       7.000      SLICE_X30Y47    inst_synch/ValueCounter100Hz_reg[1]/C
Min Period        n/a     FDRE/C   n/a            1.000         8.000       7.000      SLICE_X30Y47    inst_synch/ValueCounter100Hz_reg[2]/C
Low Pulse Width   Fast    FDRE/C   n/a            0.500         4.000       3.500      SLICE_X42Y52    inst_synch/d_s1HzInt_reg/C
Low Pulse Width   Fast    FDRE/C   n/a            0.500         4.000       3.500      SLICE_X30Y47    inst_synch/ValueCounter100Hz_reg[0]/C
Low Pulse Width   Fast    FDRE/C   n/a            0.500         4.000       3.500      SLICE_X30Y49    inst_synch/ValueCounter100Hz_reg[10]/C
Low Pulse Width   Fast    FDRE/C   n/a            0.500         4.000       3.500      SLICE_X30Y49    inst_synch/ValueCounter100Hz_reg[11]/C
Low Pulse Width   Fast    FDRE/C   n/a            0.500         4.000       3.500      SLICE_X30Y47    inst_synch/ValueCounter100Hz_reg[1]/C
Low Pulse Width   Fast    FDRE/C   n/a            0.500         4.000       3.500      SLICE_X30Y47    inst_synch/ValueCounter100Hz_reg[2]/C
Low Pulse Width   Fast    FDRE/C   n/a            0.500         4.000       3.500      SLICE_X30Y47    inst_synch/ValueCounter100Hz_reg[3]/C
Low Pulse Width   Fast    FDRE/C   n/a            0.500         4.000       3.500      SLICE_X30Y48    inst_synch/ValueCounter100Hz_reg[4]/C
Low Pulse Width   Fast    FDRE/C   n/a            0.500         4.000       3.500      SLICE_X30Y48    inst_synch/ValueCounter100Hz_reg[5]/C
Low Pulse Width   Fast    FDRE/C   n/a            0.500         4.000       3.500      SLICE_X30Y48    inst_synch/ValueCounter100Hz_reg[6]/C
High Pulse Width  Slow    FDRE/C   n/a            0.500         4.000       3.500      SLICE_X30Y47    inst_synch/ValueCounter100Hz_reg[0]/C
High Pulse Width  Fast    FDRE/C   n/a            0.500         4.000       3.500      SLICE_X30Y47    inst_synch/ValueCounter100Hz_reg[0]/C
High Pulse Width  Slow    FDRE/C   n/a            0.500         4.000       3.500      SLICE_X30Y49    inst_synch/ValueCounter100Hz_reg[10]/C
High Pulse Width  Fast    FDRE/C   n/a            0.500         4.000       3.500      SLICE_X30Y49    inst_synch/ValueCounter100Hz_reg[10]/C
High Pulse Width  Slow    FDRE/C   n/a            0.500         4.000       3.500      SLICE_X30Y49    inst_synch/ValueCounter100Hz_reg[11]/C
High Pulse Width  Fast    FDRE/C   n/a            0.500         4.000       3.500      SLICE_X30Y49    inst_synch/ValueCounter100Hz_reg[11]/C
High Pulse Width  Fast    FDRE/C   n/a            0.500         4.000       3.500      SLICE_X30Y50    inst_synch/ValueCounter100Hz_reg[12]/C
High Pulse Width  Fast    FDRE/C   n/a            0.500         4.000       3.500      SLICE_X30Y50    inst_synch/ValueCounter100Hz_reg[13]/C
High Pulse Width  Fast    FDRE/C   n/a            0.500         4.000       3.500      SLICE_X30Y50    inst_synch/ValueCounter100Hz_reg[14]/C
High Pulse Width  Fast    FDRE/C   n/a            0.500         4.000       3.500      SLICE_X30Y50    inst_synch/ValueCounter100Hz_reg[15]/C



