INFO: [VRFC 10-163] Analyzing VHDL file "D:/GitHub/S4_APP1/pb_APP_log_comb.srcs/sources_1/imports/src/septSegments_encodeur.vhd" into library xil_defaultlib
INFO: [VRFC 10-3107] analyzing entity 'septSegments_encodeur'
INFO: [VRFC 10-163] Analyzing VHDL file "D:/GitHub/S4_APP1/pb_APP_log_comb.srcs/sources_1/imports/src/septSegments_refreshPmod.vhd" into library xil_defaultlib
INFO: [VRFC 10-3107] analyzing entity 'septSegments_refreshPmod'
INFO: [VRFC 10-163] Analyzing VHDL file "D:/GitHub/S4_APP1/pb_APP_log_comb.srcs/sources_1/imports/src/septSegments_Top.vhd" into library xil_defaultlib
INFO: [VRFC 10-3107] analyzing entity 'septSegments_Top'
INFO: [VRFC 10-163] Analyzing VHDL file "D:/GitHub/S4_APP1/pb_APP_log_comb.srcs/sources_1/imports/src/synchro_module_v2.vhd" into library xil_defaultlib
INFO: [VRFC 10-3107] analyzing entity 'synchro_module_v2'
INFO: [VRFC 10-163] Analyzing VHDL file "D:/GitHub/S4_APP1/pb_APP_log_comb.srcs/sources_1/imports/src/AppCombi_top.vhd" into library xil_defaultlib
INFO: [VRFC 10-3107] analyzing entity 'AppCombi_top'
INFO: [VRFC 10-163] Analyzing VHDL file "D:/GitHub/S4_APP1/pb_APP_log_comb.srcs/sources_1/new/inst_deco.vhd" into library xil_defaultlib
INFO: [VRFC 10-3107] analyzing entity 'decodeur3_8'
INFO: [VRFC 10-163] Analyzing VHDL file "D:/GitHub/S4_APP1/pb_APP_log_comb.srcs/sources_1/new/inst_parite.vhd" into library xil_defaultlib
INFO: [VRFC 10-3107] analyzing entity 'Parite'
INFO: [VRFC 10-163] Analyzing VHDL file "D:/GitHub/S4_APP1/pb_APP_log_comb.srcs/sources_1/new/inst_MUX.vhd" into library xil_defaultlib
INFO: [VRFC 10-3107] analyzing entity 'MUX'
INFO: [VRFC 10-163] Analyzing VHDL file "D:/GitHub/S4_APP1/pb_APP_log_comb.srcs/sources_1/new/inst_bin_ns.vhd" into library xil_defaultlib
INFO: [VRFC 10-3107] analyzing entity 'Bin2DualBCD_NS'
INFO: [VRFC 10-163] Analyzing VHDL file "D:/GitHub/S4_APP1/pb_APP_log_comb.srcs/sources_1/new/inst_bin_s.vhd" into library xil_defaultlib
INFO: [VRFC 10-3107] analyzing entity 'Bin2DualBCD_S'
INFO: [VRFC 10-163] Analyzing VHDL file "D:/GitHub/S4_APP1/pb_APP_log_comb.srcs/sources_1/new/inst_add.vhd" into library xil_defaultlib
INFO: [VRFC 10-3107] analyzing entity 'Add1bit'
INFO: [VRFC 10-163] Analyzing VHDL file "D:/GitHub/S4_APP1/pb_APP_log_comb.srcs/sources_1/new/inst_add_4bits.vhd" into library xil_defaultlib
INFO: [VRFC 10-3107] analyzing entity 'Add4bits'
INFO: [VRFC 10-163] Analyzing VHDL file "D:/GitHub/S4_APP1/pb_APP_log_comb.srcs/sources_1/new/inst_moins5.vhd" into library xil_defaultlib
INFO: [VRFC 10-3107] analyzing entity 'Moins_5'
INFO: [VRFC 10-163] Analyzing VHDL file "D:/GitHub/S4_APP1/pb_APP_log_comb.srcs/sources_1/new/inst_Bin2DualBCD.vhd" into library xil_defaultlib
INFO: [VRFC 10-3107] analyzing entity 'Bin2DualBCD'
INFO: [VRFC 10-163] Analyzing VHDL file "D:/GitHub/S4_APP1/pb_APP_log_comb.srcs/sources_1/new/inst_add8bits.vhd" into library xil_defaultlib
INFO: [VRFC 10-3107] analyzing entity 'Add12bit'
INFO: [VRFC 10-163] Analyzing VHDL file "D:/GitHub/S4_APP1/pb_APP_log_comb.srcs/sources_1/new/inst_2_3.vhd" into library xil_defaultlib
INFO: [VRFC 10-3107] analyzing entity 'Fct2_3'
INFO: [VRFC 10-163] Analyzing VHDL file "D:/GitHub/S4_APP1/pb_APP_log_comb.srcs/sources_1/new/inst_lecture2bin.vhd" into library xil_defaultlib
INFO: [VRFC 10-3107] analyzing entity 'Thermo2'
INFO: [VRFC 10-163] Analyzing VHDL file "D:/GitHub/S4_APP1/pb_APP_log_comb.srcs/sources_1/new/inst_thermo2bin.vhd" into library xil_defaultlib
INFO: [VRFC 10-3107] analyzing entity 'Thermo2bin'
INFO: [VRFC 10-163] Analyzing VHDL file "D:/GitHub/S4_APP1/pb_APP_log_comb.srcs/sources_1/new/inst_check_erreur.vhd" into library xil_defaultlib
INFO: [VRFC 10-3107] analyzing entity 'check_erreur'
INFO: [VRFC 10-163] Analyzing VHDL file "D:/GitHub/S4_APP1/pb_APP_log_comb.srcs/sim_1/imports/verif/AppCombi_top_tb.vhd" into library xil_defaultlib
INFO: [VRFC 10-3107] analyzing entity 'AppCombi_top_tb'
